============================= test session starts ==============================
platform darwin -- Python 3.9.6, pytest-8.4.2, pluggy-1.6.0 -- /Library/Developer/CommandLineTools/usr/bin/python3
cachedir: .pytest_cache
metadata: {'Python': '3.9.6', 'Platform': 'macOS-15.7.4-arm64-arm-64bit', 'Packages': {'pytest': '8.4.2', 'pluggy': '1.6.0'}, 'Plugins': {'asyncio': '1.2.0', 'anyio': '4.12.0', 'html': '4.1.1', 'metadata': '3.1.1', 'cov': '4.1.0', 'xdist': '3.3.1', 'flask': '1.2.0'}, 'CI': '1'}
rootdir: /Users/nimrod/Documents/TikTrack/TikTrackAppV2-phoenix
configfile: pyproject.toml
plugins: asyncio-1.2.0, anyio-4.12.0, html-4.1.1, metadata-3.1.1, cov-4.1.0, xdist-3.3.1, flask-1.2.0
asyncio: mode=strict, debug=False, asyncio_default_fixture_loop_scope=None, asyncio_default_test_loop_scope=function
collecting ... collected 127 items

agents_os_v3/tests/canary_simulation/test_phase5_canary_pipeline.py::test_phase5_canary_pipeline_happy_path PASSED [  0%]
agents_os_v3/tests/e2e/test_e2e_full_ui_survey.py::test_e2e_page_loads_and_body_marker[index.html-pipeline] PASSED [  1%]
agents_os_v3/tests/e2e/test_e2e_full_ui_survey.py::test_e2e_page_loads_and_body_marker[flow.html-flow] PASSED [  2%]
agents_os_v3/tests/e2e/test_e2e_full_ui_survey.py::test_e2e_page_loads_and_body_marker[teams.html-teams] PASSED [  3%]
agents_os_v3/tests/e2e/test_e2e_full_ui_survey.py::test_e2e_page_loads_and_body_marker[history.html-history] PASSED [  3%]
agents_os_v3/tests/e2e/test_e2e_full_ui_survey.py::test_e2e_page_loads_and_body_marker[config.html-config] PASSED [  4%]
agents_os_v3/tests/e2e/test_e2e_full_ui_survey.py::test_e2e_page_loads_and_body_marker[portfolio.html-portfolio] PASSED [  5%]
agents_os_v3/tests/e2e/test_e2e_full_ui_survey.py::test_e2e_type_a_pipeline_and_flow_domain_buttons_not_scope_select PASSED [  6%]
agents_os_v3/tests/e2e/test_e2e_full_ui_survey.py::test_e2e_type_b_pages_scope_select_no_domain_buttons_in_sidebar PASSED [  7%]
agents_os_v3/tests/e2e/test_e2e_full_ui_survey.py::test_e2e_config_page_solo_main_no_domain_scope PASSED [  7%]
agents_os_v3/tests/e2e/test_e2e_full_ui_survey.py::test_e2e_config_all_tabs_cycle PASSED [  8%]
agents_os_v3/tests/e2e/test_e2e_full_ui_survey.py::test_e2e_portfolio_all_tabs_cycle PASSED [  9%]
agents_os_v3/tests/e2e/test_e2e_full_ui_survey.py::test_e2e_pipeline_workspace_title_emphasized PASSED [ 10%]
agents_os_v3/tests/e2e/test_e2e_full_ui_survey.py::test_e2e_nav_bar_links_resolve PASSED [ 11%]
agents_os_v3/tests/e2e/test_phase3b_browser_scenarios.py::test_e2e_3_1_pipeline_preset_updates_handoff_and_sse_chip[sse_connected-SSE Connected] PASSED [ 11%]
agents_os_v3/tests/e2e/test_phase3b_browser_scenarios.py::test_e2e_3_1_pipeline_preset_updates_handoff_and_sse_chip[feedback_pass-Confirm Advance] PASSED [ 12%]
agents_os_v3/tests/e2e/test_phase3b_browser_scenarios.py::test_e2e_3_1_pipeline_nav_links_roundtrip PASSED [ 13%]
agents_os_v3/tests/e2e/test_phase3b_browser_scenarios.py::test_e2e_3_2_config_tabs_routing_templates_policies PASSED [ 14%]
agents_os_v3/tests/e2e/test_phase3b_browser_scenarios.py::test_e2e_3_3_teams_list_and_filters PASSED [ 14%]
agents_os_v3/tests/e2e/test_phase3b_browser_scenarios.py::test_e2e_3_4_portfolio_tabs_and_new_idea_modal PASSED [ 15%]
agents_os_v3/tests/e2e/test_phase3b_browser_scenarios.py::test_e2e_3_5_history_run_selector_and_timeline PASSED [ 16%]
agents_os_v3/tests/e2e/test_phase3b_browser_scenarios.py::test_e2e_3_6_system_map_section_nav PASSED [ 17%]
agents_os_v3/tests/e2e/test_smoke_index.py::test_index_loads_pipeline_view PASSED [ 18%]
agents_os_v3/tests/test_api_gate2_http.py::test_http_health_no_db PASSED [ 18%]
agents_os_v3/tests/test_api_gate2_http.py::test_http_root_serves_v3_index_at_slash PASSED [ 19%]
agents_os_v3/tests/test_api_gate2_http.py::test_http_v3_index_and_shared_css_served PASSED [ 20%]
agents_os_v3/tests/test_api_gate2_http.py::test_http_bare_api_prefix_redirects_not_404 PASSED [ 21%]
agents_os_v3/tests/test_api_gate2_http.py::test_http_missing_actor_header_post_runs PASSED [ 22%]
agents_os_v3/tests/test_api_gate2_http.py::test_http_get_teams_portfolio_8a PASSED [ 22%]
agents_os_v3/tests/test_api_gate2_http.py::test_http_get_routing_rules PASSED [ 23%]
agents_os_v3/tests/test_api_gate2_http.py::test_http_get_policies PASSED [ 24%]
agents_os_v3/tests/test_api_gate2_http.py::test_http_put_template_with_actor_header PASSED [ 25%]
agents_os_v3/tests/test_api_gate2_http.py::test_http_get_prompt_when_run_exists PASSED [ 25%]
agents_os_v3/tests/test_api_gate2_http.py::test_http_put_idea_status_forbidden_without_authority PASSED [ 26%]
agents_os_v3/tests/test_gate3_fip.py::test_il1_json_block_high_confidence PASSED [ 27%]
agents_os_v3/tests/test_gate3_fip.py::test_il2_regex_extract_medium PASSED [ 28%]
agents_os_v3/tests/test_gate3_fip.py::test_il3_raw_display_infallible PASSED [ 29%]
agents_os_v3/tests/test_gate3_fip.py::test_canonical_auto_mode PASSED    [ 29%]
agents_os_v3/tests/test_gate3_fip.py::test_valid_event_types_includes_phase_passed PASSED [ 30%]
agents_os_v3/tests/test_gate3_fip.py::test_advance_run_body_accepts_feedback_json PASSED [ 31%]
agents_os_v3/tests/test_gate3_tc15_21_api.py::test_tc15_native_file_json_block_high PASSED [ 32%]
agents_os_v3/tests/test_gate3_tc15_21_api.py::test_tc16_operator_notify_fallback_required PASSED [ 33%]
agents_os_v3/tests/test_gate3_tc15_21_api.py::test_tc17_raw_paste_regex_extract_medium PASSED [ 33%]
agents_os_v3/tests/test_gate3_tc15_21_api.py::test_tc18_get_state_next_action_confirm_advance PASSED [ 34%]
agents_os_v3/tests/test_gate3_tc15_21_api.py::test_tc19_advance_prefills_summary_from_pending_feedback PASSED [ 35%]
agents_os_v3/tests/test_gate3_tc15_21_api.py::test_tc20_post_fail_whitespace_reason_missing_reason PASSED [ 36%]
agents_os_v3/tests/test_gate3_tc15_21_api.py::test_tc21_sse_receives_event_after_advance PASSED [ 37%]
agents_os_v3/tests/test_gate4_canary_smoke.py::test_flow_html_exists PASSED [ 37%]
agents_os_v3/tests/test_gate4_canary_smoke.py::test_flow_html_system_map_nav_link PASSED [ 38%]
agents_os_v3/tests/test_gate4_canary_smoke.py::test_flow_html_eight_section_anchors PASSED [ 39%]
agents_os_v3/tests/test_gate4_canary_smoke.py::test_flow_html_subnav_present PASSED [ 40%]
agents_os_v3/tests/test_gate4_canary_smoke.py::test_flow_html_version_footer PASSED [ 40%]
agents_os_v3/tests/test_gate4_canary_smoke.py::test_pipeline_flow_html_exists PASSED [ 41%]
agents_os_v3/tests/test_gate4_canary_smoke.py::test_pipeline_flow_html_eight_sections_intact PASSED [ 42%]
agents_os_v3/tests/test_gate4_canary_smoke.py::test_file_index_has_flow_html_gate4_entry PASSED [ 43%]
agents_os_v3/tests/test_gate4_tc19_26_api.py::test_tc22_put_engine_non_principal_forbidden PASSED [ 44%]
agents_os_v3/tests/test_gate4_tc19_26_api.py::test_tc23_post_idea_domain_and_bug_type PASSED [ 44%]
agents_os_v3/tests/test_gate4_tc19_26_api.py::test_tc24_post_idea_invalid_type PASSED [ 45%]
agents_os_v3/tests/test_gate4_tc19_26_api.py::test_tc25_work_package_detail_linked_run PASSED [ 46%]
agents_os_v3/tests/test_gate4_tc19_26_api.py::test_tc26_runs_filter_by_current_gate_id PASSED [ 47%]
agents_os_v3/tests/test_gate4_ui_mock_regression.py::test_app_js_mock_query_and_meta_documented PASSED [ 48%]
agents_os_v3/tests/test_gate4_ui_mock_regression.py::test_index_html_links_api_client_and_app PASSED [ 48%]
agents_os_v3/tests/test_integration_gate2.py::test_gate2_crossmodule_routing_to_builder_pipeline PASSED [ 49%]
agents_os_v3/tests/test_integration_gate2.py::test_gate2_crossmodule_machine_ledger_atomic_rollback PASSED [ 50%]
agents_os_v3/tests/test_integration_gate2.py::test_gate2_crossmodule_machine_exception_signals_authority PASSED [ 51%]
agents_os_v3/tests/test_integration_gate2.py::test_gate2_crossmodule_sentinel_bypass_definitions_shaped_run PASSED [ 51%]
agents_os_v3/tests/test_layer0_definitions.py::test_create_run_body_defaults PASSED [ 52%]
agents_os_v3/tests/test_layer0_definitions.py::test_advance_run_body_summary_field PASSED [ 53%]
agents_os_v3/tests/test_layer0_definitions.py::test_fail_run_body_rejects_empty_reason PASSED [ 54%]
agents_os_v3/tests/test_layer0_definitions.py::test_pause_snapshot_schema_accepts_canonical_shape PASSED [ 55%]
agents_os_v3/tests/test_layer0_definitions.py::test_pause_snapshot_schema_rejects_extra_top_level_key PASSED [ 55%]
agents_os_v3/tests/test_layer0_definitions.py::test_orchestrator_constants PASSED [ 56%]
agents_os_v3/tests/test_layer1_governance.py::test_insert_artifact_calls_execute_with_wp_and_path PASSED [ 57%]
agents_os_v3/tests/test_layer1_governance.py::test_mark_status_updates_row PASSED [ 58%]
agents_os_v3/tests/test_layer1_repository.py::test_compute_event_hash_is_deterministic PASSED [ 59%]
agents_os_v3/tests/test_layer1_repository.py::test_compute_event_hash_changes_when_sequence_changes PASSED [ 59%]
agents_os_v3/tests/test_layer1_state_errors.py::test_state_machine_error_fields PASSED [ 60%]
agents_os_v3/tests/test_layer2_prompting_builder.py::test_assemble_rejects_paused_run PASSED [ 61%]
agents_os_v3/tests/test_layer2_prompting_builder.py::test_assemble_template_not_found PASSED [ 62%]
agents_os_v3/tests/test_layer2_prompting_builder.py::test_assemble_routing_unresolved_when_no_actor PASSED [ 62%]
agents_os_v3/tests/test_layer2_prompting_builder.py::test_assemble_success_sets_token_budget_warning_none_ad_s6_07 PASSED [ 63%]
agents_os_v3/tests/test_layer2_prompting_builder.py::test_assemble_second_call_uses_cache_when_same_key PASSED [ 64%]
agents_os_v3/tests/test_layer2_prompting_cache.py::test_cache_get_set_roundtrip PASSED [ 65%]
agents_os_v3/tests/test_layer2_prompting_cache.py::test_cache_clear_prefix_removes_matching_keys PASSED [ 66%]
agents_os_v3/tests/test_layer2_prompting_cache.py::test_ad_s6_01_no_standalone_l1_l3_cache_keys_in_module PASSED [ 66%]
agents_os_v3/tests/test_layer2_prompting_templates.py::test_get_active_template_returns_dict_when_row_present PASSED [ 67%]
agents_os_v3/tests/test_layer2_prompting_templates.py::test_get_active_template_returns_none_when_no_row PASSED [ 68%]
agents_os_v3/tests/test_layer2_routing_resolver.py::test_resolve_returns_none_when_paused_ad_s5_02 PASSED [ 69%]
agents_os_v3/tests/test_layer2_routing_resolver.py::test_resolve_returns_none_when_complete PASSED [ 70%]
agents_os_v3/tests/test_layer2_routing_resolver.py::test_resolve_returns_none_when_no_matching_rule PASSED [ 70%]
agents_os_v3/tests/test_layer2_routing_resolver.py::test_resolve_uses_assignment_when_no_state_key PASSED [ 71%]
agents_os_v3/tests/test_layer2_routing_resolver.py::test_resolve_sentinel_state_key_skips_assignment PASSED [ 72%]
agents_os_v3/tests/test_layer2_routing_resolver.py::test_resolve_returns_none_when_assignment_missing PASSED [ 73%]
agents_os_v3/tests/test_layer2_state_machine.py::test_get_run_raises_not_found PASSED [ 74%]
agents_os_v3/tests/test_layer2_state_machine.py::test_approve_run_insufficient_authority_non_principal PASSED [ 74%]
agents_os_v3/tests/test_layer2_state_machine.py::test_pause_run_insufficient_authority_non_principal PASSED [ 75%]
agents_os_v3/tests/test_layer2_state_machine.py::test_execute_transition_invalid_action_propagates PASSED [ 76%]
agents_os_v3/tests/test_remediation_phase1_api.py::test_get_team_detail_ok PASSED [ 77%]
agents_os_v3/tests/test_remediation_phase1_api.py::test_get_team_detail_not_found PASSED [ 77%]
agents_os_v3/tests/test_remediation_phase1_api.py::test_override_actor_mismatch PASSED [ 78%]
agents_os_v3/tests/test_remediation_phase1_api.py::test_override_insufficient_authority PASSED [ 79%]
agents_os_v3/tests/test_remediation_phase1_api.py::test_delete_routing_rule_forbidden PASSED [ 80%]
agents_os_v3/tests/test_remediation_phase1_api.py::test_put_policy_forbidden PASSED [ 81%]
agents_os_v3/tests/test_remediation_phase2_api_contracts.py::test_phase2_get_team_detail_includes_hierarchy_and_assignment_flag PASSED [ 81%]
agents_os_v3/tests/test_remediation_phase2_api_contracts.py::test_phase2_override_force_pass_in_progress_advances_phase PASSED [ 82%]
agents_os_v3/tests/test_remediation_phase2_api_contracts.py::test_phase2_override_force_pause_requires_snapshot PASSED [ 83%]
agents_os_v3/tests/test_remediation_phase2_api_contracts.py::test_phase2_override_force_pause_with_valid_snapshot PASSED [ 84%]
agents_os_v3/tests/test_remediation_phase2_api_contracts.py::test_phase2_override_force_resume_after_pause PASSED [ 85%]
agents_os_v3/tests/test_remediation_phase2_api_contracts.py::test_phase2_override_terminal_complete_returns_409 PASSED [ 85%]
agents_os_v3/tests/test_remediation_phase2_api_contracts.py::test_phase2_override_force_fail_moves_to_correction PASSED [ 86%]
agents_os_v3/tests/test_remediation_phase2_api_contracts.py::test_phase2_delete_routing_rule_team00_removes_from_list PASSED [ 87%]
agents_os_v3/tests/test_remediation_phase2_api_contracts.py::test_phase2_put_policy_team00_updates_listed_value PASSED [ 88%]
agents_os_v3/tests/test_remediation_phase5_canary_simulation.py::test_phase5_canary_five_pipeline_steps_single_run PASSED [ 88%]
agents_os_v3/tests/test_tc01_14_module_map_integration.py::test_tc01_full_run_happy_path_complete PASSED [ 89%]
agents_os_v3/tests/test_tc01_14_module_map_integration.py::test_tc02_blocking_fail_correction_resubmit_advance PASSED [ 90%]
agents_os_v3/tests/test_tc01_14_module_map_integration.py::test_tc03_advisory_fail_stays_in_progress PASSED [ 91%]
agents_os_v3/tests/test_tc01_14_module_map_integration.py::test_tc04_human_gate_principal_approve PASSED [ 92%]
agents_os_v3/tests/test_tc01_14_module_map_integration.py::test_tc05_pause_resume_gate_unchanged PASSED [ 92%]
agents_os_v3/tests/test_tc01_14_module_map_integration.py::test_tc06_paused_state_actor_null_sentinel PASSED [ 93%]
agents_os_v3/tests/test_tc01_14_module_map_integration.py::test_tc07_sentinel_bypass_routing PASSED [ 94%]
agents_os_v3/tests/test_tc01_14_module_map_integration.py::test_tc08_routing_unresolved_on_initiate PASSED [ 95%]
agents_os_v3/tests/test_tc01_14_module_map_integration.py::test_tc09_atomic_tx_rollback_on_ledger_fail PASSED [ 96%]
agents_os_v3/tests/test_tc01_14_module_map_integration.py::test_tc10_principal_override_force_pass_from_correction PASSED [ 96%]
agents_os_v3/tests/test_tc01_14_module_map_integration.py::test_tc11_admin_template_update_version_bump PASSED [ 97%]
agents_os_v3/tests/test_tc01_14_module_map_integration.py::test_tc12_max_correction_cycles_escalation_on_resubmit PASSED [ 98%]
agents_os_v3/tests/test_tc01_14_module_map_integration.py::test_tc13_get_history_pagination_filtered_total PASSED [ 99%]
agents_os_v3/tests/test_tc01_14_module_map_integration.py::test_tc14_wrong_actor_advance_forbidden PASSED [100%]

=============================== warnings summary ===============================
agents_os_v3/tests/e2e/test_e2e_full_ui_survey.py::test_e2e_page_loads_and_body_marker[index.html-pipeline]
  /Users/nimrod/Library/Python/3.9/lib/python/site-packages/urllib3/__init__.py:35: NotOpenSSLWarning: urllib3 v2 only supports OpenSSL 1.1.1+, currently the 'ssl' module is compiled with 'LibreSSL 2.8.3'. See: https://github.com/urllib3/urllib3/issues/3020
    warnings.warn(

agents_os_v3/tests/test_gate3_tc15_21_api.py::test_tc21_sse_receives_event_after_advance
  /Users/nimrod/Library/Python/3.9/lib/python/site-packages/websockets/legacy/__init__.py:6: DeprecationWarning: websockets.legacy is deprecated; see https://websockets.readthedocs.io/en/stable/howto/upgrade.html for upgrade instructions
    warnings.warn(  # deprecated in 14.0 - 2024-11-09

agents_os_v3/tests/test_gate3_tc15_21_api.py::test_tc21_sse_receives_event_after_advance
  /Users/nimrod/Library/Python/3.9/lib/python/site-packages/uvicorn/protocols/websockets/websockets_impl.py:17: DeprecationWarning: websockets.server.WebSocketServerProtocol is deprecated
    from websockets.server import WebSocketServerProtocol

-- Docs: https://docs.pytest.org/en/stable/how-to/capture-warnings.html
================== 127 passed, 3 warnings in 83.87s (0:01:23) ==================
