<?xml version="1.0" encoding="UTF-8"?>
<coverage generated="1763160336259" clover="3.2.0">
  <project timestamp="1763160336259" name="All files">
    <metrics statements="2637" coveredstatements="2428" conditionals="2780" coveredconditionals="1854" methods="331" coveredmethods="308" elements="5748" coveredelements="4590" complexity="0" loc="2637" ncloc="2637" packages="3" files="10" classes="10"/>
    <package name="scripts">
      <metrics statements="2203" coveredstatements="2041" conditionals="2368" coveredconditionals="1577" methods="258" coveredmethods="240"/>
      <file name="button-system-demo-core.js" path="/Users/nimrod/Documents/TikTrack/TikTrackApp/trading-ui/scripts/button-system-demo-core.js">
        <metrics statements="513" coveredstatements="472" conditionals="277" coveredconditionals="195" methods="81" coveredmethods="75"/>
        <line num="6" count="24" type="stmt"/>
        <line num="36" count="24" type="stmt"/>
        <line num="42" count="24" type="stmt"/>
        <line num="51" count="24" type="stmt"/>
        <line num="52" count="24" type="stmt"/>
        <line num="54" count="24" type="stmt"/>
        <line num="66" count="24" type="stmt"/>
        <line num="72" count="24" type="stmt"/>
        <line num="78" count="24" type="stmt"/>
        <line num="83" count="24" type="stmt"/>
        <line num="84" count="24" type="stmt"/>
        <line num="85" count="24" type="stmt"/>
        <line num="86" count="24" type="stmt"/>
        <line num="88" count="24" type="stmt"/>
        <line num="119" count="2097" type="cond" truecount="1" falsecount="1"/>
        <line num="120" count="0" type="stmt"/>
        <line num="122" count="2097" type="cond" truecount="2" falsecount="0"/>
        <line num="126" count="1974" type="cond" truecount="3" falsecount="1"/>
        <line num="127" count="0" type="stmt"/>
        <line num="129" count="1974" type="stmt"/>
        <line num="135" count="2872" type="cond" truecount="1" falsecount="1"/>
        <line num="136" count="2872" type="cond" truecount="3" falsecount="1"/>
        <line num="140" count="5093" type="cond" truecount="1" falsecount="1"/>
        <line num="141" count="5093" type="cond" truecount="3" falsecount="0"/>
        <line num="145" count="1431" type="cond" truecount="1" falsecount="2"/>
        <line num="149" count="1431" type="cond" truecount="1" falsecount="1"/>
        <line num="150" count="0" type="stmt"/>
        <line num="152" count="1431" type="cond" truecount="1" falsecount="1"/>
        <line num="153" count="1431" type="cond" truecount="2" falsecount="0"/>
        <line num="154" count="1431" type="cond" truecount="2" falsecount="0"/>
        <line num="155" count="1431" type="cond" truecount="2" falsecount="0"/>
        <line num="156" count="1431" type="stmt"/>
        <line num="160" count="1431" type="stmt"/>
        <line num="165" count="1431" type="cond" truecount="2" falsecount="0"/>
        <line num="166" count="1378" type="stmt"/>
        <line num="169" count="1431" type="cond" truecount="2" falsecount="0"/>
        <line num="170" count="106" type="stmt"/>
        <line num="173" count="1431" type="cond" truecount="4" falsecount="0"/>
        <line num="174" count="212" type="cond" truecount="2" falsecount="0"/>
        <line num="177" count="1431" type="cond" truecount="2" falsecount="0"/>
        <line num="178" count="159" type="stmt"/>
        <line num="181" count="1431" type="stmt"/>
        <line num="183" count="1431" type="stmt"/>
        <line num="187" count="1431" type="stmt"/>
        <line num="191" count="53" type="stmt"/>
        <line num="199" count="1431" type="stmt"/>
        <line num="207" count="4201" type="stmt"/>
        <line num="208" count="4201" type="stmt"/>
        <line num="209" count="4201" type="stmt"/>
        <line num="210" count="4201" type="stmt"/>
        <line num="211" count="4201" type="cond" truecount="1" falsecount="1"/>
        <line num="212" count="0" type="stmt"/>
        <line num="214" count="4201" type="cond" truecount="1" falsecount="1"/>
        <line num="215" count="0" type="stmt"/>
        <line num="217" count="4201" type="cond" truecount="2" falsecount="0"/>
        <line num="218" count="202" type="stmt"/>
        <line num="221" count="4201" type="cond" truecount="2" falsecount="0"/>
        <line num="222" count="4201" type="cond" truecount="1" falsecount="1"/>
        <line num="224" count="4201" type="cond" truecount="3" falsecount="0"/>
        <line num="226" count="1333" type="stmt"/>
        <line num="227" count="1333" type="stmt"/>
        <line num="228" count="1333" type="stmt"/>
        <line num="230" count="1333" type="stmt"/>
        <line num="231" count="1333" type="stmt"/>
        <line num="232" count="1333" type="stmt"/>
        <line num="234" count="1535" type="stmt"/>
        <line num="235" count="1535" type="stmt"/>
        <line num="236" count="1535" type="stmt"/>
        <line num="239" count="4201" type="stmt"/>
        <line num="240" count="4201" type="stmt"/>
        <line num="244" count="1333" type="stmt"/>
        <line num="245" count="1333" type="stmt"/>
        <line num="247" count="1333" type="cond" truecount="1" falsecount="1"/>
        <line num="248" count="1333" type="stmt"/>
        <line num="249" count="1333" type="stmt"/>
        <line num="250" count="1333" type="cond" truecount="2" falsecount="1"/>
        <line num="252" count="1333" type="stmt"/>
        <line num="253" count="1333" type="cond" truecount="1" falsecount="1"/>
        <line num="255" count="1333" type="stmt"/>
        <line num="256" count="1333" type="stmt"/>
        <line num="257" count="1333" type="stmt"/>
        <line num="260" count="24" type="stmt"/>
        <line num="264" count="53" type="stmt"/>
        <line num="265" count="53" type="stmt"/>
        <line num="266" count="1431" type="stmt"/>
        <line num="267" count="1431" type="stmt"/>
        <line num="268" count="1431" type="stmt"/>
        <line num="269" count="1431" type="stmt"/>
        <line num="271" count="1431" type="stmt"/>
        <line num="290" count="53" type="stmt"/>
        <line num="291" count="53" type="stmt"/>
        <line num="292" count="1431" type="stmt"/>
        <line num="293" count="1431" type="stmt"/>
        <line num="298" count="24" type="stmt"/>
        <line num="301" count="56" type="cond" truecount="2" falsecount="0"/>
        <line num="302" count="56" type="stmt"/>
        <line num="303" count="1512" type="cond" truecount="2" falsecount="0"/>
        <line num="304" count="1512" type="cond" truecount="2" falsecount="0"/>
        <line num="305" count="153" type="stmt"/>
        <line num="307" count="1359" type="cond" truecount="2" falsecount="0"/>
        <line num="308" count="1332" type="stmt"/>
        <line num="310" count="27" type="stmt"/>
        <line num="316" count="27" type="stmt"/>
        <line num="321" count="3999" type="stmt"/>
        <line num="323" count="3999" type="cond" truecount="3" falsecount="1"/>
        <line num="324" count="0" type="stmt"/>
        <line num="325" count="0" type="stmt"/>
        <line num="328" count="3999" type="stmt"/>
        <line num="329" count="3999" type="stmt"/>
        <line num="330" count="3999" type="stmt"/>
        <line num="331" count="3999" type="stmt"/>
        <line num="333" count="3999" type="stmt"/>
        <line num="334" count="3999" type="stmt"/>
        <line num="336" count="3999" type="stmt"/>
        <line num="337" count="3999" type="stmt"/>
        <line num="338" count="3999" type="stmt"/>
        <line num="339" count="3999" type="stmt"/>
        <line num="340" count="3999" type="stmt"/>
        <line num="341" count="3999" type="stmt"/>
        <line num="343" count="3999" type="stmt"/>
        <line num="344" count="3999" type="stmt"/>
        <line num="348" count="1333" type="stmt"/>
        <line num="349" count="1333" type="stmt"/>
        <line num="350" count="1333" type="cond" truecount="1" falsecount="1"/>
        <line num="351" count="1333" type="cond" truecount="1" falsecount="1"/>
        <line num="353" count="1333" type="stmt"/>
        <line num="354" count="1333" type="stmt"/>
        <line num="355" count="1333" type="stmt"/>
        <line num="356" count="1333" type="stmt"/>
        <line num="358" count="1333" type="stmt"/>
        <line num="364" count="1333" type="stmt"/>
        <line num="365" count="3999" type="stmt"/>
        <line num="366" count="3999" type="stmt"/>
        <line num="368" count="3999" type="stmt"/>
        <line num="369" count="3999" type="stmt"/>
        <line num="370" count="3999" type="stmt"/>
        <line num="371" count="3999" type="stmt"/>
        <line num="373" count="3999" type="stmt"/>
        <line num="374" count="3999" type="stmt"/>
        <line num="377" count="1333" type="cond" truecount="2" falsecount="0"/>
        <line num="378" count="202" type="stmt"/>
        <line num="379" count="202" type="stmt"/>
        <line num="380" count="202" type="stmt"/>
        <line num="381" count="202" type="stmt"/>
        <line num="382" count="202" type="stmt"/>
        <line num="383" count="202" type="stmt"/>
        <line num="384" count="202" type="stmt"/>
        <line num="385" count="202" type="stmt"/>
        <line num="388" count="1333" type="stmt"/>
        <line num="389" count="1333" type="stmt"/>
        <line num="391" count="1333" type="stmt"/>
        <line num="392" count="1333" type="stmt"/>
        <line num="393" count="1333" type="stmt"/>
        <line num="395" count="1333" type="stmt"/>
        <line num="396" count="1333" type="stmt"/>
        <line num="397" count="1333" type="stmt"/>
        <line num="399" count="1333" type="stmt"/>
        <line num="400" count="1333" type="stmt"/>
        <line num="401" count="1333" type="stmt"/>
        <line num="403" count="1333" type="stmt"/>
        <line num="404" count="1333" type="stmt"/>
        <line num="405" count="1333" type="stmt"/>
        <line num="407" count="1333" type="stmt"/>
        <line num="408" count="1333" type="stmt"/>
        <line num="410" count="1333" type="stmt"/>
        <line num="411" count="1333" type="stmt"/>
        <line num="412" count="1333" type="stmt"/>
        <line num="413" count="1333" type="stmt"/>
        <line num="414" count="1333" type="stmt"/>
        <line num="415" count="1333" type="stmt"/>
        <line num="417" count="1333" type="stmt"/>
        <line num="418" count="1333" type="stmt"/>
        <line num="419" count="1333" type="stmt"/>
        <line num="420" count="1333" type="stmt"/>
        <line num="421" count="1333" type="stmt"/>
        <line num="422" count="1333" type="stmt"/>
        <line num="424" count="1333" type="stmt"/>
        <line num="425" count="1333" type="stmt"/>
        <line num="429" count="56" type="stmt"/>
        <line num="430" count="56" type="stmt"/>
        <line num="431" count="56" type="stmt"/>
        <line num="432" count="56" type="stmt"/>
        <line num="433" count="56" type="stmt"/>
        <line num="435" count="56" type="cond" truecount="1" falsecount="1"/>
        <line num="436" count="56" type="stmt"/>
        <line num="438" count="56" type="cond" truecount="1" falsecount="1"/>
        <line num="439" count="56" type="stmt"/>
        <line num="441" count="56" type="cond" truecount="1" falsecount="1"/>
        <line num="442" count="1512" type="stmt"/>
        <line num="443" count="56" type="stmt"/>
        <line num="445" count="56" type="cond" truecount="1" falsecount="1"/>
        <line num="446" count="56" type="stmt"/>
        <line num="448" count="56" type="cond" truecount="1" falsecount="1"/>
        <line num="449" count="56" type="stmt"/>
        <line num="454" count="56" type="stmt"/>
        <line num="455" count="56" type="cond" truecount="1" falsecount="1"/>
        <line num="456" count="0" type="stmt"/>
        <line num="459" count="56" type="stmt"/>
        <line num="460" count="56" type="stmt"/>
        <line num="462" count="56" type="stmt"/>
        <line num="463" count="1333" type="stmt"/>
        <line num="466" count="56" type="cond" truecount="1" falsecount="1"/>
        <line num="467" count="56" type="stmt"/>
        <line num="470" count="56" type="stmt"/>
        <line num="471" count="56" type="stmt"/>
        <line num="475" count="0" type="stmt"/>
        <line num="479" count="172" type="cond" truecount="1" falsecount="1"/>
        <line num="480" count="0" type="stmt"/>
        <line num="482" count="172" type="stmt"/>
        <line num="483" count="768" type="cond" truecount="2" falsecount="0"/>
        <line num="484" count="170" type="stmt"/>
        <line num="485" count="170" type="stmt"/>
        <line num="487" count="598" type="stmt"/>
        <line num="488" count="598" type="stmt"/>
        <line num="494" count="29" type="cond" truecount="2" falsecount="0"/>
        <line num="495" count="5" type="stmt"/>
        <line num="496" count="5" type="stmt"/>
        <line num="499" count="24" type="stmt"/>
        <line num="500" count="24" type="cond" truecount="1" falsecount="1"/>
        <line num="501" count="0" type="stmt"/>
        <line num="504" count="24" type="stmt"/>
        <line num="505" count="24" type="stmt"/>
        <line num="506" count="72" type="stmt"/>
        <line num="507" count="72" type="stmt"/>
        <line num="508" count="72" type="stmt"/>
        <line num="509" count="72" type="stmt"/>
        <line num="510" count="72" type="stmt"/>
        <line num="511" count="72" type="stmt"/>
        <line num="512" count="0" type="cond" truecount="0" falsecount="2"/>
        <line num="513" count="0" type="stmt"/>
        <line num="515" count="0" type="stmt"/>
        <line num="516" count="0" type="stmt"/>
        <line num="517" count="0" type="stmt"/>
        <line num="518" count="0" type="stmt"/>
        <line num="519" count="0" type="stmt"/>
        <line num="521" count="72" type="stmt"/>
        <line num="524" count="24" type="stmt"/>
        <line num="525" count="24" type="stmt"/>
        <line num="529" count="184" type="stmt"/>
        <line num="530" count="184" type="stmt"/>
        <line num="532" count="184" type="stmt"/>
        <line num="533" count="634" type="stmt"/>
        <line num="534" count="634" type="stmt"/>
        <line num="535" count="634" type="stmt"/>
        <line num="537" count="634" type="stmt"/>
        <line num="538" count="634" type="stmt"/>
        <line num="540" count="634" type="cond" truecount="2" falsecount="0"/>
        <line num="541" count="299" type="stmt"/>
        <line num="542" count="299" type="stmt"/>
        <line num="543" count="299" type="stmt"/>
        <line num="544" count="299" type="stmt"/>
        <line num="547" count="634" type="stmt"/>
        <line num="548" count="634" type="cond" truecount="1" falsecount="1"/>
        <line num="549" count="634" type="stmt"/>
        <line num="551" count="634" type="stmt"/>
        <line num="552" count="634" type="stmt"/>
        <line num="553" count="634" type="stmt"/>
        <line num="556" count="184" type="stmt"/>
        <line num="560" count="192" type="stmt"/>
        <line num="562" count="192" type="stmt"/>
        <line num="563" count="192" type="stmt"/>
        <line num="564" count="192" type="stmt"/>
        <line num="566" count="192" type="stmt"/>
        <line num="567" count="192" type="cond" truecount="1" falsecount="1"/>
        <line num="568" count="192" type="stmt"/>
        <line num="570" count="192" type="stmt"/>
        <line num="571" count="192" type="cond" truecount="1" falsecount="1"/>
        <line num="572" count="192" type="stmt"/>
        <line num="574" count="192" type="stmt"/>
        <line num="575" count="192" type="stmt"/>
        <line num="576" count="192" type="stmt"/>
        <line num="577" count="192" type="stmt"/>
        <line num="578" count="192" type="stmt"/>
        <line num="579" count="192" type="cond" truecount="2" falsecount="0"/>
        <line num="580" count="192" type="stmt"/>
        <line num="581" count="192" type="stmt"/>
        <line num="582" count="192" type="cond" truecount="2" falsecount="0"/>
        <line num="583" count="192" type="stmt"/>
        <line num="584" count="192" type="stmt"/>
        <line num="585" count="192" type="stmt"/>
        <line num="587" count="192" type="stmt"/>
        <line num="588" count="192" type="cond" truecount="2" falsecount="0"/>
        <line num="589" count="184" type="stmt"/>
        <line num="591" count="8" type="stmt"/>
        <line num="593" count="192" type="stmt"/>
        <line num="595" count="192" type="stmt"/>
        <line num="596" count="192" type="stmt"/>
        <line num="598" count="192" type="cond" truecount="1" falsecount="1"/>
        <line num="599" count="192" type="cond" truecount="2" falsecount="0"/>
        <line num="601" count="192" type="cond" truecount="1" falsecount="1"/>
        <line num="602" count="192" type="stmt"/>
        <line num="603" count="192" type="stmt"/>
        <line num="604" count="192" type="stmt"/>
        <line num="605" count="192" type="stmt"/>
        <line num="606" count="192" type="stmt"/>
        <line num="607" count="192" type="stmt"/>
        <line num="610" count="192" type="cond" truecount="2" falsecount="0"/>
        <line num="611" count="120" type="stmt"/>
        <line num="612" count="120" type="stmt"/>
        <line num="613" count="120" type="stmt"/>
        <line num="614" count="120" type="stmt"/>
        <line num="615" count="120" type="stmt"/>
        <line num="616" count="120" type="stmt"/>
        <line num="619" count="192" type="stmt"/>
        <line num="620" count="192" type="stmt"/>
        <line num="624" count="48" type="stmt"/>
        <line num="697" count="48" type="stmt"/>
        <line num="699" count="288" type="stmt"/>
        <line num="700" count="288" type="cond" truecount="2" falsecount="0"/>
        <line num="701" count="192" type="stmt"/>
        <line num="704" count="96" type="stmt"/>
        <line num="705" count="96" type="cond" truecount="1" falsecount="1"/>
        <line num="706" count="96" type="stmt"/>
        <line num="709" count="96" type="cond" truecount="1" falsecount="1"/>
        <line num="710" count="336" type="stmt"/>
        <line num="711" count="336" type="cond" truecount="2" falsecount="0"/>
        <line num="712" count="288" type="stmt"/>
        <line num="716" count="96" type="stmt"/>
        <line num="729" count="4" type="stmt"/>
        <line num="730" count="108" type="stmt"/>
        <line num="731" count="108" type="stmt"/>
        <line num="734" count="4" type="stmt"/>
        <line num="735" count="376" type="stmt"/>
        <line num="737" count="108" type="stmt"/>
        <line num="738" count="108" type="stmt"/>
        <line num="739" count="108" type="stmt"/>
        <line num="740" count="108" type="stmt"/>
        <line num="756" count="2" type="cond" truecount="1" falsecount="1"/>
        <line num="757" count="0" type="stmt"/>
        <line num="759" count="2" type="stmt"/>
        <line num="760" count="2" type="cond" truecount="1" falsecount="1"/>
        <line num="761" count="2" type="stmt"/>
        <line num="771" count="6" type="stmt"/>
        <line num="777" count="4" type="cond" truecount="1" falsecount="1"/>
        <line num="779" count="4" type="stmt"/>
        <line num="781" count="8" type="cond" truecount="1" falsecount="1"/>
        <line num="782" count="8" type="stmt"/>
        <line num="783" count="8" type="cond" truecount="1" falsecount="1"/>
        <line num="787" count="8" type="cond" truecount="1" falsecount="1"/>
        <line num="788" count="0" type="stmt"/>
        <line num="791" count="8" type="stmt"/>
        <line num="792" count="8" type="cond" truecount="1" falsecount="1"/>
        <line num="795" count="8" type="cond" truecount="1" falsecount="1"/>
        <line num="798" count="8" type="cond" truecount="1" falsecount="1"/>
        <line num="802" count="8" type="cond" truecount="1" falsecount="1"/>
        <line num="803" count="0" type="stmt"/>
        <line num="805" count="8" type="cond" truecount="1" falsecount="1"/>
        <line num="806" count="0" type="stmt"/>
        <line num="808" count="8" type="cond" truecount="1" falsecount="1"/>
        <line num="809" count="0" type="stmt"/>
        <line num="812" count="8" type="stmt"/>
        <line num="813" count="8" type="cond" truecount="1" falsecount="1"/>
        <line num="814" count="0" type="stmt"/>
        <line num="817" count="8" type="stmt"/>
        <line num="830" count="1" type="cond" truecount="1" falsecount="1"/>
        <line num="832" count="1" type="stmt"/>
        <line num="834" count="1" type="cond" truecount="1" falsecount="1"/>
        <line num="835" count="1" type="stmt"/>
        <line num="836" count="1" type="cond" truecount="1" falsecount="1"/>
        <line num="840" count="1" type="cond" truecount="1" falsecount="1"/>
        <line num="841" count="0" type="stmt"/>
        <line num="844" count="1" type="stmt"/>
        <line num="847" count="2" type="stmt"/>
        <line num="849" count="1" type="stmt"/>
        <line num="862" count="9" type="cond" truecount="1" falsecount="1"/>
        <line num="864" count="3" type="stmt"/>
        <line num="866" count="9" type="cond" truecount="1" falsecount="1"/>
        <line num="867" count="9" type="stmt"/>
        <line num="868" count="9" type="cond" truecount="1" falsecount="1"/>
        <line num="872" count="9" type="cond" truecount="1" falsecount="1"/>
        <line num="873" count="0" type="stmt"/>
        <line num="876" count="9" type="stmt"/>
        <line num="880" count="27" type="stmt"/>
        <line num="882" count="9" type="stmt"/>
        <line num="895" count="62" type="cond" truecount="6" falsecount="1"/>
        <line num="897" count="48" type="stmt"/>
        <line num="899" count="4" type="stmt"/>
        <line num="901" count="2" type="stmt"/>
        <line num="903" count="4" type="stmt"/>
        <line num="905" count="1" type="stmt"/>
        <line num="907" count="3" type="stmt"/>
        <line num="909" count="0" type="stmt"/>
        <line num="914" count="58" type="stmt"/>
        <line num="915" count="58" type="cond" truecount="1" falsecount="1"/>
        <line num="916" count="0" type="stmt"/>
        <line num="919" count="58" type="stmt"/>
        <line num="921" count="58" type="stmt"/>
        <line num="922" count="192" type="stmt"/>
        <line num="924" count="58" type="cond" truecount="1" falsecount="1"/>
        <line num="925" count="58" type="stmt"/>
        <line num="928" count="58" type="stmt"/>
        <line num="930" count="58" type="stmt"/>
        <line num="931" count="58" type="cond" truecount="1" falsecount="1"/>
        <line num="932" count="58" type="cond" truecount="1" falsecount="1"/>
        <line num="937" count="29" type="cond" truecount="2" falsecount="0"/>
        <line num="938" count="5" type="stmt"/>
        <line num="939" count="5" type="stmt"/>
        <line num="942" count="24" type="stmt"/>
        <line num="943" count="24" type="cond" truecount="1" falsecount="1"/>
        <line num="944" count="0" type="stmt"/>
        <line num="947" count="24" type="stmt"/>
        <line num="948" count="24" type="stmt"/>
        <line num="949" count="144" type="stmt"/>
        <line num="950" count="144" type="stmt"/>
        <line num="951" count="144" type="stmt"/>
        <line num="952" count="144" type="stmt"/>
        <line num="953" count="144" type="stmt"/>
        <line num="954" count="144" type="stmt"/>
        <line num="955" count="0" type="cond" truecount="0" falsecount="2"/>
        <line num="956" count="0" type="stmt"/>
        <line num="958" count="0" type="stmt"/>
        <line num="959" count="0" type="stmt"/>
        <line num="960" count="0" type="stmt"/>
        <line num="961" count="0" type="stmt"/>
        <line num="962" count="0" type="stmt"/>
        <line num="964" count="144" type="stmt"/>
        <line num="967" count="24" type="stmt"/>
        <line num="968" count="24" type="stmt"/>
        <line num="972" count="7" type="stmt"/>
        <line num="974" count="7" type="cond" truecount="2" falsecount="0"/>
        <line num="975" count="1" type="stmt"/>
        <line num="976" count="1" type="cond" truecount="0" falsecount="1"/>
        <line num="978" count="0" type="stmt"/>
        <line num="980" count="1" type="stmt"/>
        <line num="983" count="6" type="stmt"/>
        <line num="984" count="6" type="stmt"/>
        <line num="986" count="1" type="stmt"/>
        <line num="991" count="29" type="stmt"/>
        <line num="993" count="29" type="cond" truecount="2" falsecount="0"/>
        <line num="994" count="2" type="stmt"/>
        <line num="995" count="2" type="stmt"/>
        <line num="997" count="0" type="stmt"/>
        <line num="1001" count="29" type="cond" truecount="2" falsecount="0"/>
        <line num="1002" count="27" type="stmt"/>
        <line num="1003" count="27" type="stmt"/>
        <line num="1004" count="27" type="cond" truecount="2" falsecount="0"/>
        <line num="1005" count="1" type="stmt"/>
        <line num="1008" count="0" type="stmt"/>
        <line num="1012" count="29" type="cond" truecount="2" falsecount="0"/>
        <line num="1013" count="3" type="stmt"/>
        <line num="1016" count="29" type="cond" truecount="1" falsecount="1"/>
        <line num="1017" count="29" type="cond" truecount="1" falsecount="1"/>
        <line num="1021" count="29" type="stmt"/>
        <line num="1022" count="29" type="stmt"/>
        <line num="1024" count="29" type="stmt"/>
        <line num="1025" count="29" type="stmt"/>
        <line num="1026" count="29" type="stmt"/>
        <line num="1027" count="29" type="stmt"/>
        <line num="1029" count="29" type="cond" truecount="2" falsecount="0"/>
        <line num="1030" count="1" type="stmt"/>
        <line num="1035" count="1" type="stmt"/>
        <line num="1038" count="24" type="stmt"/>
        <line num="1040" count="2" type="stmt"/>
        <line num="1041" count="2" type="cond" truecount="1" falsecount="1"/>
        <line num="1042" count="2" type="stmt"/>
        <line num="1044" count="2" type="cond" truecount="2" falsecount="0"/>
        <line num="1045" count="1" type="stmt"/>
        <line num="1046" count="1" type="cond" truecount="1" falsecount="1"/>
        <line num="1047" count="1" type="stmt"/>
        <line num="1049" count="0" type="stmt"/>
        <line num="1053" count="1" type="cond" truecount="1" falsecount="1"/>
        <line num="1057" count="24" type="stmt"/>
        <line num="1059" count="3" type="stmt"/>
        <line num="1062" count="2" type="cond" truecount="3" falsecount="1"/>
        <line num="1063" count="0" type="stmt"/>
        <line num="1065" count="2" type="stmt"/>
        <line num="1066" count="2" type="stmt"/>
        <line num="1067" count="2" type="stmt"/>
        <line num="1068" count="2" type="stmt"/>
        <line num="1071" count="6" type="cond" truecount="4" falsecount="0"/>
        <line num="1072" count="1" type="stmt"/>
        <line num="1074" count="5" type="stmt"/>
        <line num="1075" count="5" type="stmt"/>
        <line num="1076" count="5" type="stmt"/>
        <line num="1077" count="5" type="stmt"/>
        <line num="1080" count="6" type="stmt"/>
        <line num="1081" count="6" type="cond" truecount="2" falsecount="0"/>
        <line num="1082" count="1" type="stmt"/>
        <line num="1085" count="5" type="stmt"/>
        <line num="1086" count="5" type="cond" truecount="2" falsecount="0"/>
        <line num="1087" count="2" type="stmt"/>
        <line num="1088" count="3" type="cond" truecount="2" falsecount="0"/>
        <line num="1089" count="1" type="stmt"/>
        <line num="1090" count="2" type="cond" truecount="2" falsecount="0"/>
        <line num="1091" count="1" type="stmt"/>
        <line num="1094" count="5" type="cond" truecount="4" falsecount="0"/>
        <line num="1095" count="1" type="stmt"/>
        <line num="1096" count="1" type="stmt"/>
        <line num="1099" count="4" type="cond" truecount="2" falsecount="0"/>
        <line num="1100" count="2" type="stmt"/>
        <line num="1101" count="2" type="cond" truecount="1" falsecount="1"/>
        <line num="1102" count="2" type="stmt"/>
        <line num="1103" count="1" type="stmt"/>
        <line num="1108" count="4" type="cond" truecount="2" falsecount="0"/>
        <line num="1109" count="4" type="cond" truecount="2" falsecount="0"/>
        <line num="1110" count="1" type="stmt"/>
        <line num="1111" count="1" type="stmt"/>
        <line num="1114" count="3" type="cond" truecount="2" falsecount="0"/>
        <line num="1115" count="1" type="stmt"/>
        <line num="1116" count="2" type="cond" truecount="1" falsecount="1"/>
        <line num="1117" count="2" type="stmt"/>
        <line num="1118" count="1" type="stmt"/>
        <line num="1123" count="1" type="cond" truecount="1" falsecount="1"/>
        <line num="1126" count="4" type="stmt"/>
        <line num="1130" count="24" type="stmt"/>
        <line num="1131" count="24" type="stmt"/>
        <line num="1133" count="24" type="stmt"/>
        <line num="1134" count="5" type="stmt"/>
        <line num="1137" count="24" type="stmt"/>
        <line num="1138" count="24" type="stmt"/>
        <line num="1140" count="24" type="stmt"/>
        <line num="1141" count="24" type="stmt"/>
        <line num="1142" count="24" type="stmt"/>
      </file>
      <file name="color-scheme-system.js" path="/Users/nimrod/Documents/TikTrack/TikTrackApp/trading-ui/scripts/color-scheme-system.js">
        <metrics statements="612" coveredstatements="584" conditionals="713" coveredconditionals="388" methods="78" coveredmethods="76"/>
        <line num="16" count="56" type="stmt"/>
        <line num="18" count="56" type="cond" truecount="2" falsecount="0"/>
        <line num="19" count="1" type="stmt"/>
        <line num="20" count="1" type="stmt"/>
        <line num="23" count="55" type="stmt"/>
        <line num="30" count="55" type="stmt"/>
        <line num="31" count="55" type="stmt"/>
        <line num="32" count="55" type="stmt"/>
        <line num="33" count="55" type="stmt"/>
        <line num="34" count="55" type="stmt"/>
        <line num="35" count="55" type="stmt"/>
        <line num="36" count="55" type="stmt"/>
        <line num="37" count="55" type="stmt"/>
        <line num="38" count="55" type="stmt"/>
        <line num="39" count="55" type="stmt"/>
        <line num="41" count="55" type="stmt"/>
        <line num="59" count="55" type="stmt"/>
        <line num="77" count="55" type="stmt"/>
        <line num="95" count="55" type="stmt"/>
        <line num="113" count="55" type="stmt"/>
        <line num="131" count="55" type="stmt"/>
        <line num="149" count="55" type="stmt"/>
        <line num="161" count="55" type="stmt"/>
        <line num="179" count="55" type="stmt"/>
        <line num="199" count="168" type="stmt"/>
        <line num="200" count="165" type="cond" truecount="2" falsecount="0"/>
        <line num="208" count="51" type="stmt"/>
        <line num="209" count="50" type="cond" truecount="2" falsecount="0"/>
        <line num="211" count="49" type="stmt"/>
        <line num="212" count="49" type="stmt"/>
        <line num="216" count="99" type="stmt"/>
        <line num="217" count="97" type="cond" truecount="1" falsecount="1"/>
        <line num="219" count="97" type="stmt"/>
        <line num="220" count="97" type="stmt"/>
        <line num="226" count="8" type="cond" truecount="2" falsecount="0"/>
        <line num="227" count="5" type="stmt"/>
        <line num="230" count="3" type="stmt"/>
        <line num="231" count="3" type="cond" truecount="2" falsecount="0"/>
        <line num="232" count="1" type="stmt"/>
        <line num="235" count="2" type="cond" truecount="1" falsecount="1"/>
        <line num="236" count="2" type="stmt"/>
        <line num="241" count="152" type="cond" truecount="2" falsecount="0"/>
        <line num="242" count="151" type="stmt"/>
        <line num="245" count="1" type="stmt"/>
        <line num="246" count="1" type="cond" truecount="1" falsecount="1"/>
        <line num="247" count="1" type="stmt"/>
        <line num="250" count="0" type="stmt"/>
        <line num="255" count="152" type="cond" truecount="2" falsecount="0"/>
        <line num="256" count="151" type="stmt"/>
        <line num="259" count="1" type="stmt"/>
        <line num="260" count="1" type="cond" truecount="1" falsecount="1"/>
        <line num="261" count="1" type="stmt"/>
        <line num="264" count="0" type="stmt"/>
        <line num="268" count="151" type="cond" truecount="1" falsecount="1"/>
        <line num="272" count="11" type="stmt"/>
        <line num="276" count="2" type="stmt"/>
        <line num="291" count="2" type="cond" truecount="2" falsecount="0"/>
        <line num="296" count="31" type="cond" truecount="2" falsecount="0"/>
        <line num="300" count="10" type="stmt"/>
        <line num="301" count="10" type="stmt"/>
        <line num="305" count="10" type="stmt"/>
        <line num="309" count="10" type="stmt"/>
        <line num="310" count="10" type="stmt"/>
        <line num="315" count="5" type="cond" truecount="1" falsecount="1"/>
        <line num="316" count="5" type="cond" truecount="2" falsecount="0"/>
        <line num="320" count="1" type="stmt"/>
        <line num="324" count="1" type="stmt"/>
        <line num="328" count="1" type="stmt"/>
        <line num="333" count="7" type="cond" truecount="2" falsecount="0"/>
        <line num="334" count="3" type="cond" truecount="1" falsecount="1"/>
        <line num="335" count="4" type="cond" truecount="2" falsecount="0"/>
        <line num="336" count="2" type="cond" truecount="1" falsecount="1"/>
        <line num="338" count="2" type="cond" truecount="1" falsecount="1"/>
        <line num="343" count="1" type="stmt"/>
        <line num="347" count="1" type="stmt"/>
        <line num="351" count="1" type="stmt"/>
        <line num="355" count="4" type="stmt"/>
        <line num="359" count="3" type="stmt"/>
        <line num="363" count="1" type="stmt"/>
        <line num="367" count="4" type="cond" truecount="2" falsecount="0"/>
        <line num="368" count="3" type="cond" truecount="2" falsecount="0"/>
        <line num="369" count="1" type="stmt"/>
        <line num="373" count="3" type="stmt"/>
        <line num="378" count="10" type="stmt"/>
        <line num="379" count="10" type="stmt"/>
        <line num="380" count="151" type="stmt"/>
        <line num="388" count="10" type="stmt"/>
        <line num="402" count="3" type="stmt"/>
        <line num="403" count="3" type="stmt"/>
        <line num="404" count="3" type="cond" truecount="2" falsecount="0"/>
        <line num="405" count="1" type="stmt"/>
        <line num="406" count="1" type="stmt"/>
        <line num="410" count="2" type="stmt"/>
        <line num="411" count="2" type="stmt"/>
        <line num="412" count="2" type="cond" truecount="4" falsecount="0"/>
        <line num="413" count="1" type="stmt"/>
        <line num="417" count="1" type="cond" truecount="1" falsecount="1"/>
        <line num="418" count="0" type="stmt"/>
        <line num="422" count="1" type="stmt"/>
        <line num="423" count="16" type="stmt"/>
        <line num="424" count="16" type="stmt"/>
        <line num="427" count="1" type="stmt"/>
        <line num="431" count="2" type="stmt"/>
        <line num="432" count="2" type="stmt"/>
        <line num="433" count="2" type="cond" truecount="4" falsecount="0"/>
        <line num="434" count="1" type="stmt"/>
        <line num="438" count="1" type="cond" truecount="1" falsecount="1"/>
        <line num="439" count="0" type="stmt"/>
        <line num="443" count="1" type="stmt"/>
        <line num="444" count="16" type="stmt"/>
        <line num="445" count="16" type="stmt"/>
        <line num="448" count="1" type="stmt"/>
        <line num="454" count="0" type="stmt"/>
        <line num="466" count="4" type="cond" truecount="1" falsecount="1"/>
        <line num="469" count="4" type="stmt"/>
        <line num="480" count="4" type="cond" truecount="3" falsecount="1"/>
        <line num="481" count="0" type="stmt"/>
        <line num="485" count="4" type="stmt"/>
        <line num="486" count="4" type="cond" truecount="5" falsecount="0"/>
        <line num="487" count="1" type="stmt"/>
        <line num="491" count="3" type="cond" truecount="1" falsecount="1"/>
        <line num="492" count="3" type="stmt"/>
        <line num="494" count="15" type="stmt"/>
        <line num="502" count="1" type="stmt"/>
        <line num="504" count="1" type="cond" truecount="4" falsecount="1"/>
        <line num="505" count="1" type="stmt"/>
        <line num="506" count="1" type="stmt"/>
        <line num="510" count="0" type="stmt"/>
        <line num="513" count="0" type="stmt"/>
        <line num="514" count="0" type="stmt"/>
        <line num="523" count="1" type="stmt"/>
        <line num="525" count="1" type="cond" truecount="4" falsecount="1"/>
        <line num="526" count="1" type="stmt"/>
        <line num="527" count="1" type="stmt"/>
        <line num="531" count="0" type="stmt"/>
        <line num="534" count="0" type="stmt"/>
        <line num="535" count="0" type="stmt"/>
        <line num="540" count="1" type="stmt"/>
        <line num="541" count="1" type="stmt"/>
        <line num="542" count="9" type="stmt"/>
        <line num="550" count="1" type="stmt"/>
        <line num="554" count="1" type="stmt"/>
        <line num="555" count="1" type="stmt"/>
        <line num="556" count="3" type="stmt"/>
        <line num="557" count="3" type="stmt"/>
        <line num="565" count="1" type="stmt"/>
        <line num="569" count="1" type="stmt"/>
        <line num="590" count="6" type="stmt"/>
        <line num="593" count="6" type="stmt"/>
        <line num="596" count="6" type="stmt"/>
        <line num="599" count="6" type="stmt"/>
        <line num="602" count="6" type="cond" truecount="4" falsecount="0"/>
        <line num="604" count="1" type="stmt"/>
        <line num="605" count="1" type="stmt"/>
        <line num="607" count="3" type="stmt"/>
        <line num="608" count="3" type="stmt"/>
        <line num="610" count="1" type="cond" truecount="1" falsecount="1"/>
        <line num="611" count="1" type="stmt"/>
        <line num="613" count="1" type="stmt"/>
        <line num="615" count="1" type="cond" truecount="1" falsecount="1"/>
        <line num="616" count="1" type="stmt"/>
        <line num="620" count="6" type="cond" truecount="2" falsecount="0"/>
        <line num="623" count="6" type="stmt"/>
        <line num="628" count="0" type="cond" truecount="0" falsecount="2"/>
        <line num="634" count="2" type="stmt"/>
        <line num="635" count="2" type="stmt"/>
        <line num="636" count="2" type="stmt"/>
        <line num="637" count="2" type="stmt"/>
        <line num="638" count="2" type="stmt"/>
        <line num="639" count="2" type="stmt"/>
        <line num="644" count="3" type="stmt"/>
        <line num="645" count="3" type="stmt"/>
        <line num="646" count="3" type="stmt"/>
        <line num="647" count="3" type="stmt"/>
        <line num="648" count="3" type="stmt"/>
        <line num="649" count="3" type="stmt"/>
        <line num="653" count="1" type="stmt"/>
        <line num="655" count="1" type="stmt"/>
        <line num="656" count="2" type="stmt"/>
        <line num="660" count="0" type="cond" truecount="0" falsecount="2"/>
        <line num="665" count="1" type="stmt"/>
        <line num="666" count="1" type="cond" truecount="1" falsecount="1"/>
        <line num="667" count="1" type="stmt"/>
        <line num="671" count="1" type="cond" truecount="1" falsecount="1"/>
        <line num="672" count="1" type="stmt"/>
        <line num="676" count="1" type="stmt"/>
        <line num="677" count="1" type="cond" truecount="1" falsecount="1"/>
        <line num="678" count="1" type="stmt"/>
        <line num="683" count="1" type="cond" truecount="1" falsecount="1"/>
        <line num="687" count="1" type="stmt"/>
        <line num="696" count="1" type="stmt"/>
        <line num="698" count="1" type="cond" truecount="1" falsecount="1"/>
        <line num="699" count="1" type="stmt"/>
        <line num="703" count="1" type="cond" truecount="1" falsecount="1"/>
        <line num="704" count="1" type="stmt"/>
        <line num="707" count="1" type="stmt"/>
        <line num="709" count="0" type="cond" truecount="0" falsecount="2"/>
        <line num="710" count="0" type="stmt"/>
        <line num="716" count="40" type="stmt"/>
        <line num="717" count="40" type="stmt"/>
        <line num="718" count="40" type="cond" truecount="1" falsecount="1"/>
        <line num="720" count="40" type="stmt"/>
        <line num="721" count="40" type="cond" truecount="2" falsecount="0"/>
        <line num="723" count="1" type="stmt"/>
        <line num="724" count="1" type="cond" truecount="3" falsecount="1"/>
        <line num="726" count="1" type="stmt"/>
        <line num="729" count="1" type="stmt"/>
        <line num="731" count="3" type="cond" truecount="4" falsecount="0"/>
        <line num="732" count="3" type="cond" truecount="3" falsecount="1"/>
        <line num="733" count="3" type="stmt"/>
        <line num="736" count="0" type="cond" truecount="0" falsecount="2"/>
        <line num="739" count="0" type="stmt"/>
        <line num="742" count="1" type="cond" truecount="1" falsecount="1"/>
        <line num="744" count="1" type="cond" truecount="1" falsecount="2"/>
        <line num="747" count="1" type="cond" truecount="1" falsecount="2"/>
        <line num="751" count="1" type="cond" truecount="1" falsecount="1"/>
        <line num="752" count="1" type="stmt"/>
        <line num="753" count="1" type="stmt"/>
        <line num="754" count="1" type="stmt"/>
        <line num="755" count="1" type="stmt"/>
        <line num="758" count="1" type="cond" truecount="1" falsecount="1"/>
        <line num="759" count="1" type="stmt"/>
        <line num="763" count="0" type="cond" truecount="0" falsecount="2"/>
        <line num="767" count="0" type="cond" truecount="0" falsecount="2"/>
        <line num="772" count="3" type="stmt"/>
        <line num="773" count="3" type="cond" truecount="4" falsecount="0"/>
        <line num="774" count="1" type="stmt"/>
        <line num="778" count="1" type="stmt"/>
        <line num="781" count="2" type="stmt"/>
        <line num="783" count="2" type="stmt"/>
        <line num="785" count="2" type="cond" truecount="1" falsecount="1"/>
        <line num="788" count="2" type="cond" truecount="1" falsecount="1"/>
        <line num="791" count="2" type="cond" truecount="1" falsecount="1"/>
        <line num="792" count="2" type="stmt"/>
        <line num="794" count="1" type="cond" truecount="1" falsecount="1"/>
        <line num="795" count="1" type="stmt"/>
        <line num="797" count="1" type="cond" truecount="1" falsecount="1"/>
        <line num="798" count="1" type="stmt"/>
        <line num="801" count="1" type="cond" truecount="3" falsecount="1"/>
        <line num="802" count="1" type="stmt"/>
        <line num="805" count="1" type="stmt"/>
        <line num="814" count="40" type="stmt"/>
        <line num="815" count="40" type="stmt"/>
        <line num="819" count="55" type="stmt"/>
        <line num="859" count="5" type="stmt"/>
        <line num="860" count="5" type="cond" truecount="2" falsecount="0"/>
        <line num="861" count="1" type="cond" truecount="1" falsecount="1"/>
        <line num="862" count="1" type="stmt"/>
        <line num="866" count="4" type="stmt"/>
        <line num="867" count="4" type="cond" truecount="3" falsecount="1"/>
        <line num="868" count="3" type="stmt"/>
        <line num="871" count="1" type="cond" truecount="1" falsecount="1"/>
        <line num="876" count="2" type="stmt"/>
        <line num="877" count="2" type="stmt"/>
        <line num="878" count="2" type="cond" truecount="4" falsecount="1"/>
        <line num="879" count="1" type="cond" truecount="1" falsecount="1"/>
        <line num="881" count="0" type="stmt"/>
        <line num="883" count="1" type="cond" truecount="1" falsecount="1"/>
        <line num="884" count="1" type="stmt"/>
        <line num="896" count="6" type="cond" truecount="1" falsecount="1"/>
        <line num="898" count="6" type="stmt"/>
        <line num="901" count="6" type="cond" truecount="2" falsecount="0"/>
        <line num="902" count="1" type="stmt"/>
        <line num="903" count="1" type="stmt"/>
        <line num="904" count="1" type="cond" truecount="1" falsecount="3"/>
        <line num="905" count="1" type="cond" truecount="1" falsecount="3"/>
        <line num="906" count="1" type="cond" truecount="1" falsecount="1"/>
        <line num="907" count="1" type="cond" truecount="1" falsecount="3"/>
        <line num="908" count="1" type="cond" truecount="1" falsecount="3"/>
        <line num="912" count="6" type="cond" truecount="2" falsecount="0"/>
        <line num="913" count="1" type="stmt"/>
        <line num="914" count="1" type="stmt"/>
        <line num="915" count="1" type="cond" truecount="1" falsecount="3"/>
        <line num="916" count="1" type="cond" truecount="1" falsecount="3"/>
        <line num="917" count="1" type="cond" truecount="1" falsecount="1"/>
        <line num="918" count="1" type="cond" truecount="1" falsecount="3"/>
        <line num="919" count="1" type="cond" truecount="1" falsecount="3"/>
        <line num="923" count="6" type="cond" truecount="2" falsecount="0"/>
        <line num="924" count="1" type="stmt"/>
        <line num="925" count="1" type="stmt"/>
        <line num="926" count="1" type="cond" truecount="1" falsecount="3"/>
        <line num="927" count="1" type="cond" truecount="1" falsecount="3"/>
        <line num="928" count="1" type="cond" truecount="1" falsecount="1"/>
        <line num="929" count="1" type="cond" truecount="1" falsecount="3"/>
        <line num="930" count="1" type="cond" truecount="1" falsecount="3"/>
        <line num="934" count="6" type="cond" truecount="2" falsecount="0"/>
        <line num="935" count="2" type="stmt"/>
        <line num="936" count="2" type="stmt"/>
        <line num="937" count="2" type="cond" truecount="1" falsecount="3"/>
        <line num="938" count="2" type="cond" truecount="1" falsecount="3"/>
        <line num="939" count="2" type="cond" truecount="1" falsecount="1"/>
        <line num="940" count="2" type="cond" truecount="1" falsecount="3"/>
        <line num="941" count="2" type="cond" truecount="1" falsecount="3"/>
        <line num="945" count="6" type="cond" truecount="2" falsecount="0"/>
        <line num="946" count="1" type="stmt"/>
        <line num="947" count="1" type="stmt"/>
        <line num="948" count="1" type="cond" truecount="1" falsecount="3"/>
        <line num="949" count="1" type="cond" truecount="1" falsecount="3"/>
        <line num="950" count="1" type="cond" truecount="1" falsecount="1"/>
        <line num="951" count="1" type="cond" truecount="1" falsecount="3"/>
        <line num="952" count="1" type="cond" truecount="1" falsecount="3"/>
        <line num="956" count="6" type="cond" truecount="2" falsecount="0"/>
        <line num="957" count="1" type="stmt"/>
        <line num="958" count="1" type="stmt"/>
        <line num="959" count="1" type="cond" truecount="1" falsecount="3"/>
        <line num="960" count="1" type="cond" truecount="1" falsecount="3"/>
        <line num="961" count="1" type="cond" truecount="1" falsecount="1"/>
        <line num="962" count="1" type="cond" truecount="1" falsecount="3"/>
        <line num="963" count="1" type="cond" truecount="1" falsecount="3"/>
        <line num="967" count="6" type="cond" truecount="2" falsecount="0"/>
        <line num="968" count="1" type="stmt"/>
        <line num="969" count="1" type="stmt"/>
        <line num="970" count="1" type="cond" truecount="1" falsecount="3"/>
        <line num="971" count="1" type="cond" truecount="1" falsecount="3"/>
        <line num="972" count="1" type="cond" truecount="1" falsecount="1"/>
        <line num="973" count="1" type="cond" truecount="1" falsecount="3"/>
        <line num="974" count="1" type="cond" truecount="1" falsecount="3"/>
        <line num="978" count="6" type="cond" truecount="2" falsecount="0"/>
        <line num="979" count="1" type="stmt"/>
        <line num="980" count="1" type="stmt"/>
        <line num="981" count="1" type="cond" truecount="1" falsecount="3"/>
        <line num="982" count="1" type="cond" truecount="1" falsecount="3"/>
        <line num="983" count="1" type="cond" truecount="1" falsecount="1"/>
        <line num="984" count="1" type="cond" truecount="1" falsecount="3"/>
        <line num="985" count="1" type="cond" truecount="1" falsecount="3"/>
        <line num="989" count="6" type="cond" truecount="2" falsecount="0"/>
        <line num="990" count="1" type="stmt"/>
        <line num="991" count="1" type="stmt"/>
        <line num="992" count="1" type="cond" truecount="1" falsecount="3"/>
        <line num="993" count="1" type="cond" truecount="1" falsecount="3"/>
        <line num="994" count="1" type="cond" truecount="1" falsecount="1"/>
        <line num="995" count="1" type="cond" truecount="1" falsecount="3"/>
        <line num="996" count="1" type="cond" truecount="1" falsecount="3"/>
        <line num="1000" count="6" type="cond" truecount="2" falsecount="0"/>
        <line num="1001" count="1" type="stmt"/>
        <line num="1002" count="1" type="stmt"/>
        <line num="1003" count="1" type="cond" truecount="1" falsecount="3"/>
        <line num="1004" count="1" type="cond" truecount="1" falsecount="3"/>
        <line num="1005" count="1" type="cond" truecount="1" falsecount="1"/>
        <line num="1006" count="1" type="cond" truecount="1" falsecount="3"/>
        <line num="1007" count="1" type="cond" truecount="1" falsecount="3"/>
        <line num="1011" count="6" type="cond" truecount="2" falsecount="0"/>
        <line num="1012" count="1" type="stmt"/>
        <line num="1013" count="1" type="stmt"/>
        <line num="1014" count="1" type="cond" truecount="1" falsecount="3"/>
        <line num="1015" count="1" type="cond" truecount="1" falsecount="3"/>
        <line num="1016" count="1" type="cond" truecount="1" falsecount="1"/>
        <line num="1017" count="1" type="cond" truecount="1" falsecount="3"/>
        <line num="1018" count="1" type="cond" truecount="1" falsecount="3"/>
        <line num="1022" count="6" type="cond" truecount="2" falsecount="0"/>
        <line num="1023" count="1" type="stmt"/>
        <line num="1024" count="1" type="stmt"/>
        <line num="1025" count="1" type="cond" truecount="1" falsecount="3"/>
        <line num="1026" count="1" type="cond" truecount="1" falsecount="3"/>
        <line num="1027" count="1" type="cond" truecount="1" falsecount="1"/>
        <line num="1028" count="1" type="cond" truecount="1" falsecount="3"/>
        <line num="1029" count="1" type="cond" truecount="1" falsecount="3"/>
        <line num="1033" count="6" type="cond" truecount="2" falsecount="0"/>
        <line num="1034" count="2" type="stmt"/>
        <line num="1035" count="2" type="stmt"/>
        <line num="1036" count="2" type="cond" truecount="1" falsecount="3"/>
        <line num="1037" count="2" type="cond" truecount="1" falsecount="3"/>
        <line num="1038" count="2" type="cond" truecount="1" falsecount="1"/>
        <line num="1039" count="2" type="cond" truecount="1" falsecount="3"/>
        <line num="1040" count="2" type="cond" truecount="1" falsecount="3"/>
        <line num="1044" count="6" type="cond" truecount="2" falsecount="0"/>
        <line num="1045" count="1" type="stmt"/>
        <line num="1046" count="1" type="stmt"/>
        <line num="1047" count="1" type="cond" truecount="1" falsecount="3"/>
        <line num="1048" count="1" type="cond" truecount="1" falsecount="3"/>
        <line num="1049" count="1" type="cond" truecount="1" falsecount="1"/>
        <line num="1050" count="1" type="cond" truecount="1" falsecount="3"/>
        <line num="1051" count="1" type="cond" truecount="1" falsecount="3"/>
        <line num="1056" count="6" type="stmt"/>
        <line num="1064" count="9" type="stmt"/>
        <line num="1066" count="9" type="stmt"/>
        <line num="1069" count="9" type="stmt"/>
        <line num="1070" count="9" type="cond" truecount="2" falsecount="0"/>
        <line num="1071" count="8" type="stmt"/>
        <line num="1072" count="8" type="stmt"/>
        <line num="1073" count="8" type="stmt"/>
        <line num="1077" count="8" type="stmt"/>
        <line num="1079" count="1" type="stmt"/>
        <line num="1084" count="48" type="stmt"/>
        <line num="1087" count="48" type="cond" truecount="4" falsecount="0"/>
        <line num="1088" count="46" type="stmt"/>
        <line num="1089" count="45" type="cond" truecount="3" falsecount="1"/>
        <line num="1090" count="45" type="stmt"/>
        <line num="1095" count="2" type="stmt"/>
        <line num="1096" count="2" type="stmt"/>
        <line num="1097" count="1" type="cond" truecount="1" falsecount="1"/>
        <line num="1098" count="1" type="stmt"/>
        <line num="1099" count="1" type="cond" truecount="1" falsecount="1"/>
        <line num="1100" count="1" type="stmt"/>
        <line num="1101" count="1" type="stmt"/>
        <line num="1104" count="1" type="cond" truecount="1" falsecount="1"/>
        <line num="1108" count="1" type="cond" truecount="1" falsecount="1"/>
        <line num="1109" count="1" type="stmt"/>
        <line num="1111" count="1" type="cond" truecount="1" falsecount="1"/>
        <line num="1112" count="1" type="stmt"/>
        <line num="1117" count="5" type="stmt"/>
        <line num="1119" count="5" type="cond" truecount="1" falsecount="1"/>
        <line num="1121" count="5" type="cond" truecount="3" falsecount="1"/>
        <line num="1122" count="5" type="stmt"/>
        <line num="1126" count="4" type="cond" truecount="2" falsecount="0"/>
        <line num="1127" count="4" type="cond" truecount="1" falsecount="1"/>
        <line num="1128" count="4" type="cond" truecount="1" falsecount="1"/>
        <line num="1129" count="4" type="cond" truecount="2" falsecount="0"/>
        <line num="1130" count="4" type="cond" truecount="1" falsecount="1"/>
        <line num="1131" count="4" type="cond" truecount="1" falsecount="1"/>
        <line num="1132" count="4" type="cond" truecount="1" falsecount="1"/>
        <line num="1133" count="4" type="cond" truecount="1" falsecount="1"/>
        <line num="1134" count="4" type="cond" truecount="1" falsecount="1"/>
        <line num="1135" count="4" type="cond" truecount="1" falsecount="1"/>
        <line num="1136" count="4" type="cond" truecount="1" falsecount="1"/>
        <line num="1137" count="4" type="cond" truecount="1" falsecount="1"/>
        <line num="1138" count="4" type="cond" truecount="1" falsecount="1"/>
        <line num="1139" count="4" type="cond" truecount="1" falsecount="1"/>
        <line num="1142" count="4" type="cond" truecount="2" falsecount="0"/>
        <line num="1143" count="4" type="cond" truecount="1" falsecount="1"/>
        <line num="1144" count="4" type="cond" truecount="1" falsecount="1"/>
        <line num="1145" count="4" type="cond" truecount="2" falsecount="0"/>
        <line num="1146" count="4" type="cond" truecount="1" falsecount="1"/>
        <line num="1147" count="4" type="cond" truecount="1" falsecount="1"/>
        <line num="1148" count="4" type="cond" truecount="1" falsecount="1"/>
        <line num="1149" count="4" type="cond" truecount="1" falsecount="1"/>
        <line num="1150" count="4" type="cond" truecount="1" falsecount="1"/>
        <line num="1151" count="4" type="cond" truecount="1" falsecount="1"/>
        <line num="1152" count="4" type="cond" truecount="1" falsecount="1"/>
        <line num="1153" count="4" type="cond" truecount="1" falsecount="1"/>
        <line num="1154" count="4" type="cond" truecount="1" falsecount="1"/>
        <line num="1155" count="4" type="cond" truecount="1" falsecount="1"/>
        <line num="1158" count="4" type="cond" truecount="2" falsecount="0"/>
        <line num="1159" count="4" type="cond" truecount="1" falsecount="1"/>
        <line num="1160" count="4" type="cond" truecount="1" falsecount="1"/>
        <line num="1161" count="4" type="cond" truecount="2" falsecount="0"/>
        <line num="1162" count="4" type="cond" truecount="1" falsecount="1"/>
        <line num="1163" count="4" type="cond" truecount="1" falsecount="1"/>
        <line num="1164" count="4" type="cond" truecount="1" falsecount="1"/>
        <line num="1165" count="4" type="cond" truecount="1" falsecount="1"/>
        <line num="1166" count="4" type="cond" truecount="1" falsecount="1"/>
        <line num="1167" count="4" type="cond" truecount="1" falsecount="1"/>
        <line num="1168" count="4" type="cond" truecount="1" falsecount="1"/>
        <line num="1169" count="4" type="cond" truecount="1" falsecount="1"/>
        <line num="1170" count="4" type="cond" truecount="1" falsecount="1"/>
        <line num="1171" count="4" type="cond" truecount="1" falsecount="1"/>
        <line num="1174" count="1" type="cond" truecount="1" falsecount="1"/>
        <line num="1179" count="51" type="stmt"/>
        <line num="1180" count="51" type="stmt"/>
        <line num="1181" count="280" type="cond" truecount="4" falsecount="0"/>
        <line num="1182" count="251" type="stmt"/>
        <line num="1186" count="51" type="stmt"/>
        <line num="1187" count="156" type="cond" truecount="2" falsecount="0"/>
        <line num="1188" count="2" type="stmt"/>
        <line num="1190" count="154" type="cond" truecount="4" falsecount="0"/>
        <line num="1191" count="9" type="stmt"/>
        <line num="1193" count="145" type="stmt"/>
        <line num="1194" count="145" type="cond" truecount="2" falsecount="0"/>
        <line num="1195" count="48" type="stmt"/>
        <line num="1197" count="97" type="cond" truecount="2" falsecount="0"/>
        <line num="1198" count="48" type="stmt"/>
        <line num="1200" count="49" type="cond" truecount="1" falsecount="1"/>
        <line num="1201" count="49" type="stmt"/>
        <line num="1204" count="3" type="cond" truecount="1" falsecount="1"/>
        <line num="1205" count="3" type="stmt"/>
        <line num="1208" count="3" type="stmt"/>
        <line num="1211" count="51" type="cond" truecount="0" falsecount="2"/>
        <line num="1212" count="6" type="stmt"/>
        <line num="1213" count="6" type="stmt"/>
        <line num="1214" count="6" type="stmt"/>
        <line num="1215" count="6" type="cond" truecount="2" falsecount="0"/>
        <line num="1217" count="6" type="stmt"/>
        <line num="1218" count="6" type="stmt"/>
        <line num="1219" count="6" type="stmt"/>
        <line num="1220" count="6" type="stmt"/>
        <line num="1222" count="6" type="cond" truecount="1" falsecount="1"/>
        <line num="1223" count="6" type="stmt"/>
        <line num="1224" count="6" type="stmt"/>
        <line num="1225" count="6" type="stmt"/>
        <line num="1226" count="6" type="stmt"/>
        <line num="1227" count="6" type="cond" truecount="2" falsecount="0"/>
        <line num="1231" count="51" type="cond" truecount="1" falsecount="0"/>
        <line num="1232" count="47" type="cond" truecount="4" falsecount="0"/>
        <line num="1233" count="1" type="stmt"/>
        <line num="1235" count="46" type="stmt"/>
        <line num="1236" count="46" type="stmt"/>
        <line num="1237" count="46" type="stmt"/>
        <line num="1238" count="46" type="cond" truecount="2" falsecount="0"/>
        <line num="1240" count="46" type="stmt"/>
        <line num="1241" count="45" type="stmt"/>
        <line num="1242" count="45" type="stmt"/>
        <line num="1243" count="45" type="stmt"/>
        <line num="1244" count="45" type="cond" truecount="2" falsecount="0"/>
        <line num="1247" count="51" type="cond" truecount="4" falsecount="0"/>
        <line num="1249" count="2" type="cond" truecount="2" falsecount="0"/>
        <line num="1250" count="1" type="stmt"/>
        <line num="1251" count="1" type="stmt"/>
        <line num="1254" count="1" type="stmt"/>
        <line num="1255" count="1" type="stmt"/>
        <line num="1257" count="1" type="stmt"/>
        <line num="1258" count="1" type="stmt"/>
        <line num="1263" count="2" type="cond" truecount="2" falsecount="0"/>
        <line num="1264" count="1" type="stmt"/>
        <line num="1265" count="1" type="stmt"/>
        <line num="1268" count="1" type="stmt"/>
        <line num="1269" count="1" type="stmt"/>
        <line num="1271" count="1" type="stmt"/>
        <line num="1272" count="1" type="stmt"/>
        <line num="1276" count="2" type="cond" truecount="1" falsecount="1"/>
        <line num="1277" count="2" type="stmt"/>
        <line num="1279" count="2" type="stmt"/>
        <line num="1285" count="2" type="stmt"/>
        <line num="1287" count="2" type="stmt"/>
        <line num="1293" count="2" type="stmt"/>
        <line num="1295" count="2" type="stmt"/>
        <line num="1301" count="2" type="stmt"/>
        <line num="1306" count="51" type="cond" truecount="2" falsecount="0"/>
        <line num="1307" count="51" type="cond" truecount="2" falsecount="0"/>
        <line num="1308" count="51" type="stmt"/>
        <line num="1309" count="51" type="cond" truecount="4" falsecount="1"/>
        <line num="1311" count="51" type="cond" truecount="2" falsecount="0"/>
        <line num="1312" count="43" type="stmt"/>
        <line num="1318" count="50" type="cond" truecount="2" falsecount="0"/>
        <line num="1319" count="1" type="stmt"/>
        <line num="1325" count="50" type="cond" truecount="2" falsecount="0"/>
        <line num="1326" count="2" type="stmt"/>
        <line num="1329" count="50" type="cond" truecount="2" falsecount="0"/>
        <line num="1330" count="1" type="stmt"/>
        <line num="1333" count="1" type="cond" truecount="1" falsecount="1"/>
        <line num="1338" count="55" type="stmt"/>
        <line num="1400" count="55" type="stmt"/>
        <line num="1401" count="55" type="stmt"/>
        <line num="1402" count="55" type="stmt"/>
        <line num="1403" count="55" type="stmt"/>
        <line num="1404" count="55" type="stmt"/>
        <line num="1405" count="55" type="stmt"/>
        <line num="1407" count="55" type="stmt"/>
        <line num="1408" count="55" type="stmt"/>
        <line num="1409" count="55" type="stmt"/>
        <line num="1410" count="55" type="stmt"/>
        <line num="1411" count="55" type="stmt"/>
        <line num="1412" count="55" type="stmt"/>
        <line num="1414" count="55" type="stmt"/>
        <line num="1415" count="55" type="stmt"/>
        <line num="1416" count="55" type="stmt"/>
        <line num="1417" count="55" type="stmt"/>
        <line num="1419" count="55" type="stmt"/>
        <line num="1420" count="55" type="stmt"/>
        <line num="1421" count="55" type="stmt"/>
        <line num="1422" count="55" type="stmt"/>
        <line num="1424" count="55" type="stmt"/>
        <line num="1425" count="55" type="stmt"/>
        <line num="1426" count="55" type="stmt"/>
        <line num="1427" count="55" type="stmt"/>
        <line num="1428" count="55" type="stmt"/>
        <line num="1429" count="55" type="stmt"/>
        <line num="1430" count="55" type="stmt"/>
        <line num="1431" count="55" type="stmt"/>
        <line num="1432" count="55" type="stmt"/>
        <line num="1434" count="55" type="stmt"/>
        <line num="1435" count="55" type="stmt"/>
        <line num="1436" count="55" type="stmt"/>
        <line num="1437" count="55" type="stmt"/>
        <line num="1439" count="55" type="stmt"/>
        <line num="1440" count="55" type="stmt"/>
        <line num="1441" count="55" type="stmt"/>
        <line num="1442" count="55" type="stmt"/>
        <line num="1443" count="55" type="stmt"/>
        <line num="1446" count="55" type="stmt"/>
        <line num="1447" count="55" type="stmt"/>
        <line num="1448" count="55" type="stmt"/>
        <line num="1449" count="55" type="stmt"/>
        <line num="1450" count="55" type="stmt"/>
        <line num="1453" count="55" type="stmt"/>
        <line num="1454" count="55" type="stmt"/>
        <line num="1455" count="55" type="stmt"/>
        <line num="1456" count="55" type="stmt"/>
        <line num="1459" count="55" type="stmt"/>
        <line num="1461" count="55" type="stmt"/>
        <line num="1462" count="0" type="stmt"/>
        <line num="1466" count="0" type="cond" truecount="0" falsecount="2"/>
        <line num="1467" count="0" type="stmt"/>
        <line num="1470" count="0" type="stmt"/>
        <line num="1478" count="0" type="stmt"/>
        <line num="1479" count="0" type="stmt"/>
        <line num="1480" count="0" type="stmt"/>
        <line num="1497" count="1" type="stmt"/>
        <line num="1514" count="1" type="stmt"/>
        <line num="1517" count="1" type="stmt"/>
        <line num="1529" count="55" type="stmt"/>
        <line num="1530" count="55" type="stmt"/>
        <line num="1533" count="55" type="stmt"/>
        <line num="1534" count="55" type="stmt"/>
        <line num="1535" count="55" type="stmt"/>
        <line num="1536" count="55" type="stmt"/>
        <line num="1537" count="55" type="stmt"/>
        <line num="1538" count="55" type="stmt"/>
        <line num="1539" count="55" type="stmt"/>
        <line num="1540" count="55" type="stmt"/>
        <line num="1541" count="55" type="stmt"/>
        <line num="1542" count="55" type="stmt"/>
        <line num="1545" count="55" type="cond" truecount="2" falsecount="0"/>
        <line num="1546" count="54" type="stmt"/>
        <line num="1547" count="38" type="stmt"/>
        <line num="1549" count="38" type="stmt"/>
        <line num="1550" count="38" type="cond" truecount="1" falsecount="1"/>
        <line num="1551" count="38" type="stmt"/>
        <line num="1555" count="1" type="stmt"/>
        <line num="1557" count="1" type="stmt"/>
        <line num="1558" count="1" type="cond" truecount="1" falsecount="1"/>
        <line num="1559" count="1" type="stmt"/>
        <line num="1565" count="55" type="stmt"/>
      </file>
      <file name="table-mappings.js" path="/Users/nimrod/Documents/TikTrack/TikTrackApp/trading-ui/scripts/table-mappings.js">
        <metrics statements="453" coveredstatements="411" conditionals="716" coveredconditionals="494" methods="19" coveredmethods="18"/>
        <line num="17" count="82" type="stmt"/>
        <line num="18" count="82" type="cond" truecount="2" falsecount="0"/>
        <line num="21" count="82" type="stmt"/>
        <line num="274" count="82" type="stmt"/>
        <line num="354" count="82" type="stmt"/>
        <line num="367" count="82" type="stmt"/>
        <line num="376" count="82" type="stmt"/>
        <line num="386" count="13668" type="cond" truecount="2" falsecount="0"/>
        <line num="387" count="3" type="stmt"/>
        <line num="389" count="13665" type="cond" truecount="2" falsecount="0"/>
        <line num="390" count="11440" type="stmt"/>
        <line num="392" count="2225" type="cond" truecount="1" falsecount="1"/>
        <line num="393" count="2225" type="cond" truecount="2" falsecount="0"/>
        <line num="394" count="2222" type="stmt"/>
        <line num="396" count="3" type="cond" truecount="2" falsecount="0"/>
        <line num="397" count="2" type="stmt"/>
        <line num="400" count="1" type="stmt"/>
        <line num="403" count="82" type="stmt"/>
        <line num="405" count="13448" type="stmt"/>
        <line num="406" count="1804" type="stmt"/>
        <line num="411" count="124" type="cond" truecount="2" falsecount="0"/>
        <line num="412" count="1" type="stmt"/>
        <line num="414" count="123" type="stmt"/>
        <line num="415" count="123" type="cond" truecount="2" falsecount="0"/>
        <line num="416" count="1" type="stmt"/>
        <line num="418" count="122" type="stmt"/>
        <line num="422" count="15" type="cond" truecount="3" falsecount="1"/>
        <line num="423" count="0" type="stmt"/>
        <line num="426" count="15" type="stmt"/>
        <line num="427" count="34" type="stmt"/>
        <line num="428" count="34" type="cond" truecount="2" falsecount="0"/>
        <line num="429" count="12" type="stmt"/>
        <line num="436" count="3" type="stmt"/>
        <line num="440" count="5" type="stmt"/>
        <line num="441" count="5" type="stmt"/>
        <line num="443" count="5" type="stmt"/>
        <line num="444" count="5" type="cond" truecount="4" falsecount="0"/>
        <line num="445" count="4" type="stmt"/>
        <line num="446" count="4" type="stmt"/>
        <line num="454" count="5" type="stmt"/>
        <line num="455" count="5" type="cond" truecount="4" falsecount="0"/>
        <line num="456" count="4" type="stmt"/>
        <line num="457" count="4" type="stmt"/>
        <line num="465" count="5" type="stmt"/>
        <line num="466" count="5" type="cond" truecount="4" falsecount="0"/>
        <line num="467" count="4" type="stmt"/>
        <line num="468" count="4" type="stmt"/>
        <line num="476" count="5" type="cond" truecount="2" falsecount="0"/>
        <line num="477" count="1" type="cond" truecount="1" falsecount="1"/>
        <line num="478" count="1" type="cond" truecount="1" falsecount="1"/>
        <line num="479" count="1" type="stmt"/>
        <line num="488" count="5" type="stmt"/>
        <line num="492" count="9" type="cond" truecount="4" falsecount="0"/>
        <line num="493" count="4" type="cond" truecount="1" falsecount="1"/>
        <line num="494" count="4" type="stmt"/>
        <line num="496" count="4" type="stmt"/>
        <line num="498" count="5" type="cond" truecount="2" falsecount="0"/>
        <line num="499" count="3" type="cond" truecount="1" falsecount="1"/>
        <line num="500" count="3" type="stmt"/>
        <line num="502" count="3" type="stmt"/>
        <line num="504" count="2" type="stmt"/>
        <line num="505" count="2" type="cond" truecount="1" falsecount="1"/>
        <line num="506" count="1" type="cond" truecount="1" falsecount="1"/>
        <line num="507" count="1" type="stmt"/>
        <line num="509" count="1" type="stmt"/>
        <line num="511" count="1" type="stmt"/>
        <line num="512" count="1" type="stmt"/>
        <line num="517" count="12" type="cond" truecount="4" falsecount="0"/>
        <line num="518" count="1" type="stmt"/>
        <line num="521" count="11" type="cond" truecount="6" falsecount="0"/>
        <line num="522" count="1" type="stmt"/>
        <line num="525" count="10" type="stmt"/>
        <line num="526" count="10" type="stmt"/>
        <line num="528" count="10" type="cond" truecount="4" falsecount="0"/>
        <line num="529" count="1" type="stmt"/>
        <line num="530" count="9" type="cond" truecount="2" falsecount="0"/>
        <line num="531" count="1" type="stmt"/>
        <line num="532" count="1" type="stmt"/>
        <line num="533" count="8" type="cond" truecount="1" falsecount="1"/>
        <line num="534" count="8" type="stmt"/>
        <line num="535" count="8" type="cond" truecount="1" falsecount="1"/>
        <line num="536" count="8" type="stmt"/>
        <line num="537" count="8" type="cond" truecount="2" falsecount="0"/>
        <line num="538" count="7" type="stmt"/>
        <line num="539" count="7" type="stmt"/>
        <line num="544" count="10" type="cond" truecount="2" falsecount="0"/>
        <line num="545" count="1" type="stmt"/>
        <line num="548" count="9" type="stmt"/>
        <line num="549" count="9" type="cond" truecount="2" falsecount="0"/>
        <line num="550" count="9" type="cond" truecount="2" falsecount="0"/>
        <line num="551" count="9" type="stmt"/>
        <line num="553" count="9" type="stmt"/>
        <line num="554" count="9" type="cond" truecount="2" falsecount="0"/>
        <line num="555" count="6" type="stmt"/>
        <line num="557" count="3" type="stmt"/>
        <line num="560" count="2" type="stmt"/>
        <line num="563" count="9" type="stmt"/>
        <line num="585" count="140" type="cond" truecount="1" falsecount="1"/>
        <line num="586" count="140" type="stmt"/>
        <line num="587" count="140" type="stmt"/>
        <line num="589" count="140" type="stmt"/>
        <line num="590" count="0" type="cond" truecount="0" falsecount="4"/>
        <line num="591" count="0" type="stmt"/>
        <line num="593" count="0" type="cond" truecount="0" falsecount="2"/>
        <line num="594" count="0" type="stmt"/>
        <line num="596" count="0" type="cond" truecount="0" falsecount="4"/>
        <line num="597" count="0" type="stmt"/>
        <line num="599" count="0" type="cond" truecount="0" falsecount="2"/>
        <line num="600" count="0" type="stmt"/>
        <line num="601" count="0" type="cond" truecount="0" falsecount="2"/>
        <line num="602" count="0" type="stmt"/>
        <line num="605" count="0" type="stmt"/>
        <line num="606" count="0" type="cond" truecount="0" falsecount="2"/>
        <line num="607" count="0" type="stmt"/>
        <line num="608" count="0" type="stmt"/>
        <line num="609" count="0" type="cond" truecount="0" falsecount="2"/>
        <line num="610" count="0" type="stmt"/>
        <line num="614" count="0" type="stmt"/>
        <line num="615" count="0" type="cond" truecount="0" falsecount="2"/>
        <line num="616" count="0" type="stmt"/>
        <line num="617" count="0" type="stmt"/>
        <line num="618" count="0" type="stmt"/>
        <line num="621" count="0" type="stmt"/>
        <line num="624" count="140" type="cond" truecount="2" falsecount="0"/>
        <line num="626" count="1" type="stmt"/>
        <line num="629" count="139" type="cond" truecount="2" falsecount="0"/>
        <line num="630" count="6" type="cond" truecount="2" falsecount="0"/>
        <line num="631" count="1" type="cond" truecount="1" falsecount="1"/>
        <line num="633" count="5" type="cond" truecount="2" falsecount="0"/>
        <line num="634" count="1" type="cond" truecount="1" falsecount="1"/>
        <line num="636" count="4" type="cond" truecount="2" falsecount="0"/>
        <line num="637" count="1" type="cond" truecount="1" falsecount="1"/>
        <line num="639" count="3" type="cond" truecount="2" falsecount="0"/>
        <line num="640" count="1" type="cond" truecount="1" falsecount="1"/>
        <line num="642" count="2" type="cond" truecount="2" falsecount="0"/>
        <line num="643" count="1" type="cond" truecount="1" falsecount="2"/>
        <line num="644" count="1" type="cond" truecount="1" falsecount="1"/>
        <line num="646" count="1" type="cond" truecount="1" falsecount="1"/>
        <line num="651" count="133" type="cond" truecount="4" falsecount="0"/>
        <line num="653" count="1" type="cond" truecount="1" falsecount="1"/>
        <line num="657" count="132" type="cond" truecount="2" falsecount="0"/>
        <line num="659" count="4" type="cond" truecount="2" falsecount="0"/>
        <line num="660" count="1" type="cond" truecount="1" falsecount="1"/>
        <line num="662" count="3" type="cond" truecount="2" falsecount="0"/>
        <line num="663" count="1" type="cond" truecount="1" falsecount="1"/>
        <line num="665" count="2" type="cond" truecount="2" falsecount="0"/>
        <line num="666" count="1" type="cond" truecount="1" falsecount="3"/>
        <line num="669" count="1" type="cond" truecount="1" falsecount="1"/>
        <line num="673" count="128" type="cond" truecount="2" falsecount="0"/>
        <line num="674" count="3" type="cond" truecount="2" falsecount="0"/>
        <line num="676" count="2" type="cond" truecount="4" falsecount="0"/>
        <line num="677" count="1" type="stmt"/>
        <line num="679" count="1" type="cond" truecount="1" falsecount="1"/>
        <line num="680" count="1" type="cond" truecount="1" falsecount="1"/>
        <line num="681" count="1" type="cond" truecount="1" falsecount="1"/>
        <line num="682" count="1" type="stmt"/>
        <line num="685" count="1" type="cond" truecount="1" falsecount="1"/>
        <line num="689" count="125" type="cond" truecount="2" falsecount="0"/>
        <line num="690" count="3" type="cond" truecount="2" falsecount="0"/>
        <line num="692" count="1" type="cond" truecount="2" falsecount="1"/>
        <line num="694" count="2" type="cond" truecount="2" falsecount="0"/>
        <line num="696" count="1" type="cond" truecount="1" falsecount="2"/>
        <line num="699" count="1" type="cond" truecount="1" falsecount="1"/>
        <line num="703" count="122" type="cond" truecount="2" falsecount="0"/>
        <line num="704" count="5" type="cond" truecount="2" falsecount="0"/>
        <line num="706" count="2" type="cond" truecount="4" falsecount="0"/>
        <line num="707" count="1" type="stmt"/>
        <line num="709" count="1" type="cond" truecount="1" falsecount="1"/>
        <line num="710" count="1" type="stmt"/>
        <line num="712" count="0" type="cond" truecount="0" falsecount="2"/>
        <line num="714" count="3" type="cond" truecount="2" falsecount="0"/>
        <line num="716" count="2" type="cond" truecount="4" falsecount="0"/>
        <line num="717" count="1" type="stmt"/>
        <line num="719" count="1" type="cond" truecount="1" falsecount="2"/>
        <line num="722" count="1" type="cond" truecount="1" falsecount="1"/>
        <line num="726" count="117" type="cond" truecount="2" falsecount="0"/>
        <line num="727" count="3" type="cond" truecount="2" falsecount="0"/>
        <line num="729" count="2" type="cond" truecount="4" falsecount="0"/>
        <line num="730" count="1" type="stmt"/>
        <line num="732" count="1" type="cond" truecount="1" falsecount="2"/>
        <line num="735" count="1" type="cond" truecount="1" falsecount="1"/>
        <line num="739" count="114" type="cond" truecount="2" falsecount="0"/>
        <line num="740" count="26" type="cond" truecount="2" falsecount="0"/>
        <line num="741" count="1" type="cond" truecount="1" falsecount="1"/>
        <line num="743" count="25" type="cond" truecount="2" falsecount="0"/>
        <line num="744" count="3" type="cond" truecount="1" falsecount="3"/>
        <line num="745" count="3" type="cond" truecount="2" falsecount="0"/>
        <line num="746" count="1" type="cond" truecount="1" falsecount="1"/>
        <line num="748" count="2" type="cond" truecount="1" falsecount="1"/>
        <line num="749" count="2" type="stmt"/>
        <line num="750" count="2" type="stmt"/>
        <line num="751" count="2" type="cond" truecount="2" falsecount="0"/>
        <line num="752" count="1" type="stmt"/>
        <line num="755" count="1" type="stmt"/>
        <line num="757" count="22" type="cond" truecount="2" falsecount="0"/>
        <line num="758" count="2" type="cond" truecount="1" falsecount="4"/>
        <line num="763" count="2" type="cond" truecount="1" falsecount="1"/>
        <line num="764" count="0" type="cond" truecount="0" falsecount="2"/>
        <line num="766" count="2" type="cond" truecount="1" falsecount="1"/>
        <line num="767" count="2" type="stmt"/>
        <line num="768" count="2" type="stmt"/>
[...]
        <line num="124" count="7" type="stmt"/>
        <line num="127" count="4" type="stmt"/>
        <line num="128" count="4" type="stmt"/>
        <line num="130" count="4" type="stmt"/>
        <line num="132" count="4" type="stmt"/>
        <line num="155" count="3" type="cond" truecount="4" falsecount="0"/>
        <line num="156" count="1" type="stmt"/>
        <line num="159" count="2" type="stmt"/>
        <line num="160" count="4" type="cond" truecount="2" falsecount="0"/>
        <line num="161" count="4" type="cond" truecount="2" falsecount="0"/>
        <line num="162" count="4" type="stmt"/>
        <line num="165" count="2" type="stmt"/>
        <line num="166" count="2" type="stmt"/>
        <line num="168" count="2" type="stmt"/>
        <line num="170" count="2" type="stmt"/>
        <line num="193" count="4" type="cond" truecount="4" falsecount="0"/>
        <line num="194" count="1" type="stmt"/>
        <line num="198" count="3" type="stmt"/>
        <line num="199" count="6" type="cond" truecount="1" falsecount="1"/>
        <line num="200" count="0" type="stmt"/>
        <line num="202" count="6" type="stmt"/>
        <line num="203" count="6" type="cond" truecount="2" falsecount="0"/>
        <line num="204" count="1" type="stmt"/>
        <line num="206" count="5" type="stmt"/>
        <line num="207" count="5" type="cond" truecount="1" falsecount="1"/>
        <line num="208" count="5" type="stmt"/>
        <line num="210" count="5" type="cond" truecount="1" falsecount="1"/>
        <line num="211" count="5" type="stmt"/>
        <line num="212" count="5" type="stmt"/>
        <line num="215" count="3" type="stmt"/>
        <line num="216" count="5" type="stmt"/>
        <line num="217" count="5" type="stmt"/>
        <line num="219" count="3" type="stmt"/>
        <line num="220" count="3" type="cond" truecount="1" falsecount="1"/>
        <line num="221" count="3" type="cond" truecount="1" falsecount="1"/>
        <line num="222" count="3" type="stmt"/>
        <line num="223" count="3" type="stmt"/>
        <line num="225" count="3" type="stmt"/>
        <line num="251" count="4" type="cond" truecount="4" falsecount="0"/>
        <line num="253" count="1" type="stmt"/>
        <line num="255" count="1" type="stmt"/>
        <line num="257" count="1" type="stmt"/>
        <line num="259" count="1" type="stmt"/>
        <line num="264" count="3" type="stmt"/>
        <line num="265" count="3" type="cond" truecount="2" falsecount="0"/>
        <line num="266" count="1" type="stmt"/>
        <line num="276" count="2" type="stmt"/>
        <line num="277" count="4" type="stmt"/>
        <line num="278" count="4" type="stmt"/>
        <line num="279" count="4" type="stmt"/>
        <line num="280" count="4" type="cond" truecount="1" falsecount="1"/>
        <line num="281" count="2" type="cond" truecount="1" falsecount="1"/>
        <line num="283" count="2" type="stmt"/>
        <line num="294" count="9" type="stmt"/>
      </file>
    </package>
    <package name="scripts.services">
      <metrics statements="279" coveredstatements="238" conditionals="260" coveredconditionals="160" methods="44" coveredmethods="41"/>
      <file name="table-sort-value-adapter.js" path="/Users/nimrod/Documents/TikTrack/TikTrackApp/trading-ui/scripts/services/table-sort-value-adapter.js">
        <metrics statements="79" coveredstatements="79" conditionals="103" coveredconditionals="92" methods="12" coveredmethods="12"/>
        <line num="34" count="36" type="cond" truecount="2" falsecount="0"/>
        <line num="35" count="36" type="stmt"/>
        <line num="37" count="36" type="cond" truecount="7" falsecount="0"/>
        <line num="39" count="6" type="stmt"/>
        <line num="41" count="11" type="stmt"/>
        <line num="43" count="2" type="stmt"/>
        <line num="45" count="3" type="stmt"/>
        <line num="47" count="4" type="stmt"/>
        <line num="49" count="7" type="stmt"/>
        <line num="51" count="3" type="stmt"/>
        <line num="60" count="36" type="cond" truecount="4" falsecount="0"/>
        <line num="61" count="27" type="stmt"/>
        <line num="64" count="9" type="cond" truecount="2" falsecount="0"/>
        <line num="65" count="2" type="stmt"/>
        <line num="67" count="7" type="cond" truecount="2" falsecount="0"/>
        <line num="68" count="1" type="stmt"/>
        <line num="70" count="6" type="cond" truecount="2" falsecount="0"/>
        <line num="71" count="1" type="stmt"/>
        <line num="73" count="5" type="cond" truecount="2" falsecount="0"/>
        <line num="75" count="4" type="cond" truecount="2" falsecount="0"/>
        <line num="76" count="1" type="stmt"/>
        <line num="78" count="3" type="cond" truecount="4" falsecount="0"/>
        <line num="79" count="1" type="stmt"/>
        <line num="81" count="2" type="stmt"/>
        <line num="84" count="1" type="stmt"/>
        <line num="88" count="7" type="cond" truecount="4" falsecount="0"/>
        <line num="89" count="2" type="stmt"/>
        <line num="92" count="5" type="cond" truecount="4" falsecount="0"/>
        <line num="93" count="1" type="stmt"/>
        <line num="96" count="4" type="cond" truecount="2" falsecount="0"/>
        <line num="97" count="2" type="stmt"/>
        <line num="98" count="2" type="cond" truecount="2" falsecount="0"/>
        <line num="102" count="2" type="cond" truecount="4" falsecount="0"/>
        <line num="103" count="1" type="stmt"/>
        <line num="106" count="1" type="stmt"/>
        <line num="110" count="11" type="cond" truecount="1" falsecount="1"/>
        <line num="112" count="11" type="cond" truecount="4" falsecount="0"/>
        <line num="113" count="1" type="stmt"/>
        <line num="116" count="10" type="cond" truecount="2" falsecount="0"/>
        <line num="117" count="8" type="stmt"/>
        <line num="118" count="8" type="cond" truecount="1" falsecount="1"/>
        <line num="121" count="8" type="stmt"/>
        <line num="122" count="8" type="cond" truecount="1" falsecount="1"/>
        <line num="123" count="8" type="stmt"/>
        <line num="124" count="8" type="cond" truecount="1" falsecount="1"/>
        <line num="127" count="2" type="cond" truecount="2" falsecount="0"/>
        <line num="128" count="1" type="stmt"/>
        <line num="131" count="1" type="stmt"/>
        <line num="135" count="4" type="cond" truecount="4" falsecount="0"/>
        <line num="136" count="3" type="stmt"/>
        <line num="138" count="1" type="stmt"/>
        <line num="142" count="3" type="cond" truecount="2" falsecount="0"/>
        <line num="143" count="1" type="stmt"/>
        <line num="146" count="2" type="stmt"/>
        <line num="147" count="2" type="cond" truecount="2" falsecount="0"/>
        <line num="151" count="4" type="cond" truecount="2" falsecount="0"/>
        <line num="152" count="3" type="cond" truecount="1" falsecount="1"/>
        <line num="153" count="3" type="cond" truecount="1" falsecount="1"/>
        <line num="154" count="3" type="stmt"/>
        <line num="155" count="3" type="cond" truecount="2" falsecount="0"/>
        <line num="156" count="2" type="cond" truecount="2" falsecount="0"/>
        <line num="158" count="1" type="stmt"/>
        <line num="162" count="8" type="cond" truecount="1" falsecount="1"/>
        <line num="163" count="8" type="stmt"/>
        <line num="167" count="3" type="cond" truecount="2" falsecount="0"/>
        <line num="168" count="1" type="stmt"/>
        <line num="170" count="2" type="cond" truecount="2" falsecount="0"/>
        <line num="171" count="1" type="stmt"/>
        <line num="173" count="1" type="cond" truecount="1" falsecount="1"/>
        <line num="177" count="4" type="cond" truecount="2" falsecount="0"/>
        <line num="181" count="10" type="cond" truecount="4" falsecount="0"/>
        <line num="182" count="4" type="cond" truecount="1" falsecount="1"/>
        <line num="183" count="4" type="cond" truecount="2" falsecount="0"/>
        <line num="184" count="2" type="cond" truecount="2" falsecount="0"/>
        <line num="185" count="1" type="stmt"/>
        <line num="189" count="55" type="cond" truecount="2" falsecount="0"/>
        <line num="194" count="103" type="cond" truecount="1" falsecount="1"/>
        <line num="195" count="103" type="stmt"/>
        <line num="196" count="103" type="stmt"/>
      </file>
      <file name="tag-service.js" path="/Users/nimrod/Documents/TikTrack/TikTrackApp/trading-ui/scripts/services/tag-service.js">
        <metrics statements="200" coveredstatements="159" conditionals="157" coveredconditionals="68" methods="32" coveredmethods="29"/>
        <line num="20" count="24" type="stmt"/>
        <line num="21" count="24" type="stmt"/>
        <line num="22" count="24" type="stmt"/>
        <line num="25" count="9" type="cond" truecount="0" falsecount="1"/>
        <line num="26" count="5" type="stmt"/>
        <line num="27" count="9" type="cond" truecount="0" falsecount="1"/>
        <line num="29" count="7" type="cond" truecount="0" falsecount="2"/>
        <line num="31" count="24" type="stmt"/>
        <line num="32" count="24" type="stmt"/>
        <line num="41" count="17" type="stmt"/>
        <line num="50" count="17" type="stmt"/>
        <line num="51" count="17" type="cond" truecount="2" falsecount="0"/>
        <line num="52" count="1" type="cond" truecount="1" falsecount="1"/>
        <line num="53" count="1" type="stmt"/>
        <line num="55" count="16" type="cond" truecount="1" falsecount="1"/>
        <line num="64" count="6" type="cond" truecount="3" falsecount="1"/>
        <line num="65" count="6" type="stmt"/>
        <line num="67" count="0" type="stmt"/>
        <line num="76" count="8" type="cond" truecount="3" falsecount="1"/>
        <line num="77" count="8" type="stmt"/>
        <line num="78" count="8" type="stmt"/>
        <line num="80" count="1" type="stmt"/>
        <line num="90" count="40" type="cond" truecount="3" falsecount="1"/>
        <line num="91" count="40" type="stmt"/>
        <line num="92" count="40" type="stmt"/>
        <line num="94" count="1" type="stmt"/>
        <line num="105" count="3" type="stmt"/>
        <line num="106" count="3" type="cond" truecount="2" falsecount="0"/>
        <line num="107" count="2" type="stmt"/>
        <line num="108" count="2" type="cond" truecount="2" falsecount="0"/>
        <line num="109" count="1" type="stmt"/>
        <line num="113" count="2" type="stmt"/>
        <line num="114" count="1" type="stmt"/>
        <line num="115" count="1" type="stmt"/>
        <line num="124" count="1" type="stmt"/>
        <line num="128" count="1" type="stmt"/>
        <line num="129" count="1" type="stmt"/>
        <line num="130" count="1" type="stmt"/>
        <line num="131" count="1" type="stmt"/>
        <line num="141" count="1" type="stmt"/>
        <line num="145" count="1" type="stmt"/>
        <line num="146" count="1" type="stmt"/>
        <line num="147" count="1" type="stmt"/>
        <line num="148" count="1" type="stmt"/>
        <line num="157" count="1" type="stmt"/>
        <line num="158" count="1" type="stmt"/>
        <line num="159" count="1" type="stmt"/>
        <line num="160" count="1" type="stmt"/>
        <line num="161" count="1" type="stmt"/>
        <line num="162" count="1" type="stmt"/>
        <line num="171" count="1" type="cond" truecount="0" falsecount="3"/>
        <line num="172" count="1" type="cond" truecount="1" falsecount="1"/>
        <line num="174" count="1" type="cond" truecount="1" falsecount="1"/>
        <line num="175" count="0" type="stmt"/>
        <line num="176" count="0" type="cond" truecount="0" falsecount="2"/>
        <line num="177" count="0" type="stmt"/>
        <line num="181" count="1" type="stmt"/>
        <line num="182" count="1" type="cond" truecount="3" falsecount="1"/>
        <line num="183" count="1" type="stmt"/>
        <line num="185" count="1" type="cond" truecount="1" falsecount="1"/>
        <line num="186" count="1" type="stmt"/>
        <line num="189" count="1" type="stmt"/>
        <line num="190" count="1" type="stmt"/>
        <line num="191" count="1" type="stmt"/>
        <line num="195" count="1" type="stmt"/>
        <line num="199" count="1" type="cond" truecount="1" falsecount="1"/>
        <line num="200" count="1" type="stmt"/>
        <line num="201" count="1" type="stmt"/>
        <line num="202" count="1" type="stmt"/>
        <line num="206" count="1" type="stmt"/>
        <line num="210" count="1" type="cond" truecount="1" falsecount="1"/>
        <line num="211" count="1" type="stmt"/>
        <line num="212" count="1" type="stmt"/>
        <line num="213" count="1" type="stmt"/>
        <line num="217" count="1" type="stmt"/>
        <line num="218" count="1" type="stmt"/>
        <line num="219" count="1" type="stmt"/>
        <line num="220" count="1" type="stmt"/>
        <line num="221" count="1" type="stmt"/>
        <line num="225" count="2" type="stmt"/>
        <line num="226" count="2" type="cond" truecount="2" falsecount="0"/>
        <line num="227" count="1" type="stmt"/>
        <line num="228" count="1" type="cond" truecount="1" falsecount="1"/>
        <line num="229" count="1" type="stmt"/>
        <line num="233" count="1" type="stmt"/>
        <line num="234" count="1" type="stmt"/>
        <line num="235" count="1" type="stmt"/>
        <line num="239" count="1" type="cond" truecount="1" falsecount="1"/>
        <line num="240" count="0" type="stmt"/>
        <line num="242" count="1" type="stmt"/>
        <line num="244" count="2" type="cond" truecount="1" falsecount="1"/>
        <line num="245" count="2" type="cond" truecount="1" falsecount="1"/>
        <line num="247" count="0" type="cond" truecount="0" falsecount="4"/>
        <line num="248" count="0" type="stmt"/>
        <line num="249" count="0" type="cond" truecount="0" falsecount="2"/>
        <line num="251" count="0" type="stmt"/>
        <line num="257" count="0" type="stmt"/>
        <line num="258" count="0" type="cond" truecount="0" falsecount="4"/>
        <line num="259" count="0" type="stmt"/>
        <line num="261" count="0" type="stmt"/>
        <line num="265" count="1" type="stmt"/>
        <line num="266" count="1" type="stmt"/>
        <line num="274" count="1" type="stmt"/>
        <line num="275" count="1" type="stmt"/>
        <line num="281" count="1" type="stmt"/>
        <line num="285" count="1" type="stmt"/>
        <line num="286" count="1" type="cond" truecount="1" falsecount="1"/>
        <line num="287" count="0" type="stmt"/>
        <line num="289" count="1" type="stmt"/>
        <line num="297" count="1" type="stmt"/>
        <line num="298" count="1" type="stmt"/>
        <line num="304" count="1" type="stmt"/>
        <line num="308" count="3" type="cond" truecount="1" falsecount="1"/>
        <line num="309" count="3" type="cond" truecount="2" falsecount="0"/>
        <line num="310" count="1" type="stmt"/>
        <line num="311" count="1" type="cond" truecount="1" falsecount="1"/>
        <line num="312" count="1" type="stmt"/>
        <line num="316" count="2" type="stmt"/>
        <line num="317" count="2" type="cond" truecount="1" falsecount="1"/>
        <line num="318" count="2" type="stmt"/>
        <line num="320" count="2" type="cond" truecount="1" falsecount="1"/>
        <line num="321" count="2" type="stmt"/>
        <line num="324" count="2" type="stmt"/>
        <line num="325" count="2" type="stmt"/>
        <line num="326" count="2" type="stmt"/>
        <line num="330" count="0" type="stmt"/>
        <line num="331" count="0" type="cond" truecount="0" falsecount="2"/>
        <line num="332" count="0" type="stmt"/>
        <line num="335" count="0" type="stmt"/>
        <line num="336" count="0" type="cond" truecount="0" falsecount="4"/>
        <line num="337" count="0" type="stmt"/>
        <line num="340" count="0" type="stmt"/>
        <line num="341" count="0" type="cond" truecount="0" falsecount="2"/>
        <line num="343" count="0" type="stmt"/>
        <line num="347" count="2" type="stmt"/>
        <line num="348" count="2" type="cond" truecount="2" falsecount="0"/>
        <line num="349" count="1" type="stmt"/>
        <line num="350" count="1" type="cond" truecount="1" falsecount="1"/>
        <line num="351" count="1" type="stmt"/>
        <line num="355" count="1" type="stmt"/>
        <line num="356" count="1" type="stmt"/>
        <line num="357" count="1" type="stmt"/>
        <line num="358" count="1" type="stmt"/>
        <line num="362" count="2" type="stmt"/>
        <line num="363" count="2" type="cond" truecount="2" falsecount="0"/>
        <line num="364" count="1" type="stmt"/>
        <line num="365" count="1" type="cond" truecount="1" falsecount="1"/>
        <line num="366" count="1" type="stmt"/>
        <line num="370" count="1" type="stmt"/>
        <line num="371" count="1" type="cond" truecount="1" falsecount="1"/>
        <line num="372" count="1" type="stmt"/>
        <line num="375" count="1" type="stmt"/>
        <line num="376" count="1" type="stmt"/>
        <line num="377" count="1" type="stmt"/>
        <line num="381" count="1" type="cond" truecount="1" falsecount="1"/>
        <line num="382" count="1" type="cond" truecount="1" falsecount="1"/>
        <line num="383" count="1" type="stmt"/>
        <line num="386" count="0" type="cond" truecount="0" falsecount="4"/>
        <line num="387" count="0" type="stmt"/>
        <line num="388" count="0" type="stmt"/>
        <line num="389" count="0" type="cond" truecount="0" falsecount="4"/>
        <line num="390" count="0" type="stmt"/>
        <line num="393" count="0" type="stmt"/>
        <line num="394" count="0" type="cond" truecount="0" falsecount="2"/>
        <line num="395" count="0" type="stmt"/>
        <line num="397" count="0" type="cond" truecount="0" falsecount="2"/>
        <line num="398" count="0" type="stmt"/>
        <line num="400" count="0" type="cond" truecount="0" falsecount="2"/>
        <line num="401" count="0" type="stmt"/>
        <line num="404" count="0" type="stmt"/>
        <line num="405" count="0" type="stmt"/>
        <line num="406" count="0" type="stmt"/>
        <line num="410" count="1" type="cond" truecount="2" falsecount="2"/>
        <line num="411" count="1" type="cond" truecount="1" falsecount="1"/>
        <line num="412" count="0" type="stmt"/>
        <line num="413" count="0" type="cond" truecount="0" falsecount="2"/>
        <line num="414" count="0" type="stmt"/>
        <line num="418" count="1" type="stmt"/>
        <line num="419" count="1" type="cond" truecount="1" falsecount="1"/>
        <line num="420" count="1" type="stmt"/>
        <line num="422" count="1" type="cond" truecount="1" falsecount="1"/>
        <line num="423" count="1" type="stmt"/>
        <line num="425" count="1" type="cond" truecount="1" falsecount="1"/>
        <line num="426" count="1" type="stmt"/>
        <line num="429" count="1" type="stmt"/>
        <line num="430" count="1" type="stmt"/>
        <line num="431" count="1" type="stmt"/>
        <line num="435" count="3" type="stmt"/>
        <line num="436" count="3" type="stmt"/>
        <line num="437" count="3" type="stmt"/>
        <line num="438" count="3" type="stmt"/>
        <line num="439" count="3" type="stmt"/>
        <line num="440" count="3" type="stmt"/>
        <line num="441" count="3" type="cond" truecount="2" falsecount="2"/>
        <line num="442" count="3" type="stmt"/>
        <line num="443" count="3" type="stmt"/>
        <line num="447" count="1" type="stmt"/>
        <line num="448" count="1" type="stmt"/>
        <line num="449" count="1" type="stmt"/>
        <line num="452" count="24" type="stmt"/>
      </file>
    </package>
  </project>
</coverage>
