{"/Users/nimrod/Documents/TikTrack/TikTrackApp/trading-ui/scripts/button-system-demo-core.js": {"path":"/Users/nimrod/Documents/TikTrack/TikTrackApp/trading-ui/scripts/button-system-demo-core.js","statementMap":{"0":{"start":{"line":6,"column":31},"end":{"line":34,"column":1}},"1":{"start":{"line":36,"column":32},"end":{"line":40,"column":1}},"2":{"start":{"line":42,"column":28},"end":{"line":49,"column":1}},"3":{"start":{"line":51,"column":31},"end":{"line":51,"column":40}},"4":{"start":{"line":52,"column":36},"end":{"line":52,"column":53}},"5":{"start":{"line":54,"column":22},"end":{"line":64,"column":1}},"6":{"start":{"line":66,"column":26},"end":{"line":70,"column":1}},"7":{"start":{"line":72,"column":23},"end":{"line":76,"column":1}},"8":{"start":{"line":78,"column":25},"end":{"line":81,"column":1}},"9":{"start":{"line":83,"column":28},"end":{"line":83,"column":61}},"10":{"start":{"line":84,"column":24},"end":{"line":84,"column":53}},"11":{"start":{"line":85,"column":31},"end":{"line":85,"column":36}},"12":{"start":{"line":86,"column":30},"end":{"line":86,"column":35}},"13":{"start":{"line":88,"column":28},"end":{"line":116,"column":1}},"14":{"start":{"line":119,"column":4},"end":{"line":121,"column":5}},"15":{"start":{"line":120,"column":8},"end":{"line":120,"column":20}},"16":{"start":{"line":122,"column":4},"end":{"line":122,"column":101}},"17":{"start":{"line":126,"column":4},"end":{"line":128,"column":5}},"18":{"start":{"line":127,"column":8},"end":{"line":127,"column":18}},"19":{"start":{"line":129,"column":4},"end":{"line":131,"column":32}},"20":{"start":{"line":135,"column":16},"end":{"line":135,"column":45}},"21":{"start":{"line":136,"column":4},"end":{"line":136,"column":74}},"22":{"start":{"line":140,"column":16},"end":{"line":140,"column":45}},"23":{"start":{"line":141,"column":4},"end":{"line":141,"column":67}},"24":{"start":{"line":145,"column":4},"end":{"line":145,"column":60}},"25":{"start":{"line":149,"column":4},"end":{"line":151,"column":5}},"26":{"start":{"line":150,"column":8},"end":{"line":150,"column":19}},"27":{"start":{"line":152,"column":20},"end":{"line":152,"column":50}},"28":{"start":{"line":153,"column":19},"end":{"line":153,"column":83}},"29":{"start":{"line":154,"column":18},"end":{"line":154,"column":90}},"30":{"start":{"line":155,"column":21},"end":{"line":155,"column":87}},"31":{"start":{"line":156,"column":4},"end":{"line":156,"column":85}},"32":{"start":{"line":160,"column":18},"end":{"line":163,"column":5}},"33":{"start":{"line":165,"column":4},"end":{"line":167,"column":5}},"34":{"start":{"line":166,"column":8},"end":{"line":166,"column":55}},"35":{"start":{"line":169,"column":4},"end":{"line":171,"column":5}},"36":{"start":{"line":170,"column":8},"end":{"line":170,"column":61}},"37":{"start":{"line":173,"column":4},"end":{"line":175,"column":5}},"38":{"start":{"line":174,"column":8},"end":{"line":174,"column":76}},"39":{"start":{"line":177,"column":4},"end":{"line":179,"column":5}},"40":{"start":{"line":178,"column":8},"end":{"line":178,"column":64}},"41":{"start":{"line":181,"column":4},"end":{"line":181,"column":60}},"42":{"start":{"line":183,"column":4},"end":{"line":183,"column":50}},"43":{"start":{"line":187,"column":4},"end":{"line":187,"column":81}},"44":{"start":{"line":191,"column":4},"end":{"line":195,"column":6}},"45":{"start":{"line":199,"column":4},"end":{"line":203,"column":6}},"46":{"start":{"line":207,"column":16},"end":{"line":207,"column":48}},"47":{"start":{"line":208,"column":4},"end":{"line":208,"column":36}},"48":{"start":{"line":209,"column":4},"end":{"line":209,"column":54}},"49":{"start":{"line":210,"column":4},"end":{"line":210,"column":46}},"50":{"start":{"line":211,"column":4},"end":{"line":213,"column":5}},"51":{"start":{"line":212,"column":8},"end":{"line":212,"column":44}},"52":{"start":{"line":214,"column":4},"end":{"line":216,"column":5}},"53":{"start":{"line":215,"column":8},"end":{"line":215,"column":46}},"54":{"start":{"line":217,"column":4},"end":{"line":219,"column":5}},"55":{"start":{"line":218,"column":8},"end":{"line":218,"column":57}},"56":{"start":{"line":221,"column":17},"end":{"line":221,"column":62}},"57":{"start":{"line":222,"column":17},"end":{"line":222,"column":62}},"58":{"start":{"line":224,"column":4},"end":{"line":237,"column":5}},"59":{"start":{"line":226,"column":12},"end":{"line":226,"column":46}},"60":{"start":{"line":227,"column":12},"end":{"line":227,"column":48}},"61":{"start":{"line":228,"column":12},"end":{"line":228,"column":18}},"62":{"start":{"line":230,"column":12},"end":{"line":230,"column":48}},"63":{"start":{"line":231,"column":12},"end":{"line":231,"column":46}},"64":{"start":{"line":232,"column":12},"end":{"line":232,"column":18}},"65":{"start":{"line":234,"column":12},"end":{"line":234,"column":48}},"66":{"start":{"line":235,"column":12},"end":{"line":235,"column":48}},"67":{"start":{"line":236,"column":12},"end":{"line":236,"column":18}},"68":{"start":{"line":239,"column":4},"end":{"line":239,"column":100}},"69":{"start":{"line":240,"column":4},"end":{"line":240,"column":15}},"70":{"start":{"line":244,"column":20},"end":{"line":244,"column":49}},"71":{"start":{"line":245,"column":4},"end":{"line":245,"column":58}},"72":{"start":{"line":247,"column":26},"end":{"line":247,"column":73}},"73":{"start":{"line":248,"column":17},"end":{"line":248,"column":47}},"74":{"start":{"line":249,"column":4},"end":{"line":249,"column":34}},"75":{"start":{"line":250,"column":4},"end":{"line":250,"column":67}},"76":{"start":{"line":252,"column":25},"end":{"line":252,"column":54}},"77":{"start":{"line":253,"column":4},"end":{"line":253,"column":117}},"78":{"start":{"line":255,"column":4},"end":{"line":255,"column":30}},"79":{"start":{"line":256,"column":4},"end":{"line":256,"column":38}},"80":{"start":{"line":257,"column":4},"end":{"line":257,"column":19}},"81":{"start":{"line":260,"column":27},"end":{"line":296,"column":1}},"82":{"start":{"line":264,"column":26},"end":{"line":264,"column":47}},"83":{"start":{"line":265,"column":24},"end":{"line":288,"column":10}},"84":{"start":{"line":266,"column":25},"end":{"line":266,"column":55}},"85":{"start":{"line":267,"column":25},"end":{"line":267,"column":55}},"86":{"start":{"line":268,"column":34},"end":{"line":268,"column":89}},"87":{"start":{"line":269,"column":35},"end":{"line":269,"column":61}},"88":{"start":{"line":271,"column":12},"end":{"line":287,"column":14}},"89":{"start":{"line":290,"column":8},"end":{"line":290,"column":31}},"90":{"start":{"line":291,"column":8},"end":{"line":294,"column":15}},"91":{"start":{"line":292,"column":12},"end":{"line":292,"column":38}},"92":{"start":{"line":293,"column":12},"end":{"line":293,"column":23}},"93":{"start":{"line":298,"column":0},"end":{"line":298,"column":29}},"94":{"start":{"line":301,"column":23},"end":{"line":301,"column":90}},"95":{"start":{"line":302,"column":4},"end":{"line":317,"column":7}},"96":{"start":{"line":303,"column":32},"end":{"line":303,"column":105}},"97":{"start":{"line":304,"column":8},"end":{"line":306,"column":9}},"98":{"start":{"line":305,"column":12},"end":{"line":305,"column":25}},"99":{"start":{"line":307,"column":8},"end":{"line":309,"column":9}},"100":{"start":{"line":308,"column":12},"end":{"line":308,"column":24}},"101":{"start":{"line":310,"column":25},"end":{"line":315,"column":33}},"102":{"start":{"line":316,"column":8},"end":{"line":316,"column":45}},"103":{"start":{"line":321,"column":17},"end":{"line":321,"column":45}},"104":{"start":{"line":323,"column":4},"end":{"line":326,"column":5}},"105":{"start":{"line":324,"column":8},"end":{"line":324,"column":61}},"106":{"start":{"line":325,"column":8},"end":{"line":325,"column":20}},"107":{"start":{"line":328,"column":22},"end":{"line":328,"column":51}},"108":{"start":{"line":329,"column":4},"end":{"line":329,"column":39}},"109":{"start":{"line":330,"column":4},"end":{"line":330,"column":36}},"110":{"start":{"line":331,"column":4},"end":{"line":331,"column":32}},"111":{"start":{"line":333,"column":20},"end":{"line":333,"column":49}},"112":{"start":{"line":334,"column":4},"end":{"line":334,"column":39}},"113":{"start":{"line":336,"column":20},"end":{"line":336,"column":52}},"114":{"start":{"line":337,"column":4},"end":{"line":337,"column":53}},"115":{"start":{"line":338,"column":4},"end":{"line":338,"column":50}},"116":{"start":{"line":339,"column":4},"end":{"line":339,"column":46}},"117":{"start":{"line":340,"column":4},"end":{"line":340,"column":111}},"118":{"start":{"line":341,"column":4},"end":{"line":341,"column":33}},"119":{"start":{"line":343,"column":4},"end":{"line":343,"column":30}},"120":{"start":{"line":344,"column":4},"end":{"line":344,"column":16}},"121":{"start":{"line":348,"column":16},"end":{"line":348,"column":44}},"122":{"start":{"line":349,"column":4},"end":{"line":349,"column":47}},"123":{"start":{"line":350,"column":4},"end":{"line":350,"column":55}},"124":{"start":{"line":351,"column":4},"end":{"line":351,"column":61}},"125":{"start":{"line":353,"column":21},"end":{"line":353,"column":49}},"126":{"start":{"line":354,"column":4},"end":{"line":354,"column":45}},"127":{"start":{"line":355,"column":28},"end":{"line":355,"column":57}},"128":{"start":{"line":356,"column":4},"end":{"line":356,"column":47}},"129":{"start":{"line":358,"column":21},"end":{"line":362,"column":5}},"130":{"start":{"line":364,"column":4},"end":{"line":375,"column":7}},"131":{"start":{"line":365,"column":21},"end":{"line":365,"column":50}},"132":{"start":{"line":366,"column":8},"end":{"line":366,"column":45}},"133":{"start":{"line":368,"column":22},"end":{"line":368,"column":52}},"134":{"start":{"line":369,"column":8},"end":{"line":369,"column":42}},"135":{"start":{"line":370,"column":8},"end":{"line":370,"column":48}},"136":{"start":{"line":371,"column":8},"end":{"line":371,"column":32}},"137":{"start":{"line":373,"column":8},"end":{"line":373,"column":77}},"138":{"start":{"line":374,"column":8},"end":{"line":374,"column":42}},"139":{"start":{"line":377,"column":4},"end":{"line":386,"column":5}},"140":{"start":{"line":378,"column":26},"end":{"line":378,"column":55}},"141":{"start":{"line":379,"column":8},"end":{"line":379,"column":51}},"142":{"start":{"line":380,"column":22},"end":{"line":380,"column":52}},"143":{"start":{"line":381,"column":8},"end":{"line":381,"column":42}},"144":{"start":{"line":382,"column":8},"end":{"line":382,"column":35}},"145":{"start":{"line":383,"column":8},"end":{"line":383,"column":37}},"146":{"start":{"line":384,"column":8},"end":{"line":384,"column":97}},"147":{"start":{"line":385,"column":8},"end":{"line":385,"column":47}},"148":{"start":{"line":388,"column":4},"end":{"line":388,"column":42}},"149":{"start":{"line":389,"column":4},"end":{"line":389,"column":30}},"150":{"start":{"line":391,"column":21},"end":{"line":391,"column":49}},"151":{"start":{"line":392,"column":4},"end":{"line":392,"column":111}},"152":{"start":{"line":393,"column":4},"end":{"line":393,"column":30}},"153":{"start":{"line":395,"column":28},"end":{"line":395,"column":56}},"154":{"start":{"line":396,"column":4},"end":{"line":396,"column":53}},"155":{"start":{"line":397,"column":4},"end":{"line":397,"column":37}},"156":{"start":{"line":399,"column":22},"end":{"line":399,"column":50}},"157":{"start":{"line":400,"column":4},"end":{"line":400,"column":81}},"158":{"start":{"line":401,"column":4},"end":{"line":401,"column":31}},"159":{"start":{"line":403,"column":4},"end":{"line":403,"column":82}},"160":{"start":{"line":404,"column":4},"end":{"line":404,"column":82}},"161":{"start":{"line":405,"column":4},"end":{"line":405,"column":74}},"162":{"start":{"line":407,"column":24},"end":{"line":407,"column":52}},"163":{"start":{"line":408,"column":4},"end":{"line":408,"column":42}},"164":{"start":{"line":410,"column":23},"end":{"line":410,"column":55}},"165":{"start":{"line":411,"column":4},"end":{"line":411,"column":56}},"166":{"start":{"line":412,"column":4},"end":{"line":412,"column":53}},"167":{"start":{"line":413,"column":4},"end":{"line":413,"column":49}},"168":{"start":{"line":414,"column":4},"end":{"line":414,"column":112}},"169":{"start":{"line":415,"column":4},"end":{"line":415,"column":40}},"170":{"start":{"line":417,"column":19},"end":{"line":417,"column":51}},"171":{"start":{"line":418,"column":4},"end":{"line":418,"column":52}},"172":{"start":{"line":419,"column":4},"end":{"line":419,"column":49}},"173":{"start":{"line":420,"column":4},"end":{"line":420,"column":43}},"174":{"start":{"line":421,"column":4},"end":{"line":421,"column":104}},"175":{"start":{"line":422,"column":4},"end":{"line":422,"column":36}},"176":{"start":{"line":424,"column":4},"end":{"line":424,"column":33}},"177":{"start":{"line":425,"column":4},"end":{"line":425,"column":15}},"178":{"start":{"line":429,"column":25},"end":{"line":429,"column":64}},"179":{"start":{"line":430,"column":26},"end":{"line":430,"column":66}},"180":{"start":{"line":431,"column":30},"end":{"line":431,"column":72}},"181":{"start":{"line":432,"column":30},"end":{"line":432,"column":67}},"182":{"start":{"line":433,"column":31},"end":{"line":433,"column":74}},"183":{"start":{"line":435,"column":4},"end":{"line":437,"column":5}},"184":{"start":{"line":436,"column":8},"end":{"line":436,"column":69}},"185":{"start":{"line":438,"column":4},"end":{"line":440,"column":5}},"186":{"start":{"line":439,"column":8},"end":{"line":439,"column":59}},"187":{"start":{"line":441,"column":4},"end":{"line":444,"column":5}},"188":{"start":{"line":442,"column":27},"end":{"line":442,"column":86}},"189":{"start":{"line":442,"column":75},"end":{"line":442,"column":84}},"190":{"start":{"line":443,"column":8},"end":{"line":443,"column":56}},"191":{"start":{"line":445,"column":4},"end":{"line":447,"column":5}},"192":{"start":{"line":446,"column":8},"end":{"line":446,"column":79}},"193":{"start":{"line":448,"column":4},"end":{"line":450,"column":5}},"194":{"start":{"line":449,"column":8},"end":{"line":449,"column":118}},"195":{"start":{"line":454,"column":18},"end":{"line":454,"column":60}},"196":{"start":{"line":455,"column":4},"end":{"line":457,"column":5}},"197":{"start":{"line":456,"column":8},"end":{"line":456,"column":15}},"198":{"start":{"line":459,"column":28},"end":{"line":459,"column":48}},"199":{"start":{"line":460,"column":4},"end":{"line":460,"column":25}},"200":{"start":{"line":462,"column":4},"end":{"line":464,"column":7}},"201":{"start":{"line":463,"column":8},"end":{"line":463,"column":51}},"202":{"start":{"line":466,"column":4},"end":{"line":468,"column":5}},"203":{"start":{"line":467,"column":8},"end":{"line":467,"column":58}},"204":{"start":{"line":470,"column":4},"end":{"line":470,"column":33}},"205":{"start":{"line":471,"column":4},"end":{"line":471,"column":99}},"206":{"start":{"line":475,"column":4},"end":{"line":475,"column":24}},"207":{"start":{"line":479,"column":4},"end":{"line":481,"column":5}},"208":{"start":{"line":480,"column":8},"end":{"line":480,"column":15}},"209":{"start":{"line":482,"column":4},"end":{"line":490,"column":7}},"210":{"start":{"line":483,"column":8},"end":{"line":489,"column":9}},"211":{"start":{"line":484,"column":12},"end":{"line":484,"column":43}},"212":{"start":{"line":485,"column":12},"end":{"line":485,"column":56}},"213":{"start":{"line":487,"column":12},"end":{"line":487,"column":46}},"214":{"start":{"line":488,"column":12},"end":{"line":488,"column":57}},"215":{"start":{"line":494,"column":4},"end":{"line":497,"column":5}},"216":{"start":{"line":495,"column":8},"end":{"line":495,"column":103}},"217":{"start":{"line":496,"column":8},"end":{"line":496,"column":15}},"218":{"start":{"line":499,"column":22},"end":{"line":499,"column":70}},"219":{"start":{"line":500,"column":4},"end":{"line":502,"column":5}},"220":{"start":{"line":501,"column":8},"end":{"line":501,"column":15}},"221":{"start":{"line":504,"column":4},"end":{"line":504,"column":29}},"222":{"start":{"line":505,"column":4},"end":{"line":522,"column":7}},"223":{"start":{"line":506,"column":23},"end":{"line":506,"column":55}},"224":{"start":{"line":507,"column":8},"end":{"line":507,"column":31}},"225":{"start":{"line":508,"column":8},"end":{"line":508,"column":62}},"226":{"start":{"line":509,"column":8},"end":{"line":509,"column":42}},"227":{"start":{"line":510,"column":8},"end":{"line":510,"column":57}},"228":{"start":{"line":511,"column":8},"end":{"line":520,"column":11}},"229":{"start":{"line":512,"column":12},"end":{"line":514,"column":13}},"230":{"start":{"line":513,"column":16},"end":{"line":513,"column":23}},"231":{"start":{"line":515,"column":12},"end":{"line":515,"column":46}},"232":{"start":{"line":516,"column":12},"end":{"line":516,"column":58}},"233":{"start":{"line":517,"column":12},"end":{"line":517,"column":56}},"234":{"start":{"line":518,"column":12},"end":{"line":518,"column":34}},"235":{"start":{"line":519,"column":12},"end":{"line":519,"column":32}},"236":{"start":{"line":521,"column":8},"end":{"line":521,"column":38}},"237":{"start":{"line":524,"column":4},"end":{"line":524,"column":60}},"238":{"start":{"line":525,"column":4},"end":{"line":525,"column":36}},"239":{"start":{"line":529,"column":17},"end":{"line":529,"column":45}},"240":{"start":{"line":530,"column":4},"end":{"line":530,"column":42}},"241":{"start":{"line":532,"column":4},"end":{"line":554,"column":7}},"242":{"start":{"line":533,"column":21},"end":{"line":533,"column":49}},"243":{"start":{"line":534,"column":22},"end":{"line":534,"column":52}},"244":{"start":{"line":535,"column":8},"end":{"line":535,"column":41}},"245":{"start":{"line":537,"column":29},"end":{"line":537,"column":58}},"246":{"start":{"line":538,"column":8},"end":{"line":538,"column":67}},"247":{"start":{"line":540,"column":8},"end":{"line":545,"column":9}},"248":{"start":{"line":541,"column":25},"end":{"line":541,"column":55}},"249":{"start":{"line":542,"column":12},"end":{"line":542,"column":42}},"250":{"start":{"line":543,"column":12},"end":{"line":543,"column":49}},"251":{"start":{"line":544,"column":12},"end":{"line":544,"column":43}},"252":{"start":{"line":547,"column":22},"end":{"line":547,"column":52}},"253":{"start":{"line":548,"column":8},"end":{"line":548,"column":48}},"254":{"start":{"line":549,"column":8},"end":{"line":549,"column":40}},"255":{"start":{"line":551,"column":8},"end":{"line":551,"column":32}},"256":{"start":{"line":552,"column":8},"end":{"line":552,"column":39}},"257":{"start":{"line":553,"column":8},"end":{"line":553,"column":31}},"258":{"start":{"line":556,"column":4},"end":{"line":556,"column":16}},"259":{"start":{"line":560,"column":16},"end":{"line":560,"column":44}},"260":{"start":{"line":562,"column":22},"end":{"line":562,"column":50}},"261":{"start":{"line":563,"column":4},"end":{"line":563,"column":45}},"262":{"start":{"line":564,"column":4},"end":{"line":564,"column":31}},"263":{"start":{"line":566,"column":21},"end":{"line":566,"column":49}},"264":{"start":{"line":567,"column":4},"end":{"line":567,"column":140}},"265":{"start":{"line":568,"column":4},"end":{"line":568,"column":30}},"266":{"start":{"line":570,"column":27},"end":{"line":570,"column":55}},"267":{"start":{"line":571,"column":4},"end":{"line":571,"column":73}},"268":{"start":{"line":572,"column":4},"end":{"line":572,"column":36}},"269":{"start":{"line":574,"column":22},"end":{"line":574,"column":50}},"270":{"start":{"line":575,"column":25},"end":{"line":575,"column":54}},"271":{"start":{"line":576,"column":4},"end":{"line":576,"column":63}},"272":{"start":{"line":577,"column":17},"end":{"line":577,"column":47}},"273":{"start":{"line":578,"column":4},"end":{"line":578,"column":34}},"274":{"start":{"line":579,"column":4},"end":{"line":579,"column":53}},"275":{"start":{"line":580,"column":4},"end":{"line":580,"column":35}},"276":{"start":{"line":581,"column":22},"end":{"line":581,"column":52}},"277":{"start":{"line":582,"column":4},"end":{"line":582,"column":47}},"278":{"start":{"line":583,"column":4},"end":{"line":583,"column":40}},"279":{"start":{"line":584,"column":4},"end":{"line":584,"column":40}},"280":{"start":{"line":585,"column":4},"end":{"line":585,"column":31}},"281":{"start":{"line":587,"column":24},"end":{"line":587,"column":52}},"282":{"start":{"line":588,"column":4},"end":{"line":592,"column":5}},"283":{"start":{"line":589,"column":8},"end":{"line":589,"column":71}},"284":{"start":{"line":591,"column":8},"end":{"line":591,"column":68}},"285":{"start":{"line":593,"column":4},"end":{"line":593,"column":33}},"286":{"start":{"line":595,"column":24},"end":{"line":595,"column":52}},"287":{"start":{"line":596,"column":4},"end":{"line":596,"column":67}},"288":{"start":{"line":598,"column":27},"end":{"line":598,"column":71}},"289":{"start":{"line":599,"column":22},"end":{"line":599,"column":61}},"290":{"start":{"line":601,"column":4},"end":{"line":608,"column":5}},"291":{"start":{"line":602,"column":23},"end":{"line":602,"column":55}},"292":{"start":{"line":603,"column":8},"end":{"line":603,"column":56}},"293":{"start":{"line":604,"column":8},"end":{"line":604,"column":53}},"294":{"start":{"line":605,"column":8},"end":{"line":605,"column":49}},"295":{"start":{"line":606,"column":8},"end":{"line":606,"column":134}},"296":{"start":{"line":607,"column":8},"end":{"line":607,"column":40}},"297":{"start":{"line":610,"column":4},"end":{"line":617,"column":5}},"298":{"start":{"line":611,"column":26},"end":{"line":611,"column":58}},"299":{"start":{"line":612,"column":8},"end":{"line":612,"column":59}},"300":{"start":{"line":613,"column":8},"end":{"line":613,"column":56}},"301":{"start":{"line":614,"column":8},"end":{"line":614,"column":51}},"302":{"start":{"line":615,"column":8},"end":{"line":615,"column":132}},"303":{"start":{"line":616,"column":8},"end":{"line":616,"column":43}},"304":{"start":{"line":619,"column":4},"end":{"line":619,"column":33}},"305":{"start":{"line":620,"column":4},"end":{"line":620,"column":15}},"306":{"start":{"line":624,"column":19},"end":{"line":695,"column":5}},"307":{"start":{"line":697,"column":4},"end":{"line":725,"column":25}},"308":{"start":{"line":699,"column":26},"end":{"line":699,"column":63}},"309":{"start":{"line":700,"column":12},"end":{"line":702,"column":13}},"310":{"start":{"line":701,"column":16},"end":{"line":701,"column":28}},"311":{"start":{"line":704,"column":28},"end":{"line":704,"column":30}},"312":{"start":{"line":705,"column":12},"end":{"line":707,"column":13}},"313":{"start":{"line":706,"column":16},"end":{"line":706,"column":86}},"314":{"start":{"line":709,"column":12},"end":{"line":714,"column":15}},"315":{"start":{"line":710,"column":37},"end":{"line":710,"column":69}},"316":{"start":{"line":711,"column":16},"end":{"line":713,"column":17}},"317":{"start":{"line":712,"column":20},"end":{"line":712,"column":101}},"318":{"start":{"line":716,"column":12},"end":{"line":723,"column":14}},"319":{"start":{"line":729,"column":26},"end":{"line":732,"column":10}},"320":{"start":{"line":730,"column":8},"end":{"line":730,"column":34}},"321":{"start":{"line":731,"column":8},"end":{"line":731,"column":19}},"322":{"start":{"line":734,"column":4},"end":{"line":752,"column":11}},"323":{"start":{"line":735,"column":28},"end":{"line":735,"column":46}},"324":{"start":{"line":737,"column":27},"end":{"line":737,"column":46}},"325":{"start":{"line":738,"column":25},"end":{"line":738,"column":48}},"326":{"start":{"line":739,"column":26},"end":{"line":739,"column":55}},"327":{"start":{"line":740,"column":12},"end":{"line":751,"column":14}},"328":{"start":{"line":756,"column":21},"end":{"line":757,"column":47}},"329":{"start":{"line":757,"column":28},"end":{"line":757,"column":46}},"330":{"start":{"line":759,"column":4},"end":{"line":773,"column":7}},"331":{"start":{"line":760,"column":22},"end":{"line":760,"column":106}},"332":{"start":{"line":761,"column":8},"end":{"line":772,"column":10}},"333":{"start":{"line":771,"column":33},"end":{"line":771,"column":45}},"334":{"start":{"line":777,"column":21},"end":{"line":777,"column":102}},"335":{"start":{"line":777,"column":83},"end":{"line":777,"column":101}},"336":{"start":{"line":779,"column":4},"end":{"line":826,"column":25}},"337":{"start":{"line":781,"column":25},"end":{"line":781,"column":62}},"338":{"start":{"line":782,"column":31},"end":{"line":782,"column":52}},"339":{"start":{"line":783,"column":26},"end":{"line":785,"column":51}},"340":{"start":{"line":787,"column":12},"end":{"line":789,"column":13}},"341":{"start":{"line":788,"column":16},"end":{"line":788,"column":28}},"342":{"start":{"line":791,"column":28},"end":{"line":791,"column":30}},"343":{"start":{"line":792,"column":23},"end":{"line":794,"column":70}},"344":{"start":{"line":795,"column":27},"end":{"line":797,"column":74}},"345":{"start":{"line":798,"column":25},"end":{"line":800,"column":73}},"346":{"start":{"line":802,"column":12},"end":{"line":804,"column":13}},"347":{"start":{"line":803,"column":16},"end":{"line":803,"column":76}},"348":{"start":{"line":805,"column":12},"end":{"line":807,"column":13}},"349":{"start":{"line":806,"column":16},"end":{"line":806,"column":80}},"350":{"start":{"line":808,"column":12},"end":{"line":810,"column":13}},"351":{"start":{"line":809,"column":16},"end":{"line":809,"column":74}},"352":{"start":{"line":812,"column":27},"end":{"line":812,"column":82}},"353":{"start":{"line":813,"column":12},"end":{"line":815,"column":13}},"354":{"start":{"line":814,"column":16},"end":{"line":814,"column":99}},"355":{"start":{"line":817,"column":12},"end":{"line":824,"column":14}},"356":{"start":{"line":830,"column":24},"end":{"line":830,"column":114}},"357":{"start":{"line":830,"column":95},"end":{"line":830,"column":113}},"358":{"start":{"line":832,"column":4},"end":{"line":858,"column":25}},"359":{"start":{"line":834,"column":25},"end":{"line":834,"column":56}},"360":{"start":{"line":835,"column":31},"end":{"line":835,"column":51}},"361":{"start":{"line":836,"column":27},"end":{"line":838,"column":32}},"362":{"start":{"line":840,"column":12},"end":{"line":842,"column":13}},"363":{"start":{"line":841,"column":16},"end":{"line":841,"column":28}},"364":{"start":{"line":844,"column":28},"end":{"line":847,"column":46}},"365":{"start":{"line":847,"column":33},"end":{"line":847,"column":45}},"366":{"start":{"line":849,"column":12},"end":{"line":856,"column":14}},"367":{"start":{"line":862,"column":20},"end":{"line":862,"column":108}},"368":{"start":{"line":862,"column":89},"end":{"line":862,"column":107}},"369":{"start":{"line":864,"column":4},"end":{"line":891,"column":25}},"370":{"start":{"line":866,"column":25},"end":{"line":866,"column":51}},"371":{"start":{"line":867,"column":31},"end":{"line":867,"column":47}},"372":{"start":{"line":868,"column":27},"end":{"line":870,"column":32}},"373":{"start":{"line":872,"column":12},"end":{"line":874,"column":13}},"374":{"start":{"line":873,"column":16},"end":{"line":873,"column":28}},"375":{"start":{"line":876,"column":28},"end":{"line":880,"column":46}},"376":{"start":{"line":880,"column":33},"end":{"line":880,"column":45}},"377":{"start":{"line":882,"column":12},"end":{"line":889,"column":14}},"378":{"start":{"line":895,"column":4},"end":{"line":910,"column":5}},"379":{"start":{"line":897,"column":12},"end":{"line":897,"column":39}},"380":{"start":{"line":899,"column":12},"end":{"line":899,"column":40}},"381":{"start":{"line":901,"column":12},"end":{"line":901,"column":40}},"382":{"start":{"line":903,"column":12},"end":{"line":903,"column":40}},"383":{"start":{"line":905,"column":12},"end":{"line":905,"column":44}},"384":{"start":{"line":907,"column":12},"end":{"line":907,"column":41}},"385":{"start":{"line":909,"column":12},"end":{"line":909,"column":22}},"386":{"start":{"line":914,"column":18},"end":{"line":914,"column":60}},"387":{"start":{"line":915,"column":4},"end":{"line":917,"column":5}},"388":{"start":{"line":916,"column":8},"end":{"line":916,"column":15}},"389":{"start":{"line":919,"column":17},"end":{"line":919,"column":55}},"390":{"start":{"line":921,"column":4},"end":{"line":921,"column":25}},"391":{"start":{"line":922,"column":4},"end":{"line":922,"column":79}},"392":{"start":{"line":922,"column":30},"end":{"line":922,"column":77}},"393":{"start":{"line":924,"column":4},"end":{"line":926,"column":5}},"394":{"start":{"line":925,"column":8},"end":{"line":925,"column":58}},"395":{"start":{"line":928,"column":4},"end":{"line":928,"column":91}},"396":{"start":{"line":930,"column":30},"end":{"line":930,"column":73}},"397":{"start":{"line":931,"column":4},"end":{"line":933,"column":5}},"398":{"start":{"line":932,"column":8},"end":{"line":932,"column":97}},"399":{"start":{"line":937,"column":4},"end":{"line":940,"column":5}},"400":{"start":{"line":938,"column":8},"end":{"line":938,"column":95}},"401":{"start":{"line":939,"column":8},"end":{"line":939,"column":15}},"402":{"start":{"line":942,"column":22},"end":{"line":942,"column":66}},"403":{"start":{"line":943,"column":4},"end":{"line":945,"column":5}},"404":{"start":{"line":944,"column":8},"end":{"line":944,"column":15}},"405":{"start":{"line":947,"column":4},"end":{"line":947,"column":29}},"406":{"start":{"line":948,"column":4},"end":{"line":965,"column":7}},"407":{"start":{"line":949,"column":23},"end":{"line":949,"column":55}},"408":{"start":{"line":950,"column":8},"end":{"line":950,"column":31}},"409":{"start":{"line":951,"column":8},"end":{"line":951,"column":62}},"410":{"start":{"line":952,"column":8},"end":{"line":952,"column":42}},"411":{"start":{"line":953,"column":8},"end":{"line":953,"column":57}},"412":{"start":{"line":954,"column":8},"end":{"line":963,"column":11}},"413":{"start":{"line":955,"column":12},"end":{"line":957,"column":13}},"414":{"start":{"line":956,"column":16},"end":{"line":956,"column":23}},"415":{"start":{"line":958,"column":12},"end":{"line":958,"column":42}},"416":{"start":{"line":959,"column":12},"end":{"line":959,"column":54}},"417":{"start":{"line":960,"column":12},"end":{"line":960,"column":56}},"418":{"start":{"line":961,"column":12},"end":{"line":961,"column":34}},"419":{"start":{"line":962,"column":12},"end":{"line":962,"column":32}},"420":{"start":{"line":964,"column":8},"end":{"line":964,"column":38}},"421":{"start":{"line":967,"column":4},"end":{"line":967,"column":56}},"422":{"start":{"line":968,"column":4},"end":{"line":968,"column":35}},"423":{"start":{"line":972,"column":20},"end":{"line":972,"column":51}},"424":{"start":{"line":974,"column":4},"end":{"line":981,"column":5}},"425":{"start":{"line":975,"column":8},"end":{"line":979,"column":15}},"426":{"start":{"line":976,"column":37},"end":{"line":976,"column":127}},"427":{"start":{"line":978,"column":16},"end":{"line":978,"column":106}},"428":{"start":{"line":980,"column":8},"end":{"line":980,"column":15}},"429":{"start":{"line":983,"column":4},"end":{"line":987,"column":5}},"430":{"start":{"line":984,"column":8},"end":{"line":984,"column":83}},"431":{"start":{"line":986,"column":8},"end":{"line":986,"column":100}},"432":{"start":{"line":991,"column":16},"end":{"line":991,"column":20}},"433":{"start":{"line":993,"column":4},"end":{"line":999,"column":5}},"434":{"start":{"line":994,"column":8},"end":{"line":998,"column":9}},"435":{"start":{"line":995,"column":12},"end":{"line":995,"column":88}},"436":{"start":{"line":997,"column":12},"end":{"line":997,"column":100}},"437":{"start":{"line":1001,"column":4},"end":{"line":1010,"column":5}},"438":{"start":{"line":1002,"column":8},"end":{"line":1009,"column":9}},"439":{"start":{"line":1003,"column":27},"end":{"line":1003,"column":76}},"440":{"start":{"line":1004,"column":12},"end":{"line":1006,"column":13}},"441":{"start":{"line":1005,"column":16},"end":{"line":1005,"column":43}},"442":{"start":{"line":1008,"column":12},"end":{"line":1008,"column":103}},"443":{"start":{"line":1012,"column":4},"end":{"line":1014,"column":5}},"444":{"start":{"line":1013,"column":8},"end":{"line":1013,"column":73}},"445":{"start":{"line":1016,"column":4},"end":{"line":1016,"column":71}},"446":{"start":{"line":1017,"column":4},"end":{"line":1017,"column":65}},"447":{"start":{"line":1021,"column":4},"end":{"line":1021,"column":33}},"448":{"start":{"line":1022,"column":4},"end":{"line":1022,"column":29}},"449":{"start":{"line":1024,"column":4},"end":{"line":1024,"column":30}},"450":{"start":{"line":1025,"column":4},"end":{"line":1025,"column":29}},"451":{"start":{"line":1026,"column":4},"end":{"line":1026,"column":24}},"452":{"start":{"line":1027,"column":4},"end":{"line":1027,"column":24}},"453":{"start":{"line":1029,"column":4},"end":{"line":1031,"column":5}},"454":{"start":{"line":1030,"column":8},"end":{"line":1030,"column":38}},"455":{"start":{"line":1035,"column":4},"end":{"line":1035,"column":24}},"456":{"start":{"line":1038,"column":0},"end":{"line":1055,"column":2}},"457":{"start":{"line":1040,"column":23},"end":{"line":1040,"column":63}},"458":{"start":{"line":1041,"column":27},"end":{"line":1041,"column":72}},"459":{"start":{"line":1042,"column":24},"end":{"line":1042,"column":77}},"460":{"start":{"line":1044,"column":8},"end":{"line":1050,"column":9}},"461":{"start":{"line":1045,"column":12},"end":{"line":1045,"column":73}},"462":{"start":{"line":1046,"column":15},"end":{"line":1050,"column":9}},"463":{"start":{"line":1047,"column":12},"end":{"line":1047,"column":91}},"464":{"start":{"line":1049,"column":12},"end":{"line":1049,"column":54}},"465":{"start":{"line":1053,"column":8},"end":{"line":1053,"column":58}},"466":{"start":{"line":1057,"column":0},"end":{"line":1128,"column":2}},"467":{"start":{"line":1059,"column":8},"end":{"line":1059,"column":41}},"468":{"start":{"line":1062,"column":8},"end":{"line":1064,"column":9}},"469":{"start":{"line":1063,"column":12},"end":{"line":1063,"column":19}},"470":{"start":{"line":1065,"column":8},"end":{"line":1065,"column":43}},"471":{"start":{"line":1066,"column":8},"end":{"line":1066,"column":55}},"472":{"start":{"line":1067,"column":8},"end":{"line":1067,"column":30}},"473":{"start":{"line":1068,"column":8},"end":{"line":1068,"column":28}},"474":{"start":{"line":1071,"column":8},"end":{"line":1073,"column":9}},"475":{"start":{"line":1072,"column":12},"end":{"line":1072,"column":19}},"476":{"start":{"line":1074,"column":8},"end":{"line":1074,"column":36}},"477":{"start":{"line":1075,"column":8},"end":{"line":1075,"column":48}},"478":{"start":{"line":1076,"column":8},"end":{"line":1076,"column":30}},"479":{"start":{"line":1077,"column":8},"end":{"line":1077,"column":28}},"480":{"start":{"line":1080,"column":23},"end":{"line":1080,"column":63}},"481":{"start":{"line":1081,"column":8},"end":{"line":1083,"column":9}},"482":{"start":{"line":1082,"column":12},"end":{"line":1082,"column":19}},"483":{"start":{"line":1085,"column":22},"end":{"line":1085,"column":26}},"484":{"start":{"line":1086,"column":8},"end":{"line":1092,"column":9}},"485":{"start":{"line":1087,"column":12},"end":{"line":1087,"column":40}},"486":{"start":{"line":1088,"column":15},"end":{"line":1092,"column":9}},"487":{"start":{"line":1089,"column":12},"end":{"line":1089,"column":40}},"488":{"start":{"line":1090,"column":15},"end":{"line":1092,"column":9}},"489":{"start":{"line":1091,"column":12},"end":{"line":1091,"column":36}},"490":{"start":{"line":1094,"column":8},"end":{"line":1097,"column":9}},"491":{"start":{"line":1095,"column":12},"end":{"line":1095,"column":81}},"492":{"start":{"line":1096,"column":12},"end":{"line":1096,"column":19}},"493":{"start":{"line":1099,"column":8},"end":{"line":1105,"column":9}},"494":{"start":{"line":1100,"column":12},"end":{"line":1100,"column":44}},"495":{"start":{"line":1101,"column":15},"end":{"line":1105,"column":9}},"496":{"start":{"line":1102,"column":12},"end":{"line":1104,"column":15}},"497":{"start":{"line":1103,"column":16},"end":{"line":1103,"column":87}},"498":{"start":{"line":1108,"column":24},"end":{"line":1108,"column":66}},"499":{"start":{"line":1109,"column":8},"end":{"line":1112,"column":9}},"500":{"start":{"line":1110,"column":12},"end":{"line":1110,"column":78}},"501":{"start":{"line":1111,"column":12},"end":{"line":1111,"column":19}},"502":{"start":{"line":1114,"column":8},"end":{"line":1120,"column":9}},"503":{"start":{"line":1115,"column":12},"end":{"line":1115,"column":44}},"504":{"start":{"line":1116,"column":15},"end":{"line":1120,"column":9}},"505":{"start":{"line":1117,"column":12},"end":{"line":1119,"column":15}},"506":{"start":{"line":1118,"column":16},"end":{"line":1118,"column":93}},"507":{"start":{"line":1123,"column":8},"end":{"line":1123,"column":58}},"508":{"start":{"line":1126,"column":8},"end":{"line":1126,"column":44}},"509":{"start":{"line":1130,"column":0},"end":{"line":1130,"column":45}},"510":{"start":{"line":1131,"column":0},"end":{"line":1131,"column":41}},"511":{"start":{"line":1133,"column":0},"end":{"line":1135,"column":2}},"512":{"start":{"line":1134,"column":4},"end":{"line":1134,"column":34}},"513":{"start":{"line":1137,"column":0},"end":{"line":1144,"column":3}},"514":{"start":{"line":1138,"column":4},"end":{"line":1138,"column":28}},"515":{"start":{"line":1140,"column":4},"end":{"line":1143,"column":7}},"516":{"start":{"line":1141,"column":8},"end":{"line":1141,"column":28}},"517":{"start":{"line":1142,"column":8},"end":{"line":1142,"column":28}}},"fnMap":{"0":{"name":"getCssVariableValue","decl":{"start":{"line":118,"column":9},"end":{"line":118,"column":28}},"loc":{"start":{"line":118,"column":43},"end":{"line":123,"column":1}},"line":118},"1":{"name":"escapeAttributeValue","decl":{"start":{"line":125,"column":9},"end":{"line":125,"column":29}},"loc":{"start":{"line":125,"column":37},"end":{"line":132,"column":1}},"line":125},"2":{"name":"resolveButtonText","decl":{"start":{"line":134,"column":9},"end":{"line":134,"column":26}},"loc":{"start":{"line":134,"column":33},"end":{"line":137,"column":1}},"line":134},"3":{"name":"resolveButtonIcon","decl":{"start":{"line":139,"column":9},"end":{"line":139,"column":26}},"loc":{"start":{"line":139,"column":33},"end":{"line":142,"column":1}},"line":139},"4":{"name":"resolveColorVariable","decl":{"start":{"line":144,"column":9},"end":{"line":144,"column":29}},"loc":{"start":{"line":144,"column":46},"end":{"line":146,"column":1}},"line":144},"5":{"name":"buildLegacyHtml","decl":{"start":{"line":148,"column":9},"end":{"line":148,"column":24}},"loc":{"start":{"line":148,"column":39},"end":{"line":157,"column":1}},"line":148},"6":{"name":"buildModernHtml","decl":{"start":{"line":159,"column":9},"end":{"line":159,"column":24}},"loc":{"start":{"line":159,"column":67},"end":{"line":184,"column":1}},"line":159},"7":{"name":"buildJsSnippet","decl":{"start":{"line":186,"column":9},"end":{"line":186,"column":23}},"loc":{"start":{"line":186,"column":30},"end":{"line":188,"column":1}},"line":186},"8":{"name":"getEntityVariantSet","decl":{"start":{"line":190,"column":9},"end":{"line":190,"column":28}},"loc":{"start":{"line":190,"column":31},"end":{"line":196,"column":1}},"line":190},"9":{"name":"buildVariantData","decl":{"start":{"line":198,"column":9},"end":{"line":198,"column":25}},"loc":{"start":{"line":198,"column":44},"end":{"line":204,"column":1}},"line":198},"10":{"name":"createVariantButton","decl":{"start":{"line":206,"column":9},"end":{"line":206,"column":28}},"loc":{"start":{"line":206,"column":101},"end":{"line":241,"column":1}},"line":206},"11":{"name":"createColorPreview","decl":{"start":{"line":243,"column":9},"end":{"line":243,"column":27}},"loc":{"start":{"line":243,"column":44},"end":{"line":258,"column":1}},"line":243},"12":{"name":"(anonymous_12)","decl":{"start":{"line":263,"column":4},"end":{"line":263,"column":5}},"loc":{"start":{"line":263,"column":14},"end":{"line":295,"column":5}},"line":263},"13":{"name":"(anonymous_13)","decl":{"start":{"line":265,"column":48},"end":{"line":265,"column":49}},"loc":{"start":{"line":265,"column":60},"end":{"line":288,"column":9}},"line":265},"14":{"name":"(anonymous_14)","decl":{"start":{"line":291,"column":40},"end":{"line":291,"column":41}},"loc":{"start":{"line":291,"column":57},"end":{"line":294,"column":9}},"line":291},"15":{"name":"getFilteredButtons","decl":{"start":{"line":300,"column":9},"end":{"line":300,"column":27}},"loc":{"start":{"line":300,"column":30},"end":{"line":318,"column":1}},"line":300},"16":{"name":"(anonymous_16)","decl":{"start":{"line":302,"column":45},"end":{"line":302,"column":46}},"loc":{"start":{"line":302,"column":57},"end":{"line":317,"column":5}},"line":302},"17":{"name":"createCodeCell","decl":{"start":{"line":320,"column":9},"end":{"line":320,"column":23}},"loc":{"start":{"line":320,"column":57},"end":{"line":345,"column":1}},"line":320},"18":{"name":"createButtonRow","decl":{"start":{"line":347,"column":9},"end":{"line":347,"column":24}},"loc":{"start":{"line":347,"column":33},"end":{"line":426,"column":1}},"line":347},"19":{"name":"(anonymous_19)","decl":{"start":{"line":364,"column":21},"end":{"line":364,"column":22}},"loc":{"start":{"line":364,"column":40},"end":{"line":375,"column":5}},"line":364},"20":{"name":"updateStats","decl":{"start":{"line":428,"column":9},"end":{"line":428,"column":20}},"loc":{"start":{"line":428,"column":38},"end":{"line":451,"column":1}},"line":428},"21":{"name":"(anonymous_21)","decl":{"start":{"line":442,"column":66},"end":{"line":442,"column":67}},"loc":{"start":{"line":442,"column":75},"end":{"line":442,"column":84}},"line":442},"22":{"name":"renderButtonTable","decl":{"start":{"line":453,"column":9},"end":{"line":453,"column":26}},"loc":{"start":{"line":453,"column":29},"end":{"line":472,"column":1}},"line":453},"23":{"name":"(anonymous_23)","decl":{"start":{"line":462,"column":28},"end":{"line":462,"column":29}},"loc":{"start":{"line":462,"column":40},"end":{"line":464,"column":5}},"line":462},"24":{"name":"filterButtons","decl":{"start":{"line":474,"column":9},"end":{"line":474,"column":22}},"loc":{"start":{"line":474,"column":25},"end":{"line":476,"column":1}},"line":474},"25":{"name":"updateFilterSelection","decl":{"start":{"line":478,"column":9},"end":{"line":478,"column":30}},"loc":{"start":{"line":478,"column":52},"end":{"line":491,"column":1}},"line":478},"26":{"name":"(anonymous_26)","decl":{"start":{"line":482,"column":65},"end":{"line":482,"column":66}},"loc":{"start":{"line":482,"column":77},"end":{"line":490,"column":5}},"line":482},"27":{"name":"initializeButtonFilters","decl":{"start":{"line":493,"column":9},"end":{"line":493,"column":32}},"loc":{"start":{"line":493,"column":35},"end":{"line":526,"column":1}},"line":493},"28":{"name":"(anonymous_28)","decl":{"start":{"line":505,"column":36},"end":{"line":505,"column":37}},"loc":{"start":{"line":505,"column":48},"end":{"line":522,"column":5}},"line":505},"29":{"name":"(anonymous_29)","decl":{"start":{"line":511,"column":41},"end":{"line":511,"column":42}},"loc":{"start":{"line":511,"column":47},"end":{"line":520,"column":9}},"line":511},"30":{"name":"createColorDetailsList","decl":{"start":{"line":528,"column":9},"end":{"line":528,"column":31}},"loc":{"start":{"line":528,"column":41},"end":{"line":557,"column":1}},"line":528},"31":{"name":"(anonymous_31)","decl":{"start":{"line":532,"column":20},"end":{"line":532,"column":21}},"loc":{"start":{"line":532,"column":32},"end":{"line":554,"column":5}},"line":532},"32":{"name":"createColorTableRow","decl":{"start":{"line":559,"column":9},"end":{"line":559,"column":28}},"loc":{"start":{"line":559,"column":36},"end":{"line":621,"column":1}},"line":559},"33":{"name":"getBrandColorRows","decl":{"start":{"line":623,"column":9},"end":{"line":623,"column":26}},"loc":{"start":{"line":623,"column":29},"end":{"line":726,"column":1}},"line":623},"34":{"name":"(anonymous_34)","decl":{"start":{"line":698,"column":13},"end":{"line":698,"column":14}},"loc":{"start":{"line":698,"column":24},"end":{"line":724,"column":9}},"line":698},"35":{"name":"(anonymous_35)","decl":{"start":{"line":709,"column":43},"end":{"line":709,"column":44}},"loc":{"start":{"line":709,"column":56},"end":{"line":714,"column":13}},"line":709},"36":{"name":"getActionColorRows","decl":{"start":{"line":728,"column":9},"end":{"line":728,"column":27}},"loc":{"start":{"line":728,"column":30},"end":{"line":753,"column":1}},"line":728},"37":{"name":"(anonymous_37)","decl":{"start":{"line":729,"column":53},"end":{"line":729,"column":54}},"loc":{"start":{"line":729,"column":70},"end":{"line":732,"column":5}},"line":729},"38":{"name":"(anonymous_38)","decl":{"start":{"line":735,"column":14},"end":{"line":735,"column":15}},"loc":{"start":{"line":735,"column":28},"end":{"line":735,"column":46}},"line":735},"39":{"name":"(anonymous_39)","decl":{"start":{"line":736,"column":13},"end":{"line":736,"column":14}},"loc":{"start":{"line":736,"column":35},"end":{"line":752,"column":9}},"line":736},"40":{"name":"getEntityColorRows","decl":{"start":{"line":755,"column":9},"end":{"line":755,"column":27}},"loc":{"start":{"line":755,"column":30},"end":{"line":774,"column":1}},"line":755},"41":{"name":"(anonymous_41)","decl":{"start":{"line":757,"column":14},"end":{"line":757,"column":15}},"loc":{"start":{"line":757,"column":28},"end":{"line":757,"column":46}},"line":757},"42":{"name":"(anonymous_42)","decl":{"start":{"line":759,"column":24},"end":{"line":759,"column":25}},"loc":{"start":{"line":759,"column":49},"end":{"line":773,"column":5}},"line":759},"43":{"name":"(anonymous_43)","decl":{"start":{"line":771,"column":21},"end":{"line":771,"column":22}},"loc":{"start":{"line":771,"column":33},"end":{"line":771,"column":45}},"line":771},"44":{"name":"getStatusColorRows","decl":{"start":{"line":776,"column":9},"end":{"line":776,"column":27}},"loc":{"start":{"line":776,"column":30},"end":{"line":827,"column":1}},"line":776},"45":{"name":"(anonymous_45)","decl":{"start":{"line":777,"column":69},"end":{"line":777,"column":70}},"loc":{"start":{"line":777,"column":83},"end":{"line":777,"column":101}},"line":777},"46":{"name":"(anonymous_46)","decl":{"start":{"line":780,"column":13},"end":{"line":780,"column":14}},"loc":{"start":{"line":780,"column":30},"end":{"line":825,"column":9}},"line":780},"47":{"name":"getInvestmentColorRows","decl":{"start":{"line":829,"column":9},"end":{"line":829,"column":31}},"loc":{"start":{"line":829,"column":34},"end":{"line":859,"column":1}},"line":829},"48":{"name":"(anonymous_48)","decl":{"start":{"line":830,"column":81},"end":{"line":830,"column":82}},"loc":{"start":{"line":830,"column":95},"end":{"line":830,"column":113}},"line":830},"49":{"name":"(anonymous_49)","decl":{"start":{"line":833,"column":13},"end":{"line":833,"column":14}},"loc":{"start":{"line":833,"column":33},"end":{"line":857,"column":9}},"line":833},"50":{"name":"(anonymous_50)","decl":{"start":{"line":847,"column":21},"end":{"line":847,"column":22}},"loc":{"start":{"line":847,"column":33},"end":{"line":847,"column":45}},"line":847},"51":{"name":"getNumericColorRows","decl":{"start":{"line":861,"column":9},"end":{"line":861,"column":28}},"loc":{"start":{"line":861,"column":31},"end":{"line":892,"column":1}},"line":861},"52":{"name":"(anonymous_52)","decl":{"start":{"line":862,"column":75},"end":{"line":862,"column":76}},"loc":{"start":{"line":862,"column":89},"end":{"line":862,"column":107}},"line":862},"53":{"name":"(anonymous_53)","decl":{"start":{"line":865,"column":13},"end":{"line":865,"column":14}},"loc":{"start":{"line":865,"column":32},"end":{"line":890,"column":9}},"line":865},"54":{"name":"(anonymous_54)","decl":{"start":{"line":880,"column":21},"end":{"line":880,"column":22}},"loc":{"start":{"line":880,"column":33},"end":{"line":880,"column":45}},"line":880},"55":{"name":"getColorRowsByGroup","decl":{"start":{"line":894,"column":9},"end":{"line":894,"column":28}},"loc":{"start":{"line":894,"column":38},"end":{"line":911,"column":1}},"line":894},"56":{"name":"renderColorTables","decl":{"start":{"line":913,"column":9},"end":{"line":913,"column":26}},"loc":{"start":{"line":913,"column":29},"end":{"line":934,"column":1}},"line":913},"57":{"name":"(anonymous_57)","decl":{"start":{"line":922,"column":17},"end":{"line":922,"column":18}},"loc":{"start":{"line":922,"column":30},"end":{"line":922,"column":77}},"line":922},"58":{"name":"initializeColorFilters","decl":{"start":{"line":936,"column":9},"end":{"line":936,"column":31}},"loc":{"start":{"line":936,"column":34},"end":{"line":969,"column":1}},"line":936},"59":{"name":"(anonymous_59)","decl":{"start":{"line":948,"column":32},"end":{"line":948,"column":33}},"loc":{"start":{"line":948,"column":44},"end":{"line":965,"column":5}},"line":948},"60":{"name":"(anonymous_60)","decl":{"start":{"line":954,"column":41},"end":{"line":954,"column":42}},"loc":{"start":{"line":954,"column":47},"end":{"line":963,"column":9}},"line":954},"61":{"name":"persistFiltersState","decl":{"start":{"line":971,"column":9},"end":{"line":971,"column":28}},"loc":{"start":{"line":971,"column":31},"end":{"line":988,"column":1}},"line":971},"62":{"name":"(anonymous_62)","decl":{"start":{"line":976,"column":18},"end":{"line":976,"column":19}},"loc":{"start":{"line":976,"column":37},"end":{"line":976,"column":127}},"line":976},"63":{"name":"(anonymous_63)","decl":{"start":{"line":977,"column":19},"end":{"line":977,"column":20}},"loc":{"start":{"line":977,"column":30},"end":{"line":979,"column":13}},"line":977},"64":{"name":"loadFiltersState","decl":{"start":{"line":990,"column":15},"end":{"line":990,"column":31}},"loc":{"start":{"line":990,"column":34},"end":{"line":1018,"column":1}},"line":990},"65":{"name":"initializeDesignsPage","decl":{"start":{"line":1020,"column":15},"end":{"line":1020,"column":36}},"loc":{"start":{"line":1020,"column":39},"end":{"line":1032,"column":1}},"line":1020},"66":{"name":"loadButtonTable","decl":{"start":{"line":1034,"column":9},"end":{"line":1034,"column":24}},"loc":{"start":{"line":1034,"column":27},"end":{"line":1036,"column":1}},"line":1034},"67":{"name":"(anonymous_67)","decl":{"start":{"line":1039,"column":4},"end":{"line":1039,"column":5}},"loc":{"start":{"line":1039,"column":34},"end":{"line":1051,"column":5}},"line":1039},"68":{"name":"(anonymous_68)","decl":{"start":{"line":1052,"column":4},"end":{"line":1052,"column":5}},"loc":{"start":{"line":1052,"column":20},"end":{"line":1054,"column":5}},"line":1052},"69":{"name":"(anonymous_69)","decl":{"start":{"line":1058,"column":4},"end":{"line":1058,"column":5}},"loc":{"start":{"line":1058,"column":17},"end":{"line":1060,"column":5}},"line":1058},"70":{"name":"(anonymous_70)","decl":{"start":{"line":1061,"column":4},"end":{"line":1061,"column":5}},"loc":{"start":{"line":1061,"column":34},"end":{"line":1069,"column":5}},"line":1061},"71":{"name":"(anonymous_71)","decl":{"start":{"line":1070,"column":4},"end":{"line":1070,"column":5}},"loc":{"start":{"line":1070,"column":27},"end":{"line":1078,"column":5}},"line":1070},"72":{"name":"(anonymous_72)","decl":{"start":{"line":1079,"column":4},"end":{"line":1079,"column":5}},"loc":{"start":{"line":1079,"column":40},"end":{"line":1106,"column":5}},"line":1079},"73":{"name":"(anonymous_73)","decl":{"start":{"line":1102,"column":57},"end":{"line":1102,"column":58}},"loc":{"start":{"line":1102,"column":68},"end":{"line":1104,"column":13}},"line":1102},"74":{"name":"(anonymous_74)","decl":{"start":{"line":1107,"column":4},"end":{"line":1107,"column":5}},"loc":{"start":{"line":1107,"column":44},"end":{"line":1121,"column":5}},"line":1107},"75":{"name":"(anonymous_75)","decl":{"start":{"line":1117,"column":57},"end":{"line":1117,"column":58}},"loc":{"start":{"line":1117,"column":68},"end":{"line":1119,"column":13}},"line":1117},"76":{"name":"(anonymous_76)","decl":{"start":{"line":1122,"column":4},"end":{"line":1122,"column":5}},"loc":{"start":{"line":1122,"column":28},"end":{"line":1124,"column":5}},"line":1122},"77":{"name":"(anonymous_77)","decl":{"start":{"line":1125,"column":4},"end":{"line":1125,"column":5}},"loc":{"start":{"line":1125,"column":48},"end":{"line":1127,"column":5}},"line":1125},"78":{"name":"loadDesigns","decl":{"start":{"line":1133,"column":36},"end":{"line":1133,"column":47}},"loc":{"start":{"line":1133,"column":50},"end":{"line":1135,"column":1}},"line":1133},"79":{"name":"(anonymous_79)","decl":{"start":{"line":1137,"column":46},"end":{"line":1137,"column":47}},"loc":{"start":{"line":1137,"column":52},"end":{"line":1144,"column":1}},"line":1137},"80":{"name":"(anonymous_80)","decl":{"start":{"line":1140,"column":50},"end":{"line":1140,"column":51}},"loc":{"start":{"line":1140,"column":56},"end":{"line":1143,"column":5}},"line":1140}},"branchMap":{"0":{"loc":{"start":{"line":119,"column":4},"end":{"line":121,"column":5}},"type":"if","locations":[{"start":{"line":119,"column":4},"end":{"line":121,"column":5}},{"start":{},"end":{}}],"line":119},"1":{"loc":{"start":{"line":122,"column":11},"end":{"line":122,"column":100}},"type":"binary-expr","locations":[{"start":{"line":122,"column":11},"end":{"line":122,"column":92}},{"start":{"line":122,"column":96},"end":{"line":122,"column":100}}],"line":122},"2":{"loc":{"start":{"line":126,"column":4},"end":{"line":128,"column":5}},"type":"if","locations":[{"start":{"line":126,"column":4},"end":{"line":128,"column":5}},{"start":{},"end":{}}],"line":126},"3":{"loc":{"start":{"line":126,"column":8},"end":{"line":126,"column":45}},"type":"binary-expr","locations":[{"start":{"line":126,"column":8},"end":{"line":126,"column":22}},{"start":{"line":126,"column":26},"end":{"line":126,"column":45}}],"line":126},"4":{"loc":{"start":{"line":135,"column":16},"end":{"line":135,"column":45}},"type":"binary-expr","locations":[{"start":{"line":135,"column":16},"end":{"line":135,"column":37}},{"start":{"line":135,"column":41},"end":{"line":135,"column":45}}],"line":135},"5":{"loc":{"start":{"line":136,"column":11},"end":{"line":136,"column":73}},"type":"binary-expr","locations":[{"start":{"line":136,"column":12},"end":{"line":136,"column":31}},{"start":{"line":136,"column":35},"end":{"line":136,"column":59}},{"start":{"line":136,"column":64},"end":{"line":136,"column":67}},{"start":{"line":136,"column":71},"end":{"line":136,"column":73}}],"line":136},"6":{"loc":{"start":{"line":140,"column":16},"end":{"line":140,"column":45}},"type":"binary-expr","locations":[{"start":{"line":140,"column":16},"end":{"line":140,"column":37}},{"start":{"line":140,"column":41},"end":{"line":140,"column":45}}],"line":140},"7":{"loc":{"start":{"line":141,"column":11},"end":{"line":141,"column":66}},"type":"binary-expr","locations":[{"start":{"line":141,"column":12},"end":{"line":141,"column":31}},{"start":{"line":141,"column":35},"end":{"line":141,"column":59}},{"start":{"line":141,"column":64},"end":{"line":141,"column":66}}],"line":141},"8":{"loc":{"start":{"line":145,"column":11},"end":{"line":145,"column":59}},"type":"binary-expr","locations":[{"start":{"line":145,"column":11},"end":{"line":145,"column":39}},{"start":{"line":145,"column":43},"end":{"line":145,"column":51}},{"start":{"line":145,"column":55},"end":{"line":145,"column":59}}],"line":145},"9":{"loc":{"start":{"line":149,"column":4},"end":{"line":151,"column":5}},"type":"if","locations":[{"start":{"line":149,"column":4},"end":{"line":151,"column":5}},{"start":{},"end":{}}],"line":149},"10":{"loc":{"start":{"line":152,"column":20},"end":{"line":152,"column":50}},"type":"binary-expr","locations":[{"start":{"line":152,"column":20},"end":{"line":152,"column":41}},{"start":{"line":152,"column":45},"end":{"line":152,"column":50}}],"line":152},"11":{"loc":{"start":{"line":153,"column":19},"end":{"line":153,"column":83}},"type":"cond-expr","locations":[{"start":{"line":153,"column":42},"end":{"line":153,"column":78}},{"start":{"line":153,"column":81},"end":{"line":153,"column":83}}],"line":153},"12":{"loc":{"start":{"line":154,"column":18},"end":{"line":154,"column":90}},"type":"cond-expr","locations":[{"start":{"line":154,"column":50},"end":{"line":154,"column":85}},{"start":{"line":154,"column":88},"end":{"line":154,"column":90}}],"line":154},"13":{"loc":{"start":{"line":155,"column":21},"end":{"line":155,"column":87}},"type":"cond-expr","locations":[{"start":{"line":155,"column":42},"end":{"line":155,"column":82}},{"start":{"line":155,"column":85},"end":{"line":155,"column":87}}],"line":155},"14":{"loc":{"start":{"line":165,"column":4},"end":{"line":167,"column":5}},"type":"if","locations":[{"start":{"line":165,"column":4},"end":{"line":167,"column":5}},{"start":{},"end":{}}],"line":165},"15":{"loc":{"start":{"line":169,"column":4},"end":{"line":171,"column":5}},"type":"if","locations":[{"start":{"line":169,"column":4},"end":{"line":171,"column":5}},{"start":{},"end":{}}],"line":169},"16":{"loc":{"start":{"line":173,"column":4},"end":{"line":175,"column":5}},"type":"if","locations":[{"start":{"line":173,"column":4},"end":{"line":175,"column":5}},{"start":{},"end":{}}],"line":173},"17":{"loc":{"start":{"line":173,"column":8},"end":{"line":173,"column":74}},"type":"binary-expr","locations":[{"start":{"line":173,"column":8},"end":{"line":173,"column":22}},{"start":{"line":173,"column":26},"end":{"line":173,"column":74}}],"line":173},"18":{"loc":{"start":{"line":174,"column":40},"end":{"line":174,"column":71}},"type":"binary-expr","locations":[{"start":{"line":174,"column":40},"end":{"line":174,"column":60}},{"start":{"line":174,"column":64},"end":{"line":174,"column":71}}],"line":174},"19":{"loc":{"start":{"line":177,"column":4},"end":{"line":179,"column":5}},"type":"if","locations":[{"start":{"line":177,"column":4},"end":{"line":179,"column":5}},{"start":{},"end":{}}],"line":177},"20":{"loc":{"start":{"line":192,"column":8},"end":{"line":194,"column":40}},"type":"binary-expr","locations":[{"start":{"line":192,"column":9},"end":{"line":192,"column":73}},{"start":{"line":193,"column":8},"end":{"line":193,"column":37}},{"start":{"line":194,"column":8},"end":{"line":194,"column":40}}],"line":192},"21":{"loc":{"start":{"line":206,"column":46},"end":{"line":206,"column":61}},"type":"default-arg","locations":[{"start":{"line":206,"column":53},"end":{"line":206,"column":61}}],"line":206},"22":{"loc":{"start":{"line":206,"column":63},"end":{"line":206,"column":80}},"type":"default-arg","locations":[{"start":{"line":206,"column":71},"end":{"line":206,"column":80}}],"line":206},"23":{"loc":{"start":{"line":206,"column":82},"end":{"line":206,"column":99}},"type":"default-arg","locations":[{"start":{"line":206,"column":95},"end":{"line":206,"column":99}}],"line":206},"24":{"loc":{"start":{"line":211,"column":4},"end":{"line":213,"column":5}},"type":"if","locations":[{"start":{"line":211,"column":4},"end":{"line":213,"column":5}},{"start":{},"end":{}}],"line":211},"25":{"loc":{"start":{"line":214,"column":4},"end":{"line":216,"column":5}},"type":"if","locations":[{"start":{"line":214,"column":4},"end":{"line":216,"column":5}},{"start":{},"end":{}}],"line":214},"26":{"loc":{"start":{"line":217,"column":4},"end":{"line":219,"column":5}},"type":"if","locations":[{"start":{"line":217,"column":4},"end":{"line":219,"column":5}},{"start":{},"end":{}}],"line":217},"27":{"loc":{"start":{"line":221,"column":17},"end":{"line":221,"column":62}},"type":"binary-expr","locations":[{"start":{"line":221,"column":17},"end":{"line":221,"column":28}},{"start":{"line":221,"column":32},"end":{"line":221,"column":62}}],"line":221},"28":{"loc":{"start":{"line":222,"column":17},"end":{"line":222,"column":62}},"type":"binary-expr","locations":[{"start":{"line":222,"column":17},"end":{"line":222,"column":28}},{"start":{"line":222,"column":32},"end":{"line":222,"column":62}}],"line":222},"29":{"loc":{"start":{"line":224,"column":4},"end":{"line":237,"column":5}},"type":"switch","locations":[{"start":{"line":225,"column":8},"end":{"line":228,"column":18}},{"start":{"line":229,"column":8},"end":{"line":232,"column":18}},{"start":{"line":233,"column":8},"end":{"line":236,"column":18}}],"line":224},"30":{"loc":{"start":{"line":247,"column":26},"end":{"line":247,"column":73}},"type":"cond-expr","locations":[{"start":{"line":247,"column":37},"end":{"line":247,"column":66}},{"start":{"line":247,"column":69},"end":{"line":247,"column":73}}],"line":247},"31":{"loc":{"start":{"line":250,"column":28},"end":{"line":250,"column":66}},"type":"binary-expr","locations":[{"start":{"line":250,"column":28},"end":{"line":250,"column":41}},{"start":{"line":250,"column":45},"end":{"line":250,"column":53}},{"start":{"line":250,"column":57},"end":{"line":250,"column":66}}],"line":250},"32":{"loc":{"start":{"line":253,"column":92},"end":{"line":253,"column":107}},"type":"binary-expr","locations":[{"start":{"line":253,"column":92},"end":{"line":253,"column":100}},{"start":{"line":253,"column":104},"end":{"line":253,"column":107}}],"line":253},"33":{"loc":{"start":{"line":278,"column":25},"end":{"line":278,"column":45}},"type":"binary-expr","locations":[{"start":{"line":278,"column":25},"end":{"line":278,"column":39}},{"start":{"line":278,"column":43},"end":{"line":278,"column":45}}],"line":278},"34":{"loc":{"start":{"line":279,"column":28},"end":{"line":279,"column":51}},"type":"binary-expr","locations":[{"start":{"line":279,"column":28},"end":{"line":279,"column":45}},{"start":{"line":279,"column":49},"end":{"line":279,"column":51}}],"line":279},"35":{"loc":{"start":{"line":301,"column":23},"end":{"line":301,"column":90}},"type":"binary-expr","locations":[{"start":{"line":301,"column":23},"end":{"line":301,"column":84}},{"start":{"line":301,"column":88},"end":{"line":301,"column":90}}],"line":301},"36":{"loc":{"start":{"line":303,"column":32},"end":{"line":303,"column":105}},"type":"binary-expr","locations":[{"start":{"line":303,"column":32},"end":{"line":303,"column":63}},{"start":{"line":303,"column":67},"end":{"line":303,"column":105}}],"line":303},"37":{"loc":{"start":{"line":304,"column":8},"end":{"line":306,"column":9}},"type":"if","locations":[{"start":{"line":304,"column":8},"end":{"line":306,"column":9}},{"start":{},"end":{}}],"line":304},"38":{"loc":{"start":{"line":307,"column":8},"end":{"line":309,"column":9}},"type":"if","locations":[{"start":{"line":307,"column":8},"end":{"line":309,"column":9}},{"start":{},"end":{}}],"line":307},"39":{"loc":{"start":{"line":323,"column":4},"end":{"line":326,"column":5}},"type":"if","locations":[{"start":{"line":323,"column":4},"end":{"line":326,"column":5}},{"start":{},"end":{}}],"line":323},"40":{"loc":{"start":{"line":323,"column":8},"end":{"line":323,"column":35}},"type":"binary-expr","locations":[{"start":{"line":323,"column":8},"end":{"line":323,"column":16}},{"start":{"line":323,"column":20},"end":{"line":323,"column":35}}],"line":323},"41":{"loc":{"start":{"line":350,"column":35},"end":{"line":350,"column":53}},"type":"binary-expr","locations":[{"start":{"line":350,"column":35},"end":{"line":350,"column":47}},{"start":{"line":350,"column":51},"end":{"line":350,"column":53}}],"line":350},"42":{"loc":{"start":{"line":351,"column":38},"end":{"line":351,"column":59}},"type":"binary-expr","locations":[{"start":{"line":351,"column":38},"end":{"line":351,"column":53}},{"start":{"line":351,"column":57},"end":{"line":351,"column":59}}],"line":351},"43":{"loc":{"start":{"line":377,"column":4},"end":{"line":386,"column":5}},"type":"if","locations":[{"start":{"line":377,"column":4},"end":{"line":386,"column":5}},{"start":{},"end":{}}],"line":377},"44":{"loc":{"start":{"line":435,"column":4},"end":{"line":437,"column":5}},"type":"if","locations":[{"start":{"line":435,"column":4},"end":{"line":437,"column":5}},{"start":{},"end":{}}],"line":435},"45":{"loc":{"start":{"line":438,"column":4},"end":{"line":440,"column":5}},"type":"if","locations":[{"start":{"line":438,"column":4},"end":{"line":440,"column":5}},{"start":{},"end":{}}],"line":438},"46":{"loc":{"start":{"line":441,"column":4},"end":{"line":444,"column":5}},"type":"if","locations":[{"start":{"line":441,"column":4},"end":{"line":444,"column":5}},{"start":{},"end":{}}],"line":441},"47":{"loc":{"start":{"line":445,"column":4},"end":{"line":447,"column":5}},"type":"if","locations":[{"start":{"line":445,"column":4},"end":{"line":447,"column":5}},{"start":{},"end":{}}],"line":445},"48":{"loc":{"start":{"line":448,"column":4},"end":{"line":450,"column":5}},"type":"if","locations":[{"start":{"line":448,"column":4},"end":{"line":450,"column":5}},{"start":{},"end":{}}],"line":448},"49":{"loc":{"start":{"line":455,"column":4},"end":{"line":457,"column":5}},"type":"if","locations":[{"start":{"line":455,"column":4},"end":{"line":457,"column":5}},{"start":{},"end":{}}],"line":455},"50":{"loc":{"start":{"line":466,"column":4},"end":{"line":468,"column":5}},"type":"if","locations":[{"start":{"line":466,"column":4},"end":{"line":468,"column":5}},{"start":{},"end":{}}],"line":466},"51":{"loc":{"start":{"line":479,"column":4},"end":{"line":481,"column":5}},"type":"if","locations":[{"start":{"line":479,"column":4},"end":{"line":481,"column":5}},{"start":{},"end":{}}],"line":479},"52":{"loc":{"start":{"line":483,"column":8},"end":{"line":489,"column":9}},"type":"if","locations":[{"start":{"line":483,"column":8},"end":{"line":489,"column":9}},{"start":{"line":486,"column":15},"end":{"line":489,"column":9}}],"line":483},"53":{"loc":{"start":{"line":494,"column":4},"end":{"line":497,"column":5}},"type":"if","locations":[{"start":{"line":494,"column":4},"end":{"line":497,"column":5}},{"start":{},"end":{}}],"line":494},"54":{"loc":{"start":{"line":500,"column":4},"end":{"line":502,"column":5}},"type":"if","locations":[{"start":{"line":500,"column":4},"end":{"line":502,"column":5}},{"start":{},"end":{}}],"line":500},"55":{"loc":{"start":{"line":512,"column":12},"end":{"line":514,"column":13}},"type":"if","locations":[{"start":{"line":512,"column":12},"end":{"line":514,"column":13}},{"start":{},"end":{}}],"line":512},"56":{"loc":{"start":{"line":540,"column":8},"end":{"line":545,"column":9}},"type":"if","locations":[{"start":{"line":540,"column":8},"end":{"line":545,"column":9}},{"start":{},"end":{}}],"line":540},"57":{"loc":{"start":{"line":548,"column":28},"end":{"line":548,"column":47}},"type":"binary-expr","locations":[{"start":{"line":548,"column":28},"end":{"line":548,"column":40}},{"start":{"line":548,"column":44},"end":{"line":548,"column":47}}],"line":548},"58":{"loc":{"start":{"line":567,"column":58},"end":{"line":567,"column":137}},"type":"cond-expr","locations":[{"start":{"line":567,"column":75},"end":{"line":567,"column":132}},{"start":{"line":567,"column":135},"end":{"line":567,"column":137}}],"line":567},"59":{"loc":{"start":{"line":571,"column":40},"end":{"line":571,"column":63}},"type":"binary-expr","locations":[{"start":{"line":571,"column":40},"end":{"line":571,"column":56}},{"start":{"line":571,"column":60},"end":{"line":571,"column":63}}],"line":571},"60":{"loc":{"start":{"line":579,"column":28},"end":{"line":579,"column":52}},"type":"binary-expr","locations":[{"start":{"line":579,"column":28},"end":{"line":579,"column":39}},{"start":{"line":579,"column":43},"end":{"line":579,"column":52}}],"line":579},"61":{"loc":{"start":{"line":582,"column":28},"end":{"line":582,"column":46}},"type":"binary-expr","locations":[{"start":{"line":582,"column":28},"end":{"line":582,"column":39}},{"start":{"line":582,"column":43},"end":{"line":582,"column":46}}],"line":582},"62":{"loc":{"start":{"line":588,"column":4},"end":{"line":592,"column":5}},"type":"if","locations":[{"start":{"line":588,"column":4},"end":{"line":592,"column":5}},{"start":{"line":590,"column":11},"end":{"line":592,"column":5}}],"line":588},"63":{"loc":{"start":{"line":598,"column":48},"end":{"line":598,"column":70}},"type":"binary-expr","locations":[{"start":{"line":598,"column":48},"end":{"line":598,"column":64}},{"start":{"line":598,"column":68},"end":{"line":598,"column":70}}],"line":598},"64":{"loc":{"start":{"line":599,"column":43},"end":{"line":599,"column":60}},"type":"binary-expr","locations":[{"start":{"line":599,"column":43},"end":{"line":599,"column":54}},{"start":{"line":599,"column":58},"end":{"line":599,"column":60}}],"line":599},"65":{"loc":{"start":{"line":601,"column":4},"end":{"line":608,"column":5}},"type":"if","locations":[{"start":{"line":601,"column":4},"end":{"line":608,"column":5}},{"start":{},"end":{}}],"line":601},"66":{"loc":{"start":{"line":610,"column":4},"end":{"line":617,"column":5}},"type":"if","locations":[{"start":{"line":610,"column":4},"end":{"line":617,"column":5}},{"start":{},"end":{}}],"line":610},"67":{"loc":{"start":{"line":700,"column":12},"end":{"line":702,"column":13}},"type":"if","locations":[{"start":{"line":700,"column":12},"end":{"line":702,"column":13}},{"start":{},"end":{}}],"line":700},"68":{"loc":{"start":{"line":705,"column":12},"end":{"line":707,"column":13}},"type":"if","locations":[{"start":{"line":705,"column":12},"end":{"line":707,"column":13}},{"start":{},"end":{}}],"line":705},"69":{"loc":{"start":{"line":709,"column":13},"end":{"line":709,"column":33}},"type":"binary-expr","locations":[{"start":{"line":709,"column":13},"end":{"line":709,"column":27}},{"start":{"line":709,"column":31},"end":{"line":709,"column":33}}],"line":709},"70":{"loc":{"start":{"line":711,"column":16},"end":{"line":713,"column":17}},"type":"if","locations":[{"start":{"line":711,"column":16},"end":{"line":713,"column":17}},{"start":{},"end":{}}],"line":711},"71":{"loc":{"start":{"line":748,"column":45},"end":{"line":748,"column":70}},"type":"binary-expr","locations":[{"start":{"line":748,"column":45},"end":{"line":748,"column":64}},{"start":{"line":748,"column":68},"end":{"line":748,"column":70}}],"line":748},"72":{"loc":{"start":{"line":749,"column":50},"end":{"line":749,"column":72}},"type":"binary-expr","locations":[{"start":{"line":749,"column":50},"end":{"line":749,"column":65}},{"start":{"line":749,"column":69},"end":{"line":749,"column":72}}],"line":749},"73":{"loc":{"start":{"line":756,"column":36},"end":{"line":756,"column":62}},"type":"binary-expr","locations":[{"start":{"line":756,"column":36},"end":{"line":756,"column":56}},{"start":{"line":756,"column":60},"end":{"line":756,"column":62}}],"line":756},"74":{"loc":{"start":{"line":760,"column":22},"end":{"line":760,"column":106}},"type":"cond-expr","locations":[{"start":{"line":760,"column":68},"end":{"line":760,"column":97}},{"start":{"line":760,"column":100},"end":{"line":760,"column":106}}],"line":760},"75":{"loc":{"start":{"line":777,"column":36},"end":{"line":777,"column":62}},"type":"binary-expr","locations":[{"start":{"line":777,"column":36},"end":{"line":777,"column":56}},{"start":{"line":777,"column":60},"end":{"line":777,"column":62}}],"line":777},"76":{"loc":{"start":{"line":781,"column":25},"end":{"line":781,"column":62}},"type":"binary-expr","locations":[{"start":{"line":781,"column":25},"end":{"line":781,"column":49}},{"start":{"line":781,"column":53},"end":{"line":781,"column":62}}],"line":781},"77":{"loc":{"start":{"line":783,"column":26},"end":{"line":785,"column":51}},"type":"cond-expr","locations":[{"start":{"line":784,"column":18},"end":{"line":784,"column":50}},{"start":{"line":785,"column":18},"end":{"line":785,"column":51}}],"line":783},"78":{"loc":{"start":{"line":787,"column":12},"end":{"line":789,"column":13}},"type":"if","locations":[{"start":{"line":787,"column":12},"end":{"line":789,"column":13}},{"start":{},"end":{}}],"line":787},"79":{"loc":{"start":{"line":792,"column":23},"end":{"line":794,"column":70}},"type":"cond-expr","locations":[{"start":{"line":793,"column":18},"end":{"line":793,"column":60}},{"start":{"line":794,"column":18},"end":{"line":794,"column":70}}],"line":792},"80":{"loc":{"start":{"line":795,"column":27},"end":{"line":797,"column":74}},"type":"cond-expr","locations":[{"start":{"line":796,"column":18},"end":{"line":796,"column":56}},{"start":{"line":797,"column":18},"end":{"line":797,"column":74}}],"line":795},"81":{"loc":{"start":{"line":798,"column":25},"end":{"line":800,"column":73}},"type":"cond-expr","locations":[{"start":{"line":799,"column":18},"end":{"line":799,"column":54}},{"start":{"line":800,"column":18},"end":{"line":800,"column":73}}],"line":798},"82":{"loc":{"start":{"line":802,"column":12},"end":{"line":804,"column":13}},"type":"if","locations":[{"start":{"line":802,"column":12},"end":{"line":804,"column":13}},{"start":{},"end":{}}],"line":802},"83":{"loc":{"start":{"line":805,"column":12},"end":{"line":807,"column":13}},"type":"if","locations":[{"start":{"line":805,"column":12},"end":{"line":807,"column":13}},{"start":{},"end":{}}],"line":805},"84":{"loc":{"start":{"line":808,"column":12},"end":{"line":810,"column":13}},"type":"if","locations":[{"start":{"line":808,"column":12},"end":{"line":810,"column":13}},{"start":{},"end":{}}],"line":808},"85":{"loc":{"start":{"line":813,"column":12},"end":{"line":815,"column":13}},"type":"if","locations":[{"start":{"line":813,"column":12},"end":{"line":815,"column":13}},{"start":{},"end":{}}],"line":813},"86":{"loc":{"start":{"line":830,"column":39},"end":{"line":830,"column":74}},"type":"binary-expr","locations":[{"start":{"line":830,"column":39},"end":{"line":830,"column":68}},{"start":{"line":830,"column":72},"end":{"line":830,"column":74}}],"line":830},"87":{"loc":{"start":{"line":834,"column":25},"end":{"line":834,"column":56}},"type":"binary-expr","locations":[{"start":{"line":834,"column":25},"end":{"line":834,"column":48}},{"start":{"line":834,"column":52},"end":{"line":834,"column":56}}],"line":834},"88":{"loc":{"start":{"line":836,"column":27},"end":{"line":838,"column":32}},"type":"cond-expr","locations":[{"start":{"line":837,"column":18},"end":{"line":837,"column":63}},{"start":{"line":838,"column":18},"end":{"line":838,"column":32}}],"line":836},"89":{"loc":{"start":{"line":840,"column":12},"end":{"line":842,"column":13}},"type":"if","locations":[{"start":{"line":840,"column":12},"end":{"line":842,"column":13}},{"start":{},"end":{}}],"line":840},"90":{"loc":{"start":{"line":862,"column":35},"end":{"line":862,"column":68}},"type":"binary-expr","locations":[{"start":{"line":862,"column":35},"end":{"line":862,"column":62}},{"start":{"line":862,"column":66},"end":{"line":862,"column":68}}],"line":862},"91":{"loc":{"start":{"line":866,"column":25},"end":{"line":866,"column":51}},"type":"binary-expr","locations":[{"start":{"line":866,"column":25},"end":{"line":866,"column":44}},{"start":{"line":866,"column":48},"end":{"line":866,"column":51}}],"line":866},"92":{"loc":{"start":{"line":868,"column":27},"end":{"line":870,"column":32}},"type":"cond-expr","locations":[{"start":{"line":869,"column":18},"end":{"line":869,"column":99}},{"start":{"line":870,"column":18},"end":{"line":870,"column":32}}],"line":868},"93":{"loc":{"start":{"line":869,"column":46},"end":{"line":869,"column":98}},"type":"cond-expr","locations":[{"start":{"line":869,"column":67},"end":{"line":869,"column":68}},{"start":{"line":869,"column":71},"end":{"line":869,"column":98}}],"line":869},"94":{"loc":{"start":{"line":869,"column":71},"end":{"line":869,"column":98}},"type":"cond-expr","locations":[{"start":{"line":869,"column":92},"end":{"line":869,"column":94}},{"start":{"line":869,"column":97},"end":{"line":869,"column":98}}],"line":869},"95":{"loc":{"start":{"line":872,"column":12},"end":{"line":874,"column":13}},"type":"if","locations":[{"start":{"line":872,"column":12},"end":{"line":874,"column":13}},{"start":{},"end":{}}],"line":872},"96":{"loc":{"start":{"line":895,"column":4},"end":{"line":910,"column":5}},"type":"switch","locations":[{"start":{"line":896,"column":8},"end":{"line":897,"column":39}},{"start":{"line":898,"column":8},"end":{"line":899,"column":40}},{"start":{"line":900,"column":8},"end":{"line":901,"column":40}},{"start":{"line":902,"column":8},"end":{"line":903,"column":40}},{"start":{"line":904,"column":8},"end":{"line":905,"column":44}},{"start":{"line":906,"column":8},"end":{"line":907,"column":41}},{"start":{"line":908,"column":8},"end":{"line":909,"column":22}}],"line":895},"97":{"loc":{"start":{"line":915,"column":4},"end":{"line":917,"column":5}},"type":"if","locations":[{"start":{"line":915,"column":4},"end":{"line":917,"column":5}},{"start":{},"end":{}}],"line":915},"98":{"loc":{"start":{"line":924,"column":4},"end":{"line":926,"column":5}},"type":"if","locations":[{"start":{"line":924,"column":4},"end":{"line":926,"column":5}},{"start":{},"end":{}}],"line":924},"99":{"loc":{"start":{"line":931,"column":4},"end":{"line":933,"column":5}},"type":"if","locations":[{"start":{"line":931,"column":4},"end":{"line":933,"column":5}},{"start":{},"end":{}}],"line":931},"100":{"loc":{"start":{"line":932,"column":40},"end":{"line":932,"column":96}},"type":"cond-expr","locations":[{"start":{"line":932,"column":54},"end":{"line":932,"column":76}},{"start":{"line":932,"column":79},"end":{"line":932,"column":96}}],"line":932},"101":{"loc":{"start":{"line":937,"column":4},"end":{"line":940,"column":5}},"type":"if","locations":[{"start":{"line":937,"column":4},"end":{"line":940,"column":5}},{"start":{},"end":{}}],"line":937},"102":{"loc":{"start":{"line":943,"column":4},"end":{"line":945,"column":5}},"type":"if","locations":[{"start":{"line":943,"column":4},"end":{"line":945,"column":5}},{"start":{},"end":{}}],"line":943},"103":{"loc":{"start":{"line":955,"column":12},"end":{"line":957,"column":13}},"type":"if","locations":[{"start":{"line":955,"column":12},"end":{"line":957,"column":13}},{"start":{},"end":{}}],"line":955},"104":{"loc":{"start":{"line":974,"column":4},"end":{"line":981,"column":5}},"type":"if","locations":[{"start":{"line":974,"column":4},"end":{"line":981,"column":5}},{"start":{},"end":{}}],"line":974},"105":{"loc":{"start":{"line":976,"column":19},"end":{"line":976,"column":32}},"type":"default-arg","locations":[{"start":{"line":976,"column":30},"end":{"line":976,"column":32}}],"line":976},"106":{"loc":{"start":{"line":993,"column":4},"end":{"line":999,"column":5}},"type":"if","locations":[{"start":{"line":993,"column":4},"end":{"line":999,"column":5}},{"start":{},"end":{}}],"line":993},"107":{"loc":{"start":{"line":1001,"column":4},"end":{"line":1010,"column":5}},"type":"if","locations":[{"start":{"line":1001,"column":4},"end":{"line":1010,"column":5}},{"start":{},"end":{}}],"line":1001},"108":{"loc":{"start":{"line":1004,"column":12},"end":{"line":1006,"column":13}},"type":"if","locations":[{"start":{"line":1004,"column":12},"end":{"line":1006,"column":13}},{"start":{},"end":{}}],"line":1004},"109":{"loc":{"start":{"line":1012,"column":4},"end":{"line":1014,"column":5}},"type":"if","locations":[{"start":{"line":1012,"column":4},"end":{"line":1014,"column":5}},{"start":{},"end":{}}],"line":1012},"110":{"loc":{"start":{"line":1016,"column":28},"end":{"line":1016,"column":70}},"type":"binary-expr","locations":[{"start":{"line":1016,"column":28},"end":{"line":1016,"column":61}},{"start":{"line":1016,"column":65},"end":{"line":1016,"column":70}}],"line":1016},"111":{"loc":{"start":{"line":1017,"column":24},"end":{"line":1017,"column":64}},"type":"binary-expr","locations":[{"start":{"line":1017,"column":24},"end":{"line":1017,"column":53}},{"start":{"line":1017,"column":57},"end":{"line":1017,"column":64}}],"line":1017},"112":{"loc":{"start":{"line":1029,"column":4},"end":{"line":1031,"column":5}},"type":"if","locations":[{"start":{"line":1029,"column":4},"end":{"line":1031,"column":5}},{"start":{},"end":{}}],"line":1029},"113":{"loc":{"start":{"line":1041,"column":27},"end":{"line":1041,"column":72}},"type":"binary-expr","locations":[{"start":{"line":1041,"column":27},"end":{"line":1041,"column":39}},{"start":{"line":1041,"column":43},"end":{"line":1041,"column":72}}],"line":1041},"114":{"loc":{"start":{"line":1044,"column":8},"end":{"line":1050,"column":9}},"type":"if","locations":[{"start":{"line":1044,"column":8},"end":{"line":1050,"column":9}},{"start":{"line":1046,"column":15},"end":{"line":1050,"column":9}}],"line":1044},"115":{"loc":{"start":{"line":1046,"column":15},"end":{"line":1050,"column":9}},"type":"if","locations":[{"start":{"line":1046,"column":15},"end":{"line":1050,"column":9}},{"start":{"line":1048,"column":15},"end":{"line":1050,"column":9}}],"line":1046},"116":{"loc":{"start":{"line":1053,"column":15},"
[...]
:{"line":367,"column":8},"end":{"line":367,"column":49}},"149":{"start":{"line":370,"column":4},"end":{"line":389,"column":6}}},"fnMap":{"0":{"name":"tagServiceFactory","decl":{"start":{"line":19,"column":10},"end":{"line":19,"column":27}},"loc":{"start":{"line":19,"column":30},"end":{"line":390,"column":1}},"line":19},"1":{"name":"(anonymous_1)","decl":{"start":{"line":24,"column":14},"end":{"line":24,"column":15}},"loc":{"start":{"line":24,"column":38},"end":{"line":24,"column":63}},"line":24},"2":{"name":"(anonymous_2)","decl":{"start":{"line":25,"column":16},"end":{"line":25,"column":17}},"loc":{"start":{"line":25,"column":42},"end":{"line":25,"column":81}},"line":25},"3":{"name":"(anonymous_3)","decl":{"start":{"line":26,"column":21},"end":{"line":26,"column":22}},"loc":{"start":{"line":26,"column":45},"end":{"line":26,"column":77}},"line":26},"4":{"name":"requestJSON","decl":{"start":{"line":35,"column":19},"end":{"line":35,"column":30}},"loc":{"start":{"line":35,"column":50},"end":{"line":51,"column":5}},"line":35},"5":{"name":"(anonymous_5)","decl":{"start":{"line":45,"column":52},"end":{"line":45,"column":53}},"loc":{"start":{"line":45,"column":59},"end":{"line":45,"column":61}},"line":45},"6":{"name":"getCached","decl":{"start":{"line":58,"column":13},"end":{"line":58,"column":22}},"loc":{"start":{"line":58,"column":28},"end":{"line":63,"column":5}},"line":58},"7":{"name":"setCached","decl":{"start":{"line":70,"column":19},"end":{"line":70,"column":28}},"loc":{"start":{"line":70,"column":41},"end":{"line":78,"column":5}},"line":70},"8":{"name":"removeCached","decl":{"start":{"line":84,"column":19},"end":{"line":84,"column":31}},"loc":{"start":{"line":84,"column":37},"end":{"line":92,"column":5}},"line":84},"9":{"name":"fetchCategories","decl":{"start":{"line":99,"column":19},"end":{"line":99,"column":34}},"loc":{"start":{"line":99,"column":49},"end":{"line":111,"column":5}},"line":99},"10":{"name":"createCategory","decl":{"start":{"line":118,"column":19},"end":{"line":118,"column":33}},"loc":{"start":{"line":118,"column":43},"end":{"line":127,"column":5}},"line":118},"11":{"name":"updateCategory","decl":{"start":{"line":135,"column":19},"end":{"line":135,"column":33}},"loc":{"start":{"line":135,"column":55},"end":{"line":144,"column":5}},"line":135},"12":{"name":"deleteCategory","decl":{"start":{"line":151,"column":19},"end":{"line":151,"column":33}},"loc":{"start":{"line":151,"column":46},"end":{"line":158,"column":5}},"line":151},"13":{"name":"fetchTags","decl":{"start":{"line":165,"column":19},"end":{"line":165,"column":28}},"loc":{"start":{"line":165,"column":43},"end":{"line":187,"column":5}},"line":165},"14":{"name":"createTag","decl":{"start":{"line":189,"column":19},"end":{"line":189,"column":28}},"loc":{"start":{"line":189,"column":38},"end":{"line":198,"column":5}},"line":189},"15":{"name":"updateTag","decl":{"start":{"line":200,"column":19},"end":{"line":200,"column":28}},"loc":{"start":{"line":200,"column":45},"end":{"line":209,"column":5}},"line":200},"16":{"name":"deleteTag","decl":{"start":{"line":211,"column":19},"end":{"line":211,"column":28}},"loc":{"start":{"line":211,"column":65},"end":{"line":217,"column":5}},"line":211},"17":{"name":"loadEntityTags","decl":{"start":{"line":219,"column":19},"end":{"line":219,"column":33}},"loc":{"start":{"line":219,"column":80},"end":{"line":231,"column":5}},"line":219},"18":{"name":"normalizeTagIds","decl":{"start":{"line":233,"column":13},"end":{"line":233,"column":28}},"loc":{"start":{"line":233,"column":37},"end":{"line":249,"column":5}},"line":233},"19":{"name":"(anonymous_19)","decl":{"start":{"line":238,"column":17},"end":{"line":238,"column":18}},"loc":{"start":{"line":238,"column":28},"end":{"line":247,"column":13}},"line":238},"20":{"name":"formatTagErrorMessage","decl":{"start":{"line":251,"column":13},"end":{"line":251,"column":34}},"loc":{"start":{"line":251,"column":58},"end":{"line":257,"column":5}},"line":251},"21":{"name":"replaceEntityTags","decl":{"start":{"line":259,"column":19},"end":{"line":259,"column":36}},"loc":{"start":{"line":259,"column":67},"end":{"line":277,"column":5}},"line":259},"22":{"name":"removeTagFromEntity","decl":{"start":{"line":279,"column":19},"end":{"line":279,"column":38}},"loc":{"start":{"line":279,"column":68},"end":{"line":300,"column":5}},"line":279},"23":{"name":"getSuggestions","decl":{"start":{"line":302,"column":19},"end":{"line":302,"column":33}},"loc":{"start":{"line":302,"column":89},"end":{"line":322,"column":5}},"line":302},"24":{"name":"getTagUsage","decl":{"start":{"line":324,"column":19},"end":{"line":324,"column":30}},"loc":{"start":{"line":324,"column":69},"end":{"line":339,"column":5}},"line":324},"25":{"name":"getAnalytics","decl":{"start":{"line":341,"column":19},"end":{"line":341,"column":31}},"loc":{"start":{"line":341,"column":47},"end":{"line":354,"column":5}},"line":341},"26":{"name":"invalidateEntity","decl":{"start":{"line":356,"column":19},"end":{"line":356,"column":35}},"loc":{"start":{"line":356,"column":58},"end":{"line":362,"column":5}},"line":356},"27":{"name":"clearCache","decl":{"start":{"line":364,"column":19},"end":{"line":364,"column":29}},"loc":{"start":{"line":364,"column":32},"end":{"line":368,"column":5}},"line":364}},"branchMap":{"0":{"loc":{"start":{"line":24,"column":15},"end":{"line":24,"column":33}},"type":"default-arg","locations":[{"start":{"line":24,"column":28},"end":{"line":24,"column":33}}],"line":24},"1":{"loc":{"start":{"line":26,"column":22},"end":{"line":26,"column":40}},"type":"default-arg","locations":[{"start":{"line":26,"column":35},"end":{"line":26,"column":40}}],"line":26},"2":{"loc":{"start":{"line":35,"column":36},"end":{"line":35,"column":48}},"type":"default-arg","locations":[{"start":{"line":35,"column":46},"end":{"line":35,"column":48}}],"line":35},"3":{"loc":{"start":{"line":46,"column":8},"end":{"line":49,"column":9}},"type":"if","locations":[{"start":{"line":46,"column":8},"end":{"line":49,"column":9}},{"start":{},"end":{}}],"line":46},"4":{"loc":{"start":{"line":47,"column":28},"end":{"line":47,"column":103}},"type":"binary-expr","locations":[{"start":{"line":47,"column":28},"end":{"line":47,"column":51}},{"start":{"line":47,"column":55},"end":{"line":47,"column":103}}],"line":47},"5":{"loc":{"start":{"line":50,"column":15},"end":{"line":50,"column":39}},"type":"binary-expr","locations":[{"start":{"line":50,"column":15},"end":{"line":50,"column":28}},{"start":{"line":50,"column":32},"end":{"line":50,"column":39}}],"line":50},"6":{"loc":{"start":{"line":59,"column":8},"end":{"line":61,"column":9}},"type":"if","locations":[{"start":{"line":59,"column":8},"end":{"line":61,"column":9}},{"start":{},"end":{}}],"line":59},"7":{"loc":{"start":{"line":59,"column":12},"end":{"line":59,"column":94}},"type":"binary-expr","locations":[{"start":{"line":59,"column":12},"end":{"line":59,"column":38}},{"start":{"line":59,"column":42},"end":{"line":59,"column":94}}],"line":59},"8":{"loc":{"start":{"line":71,"column":8},"end":{"line":77,"column":9}},"type":"if","locations":[{"start":{"line":71,"column":8},"end":{"line":77,"column":9}},{"start":{},"end":{}}],"line":71},"9":{"loc":{"start":{"line":71,"column":12},"end":{"line":71,"column":95}},"type":"binary-expr","locations":[{"start":{"line":71,"column":12},"end":{"line":71,"column":38}},{"start":{"line":71,"column":42},"end":{"line":71,"column":95}}],"line":71},"10":{"loc":{"start":{"line":85,"column":8},"end":{"line":91,"column":9}},"type":"if","locations":[{"start":{"line":85,"column":8},"end":{"line":91,"column":9}},{"start":{},"end":{}}],"line":85},"11":{"loc":{"start":{"line":85,"column":12},"end":{"line":85,"column":97}},"type":"binary-expr","locations":[{"start":{"line":85,"column":12},"end":{"line":85,"column":38}},{"start":{"line":85,"column":42},"end":{"line":85,"column":97}}],"line":85},"12":{"loc":{"start":{"line":99,"column":35},"end":{"line":99,"column":47}},"type":"default-arg","locations":[{"start":{"line":99,"column":45},"end":{"line":99,"column":47}}],"line":99},"13":{"loc":{"start":{"line":101,"column":8},"end":{"line":106,"column":9}},"type":"if","locations":[{"start":{"line":101,"column":8},"end":{"line":106,"column":9}},{"start":{},"end":{}}],"line":101},"14":{"loc":{"start":{"line":103,"column":12},"end":{"line":105,"column":13}},"type":"if","locations":[{"start":{"line":103,"column":12},"end":{"line":105,"column":13}},{"start":{},"end":{}}],"line":103},"15":{"loc":{"start":{"line":165,"column":29},"end":{"line":165,"column":41}},"type":"default-arg","locations":[{"start":{"line":165,"column":39},"end":{"line":165,"column":41}}],"line":165},"16":{"loc":{"start":{"line":166,"column":16},"end":{"line":166,"column":33}},"type":"default-arg","locations":[{"start":{"line":166,"column":29},"end":{"line":166,"column":33}}],"line":166},"17":{"loc":{"start":{"line":166,"column":35},"end":{"line":166,"column":58}},"type":"default-arg","locations":[{"start":{"line":166,"column":53},"end":{"line":166,"column":58}}],"line":166},"18":{"loc":{"start":{"line":166,"column":60},"end":{"line":166,"column":73}},"type":"default-arg","locations":[{"start":{"line":166,"column":68},"end":{"line":166,"column":73}}],"line":166},"19":{"loc":{"start":{"line":167,"column":41},"end":{"line":167,"column":60}},"type":"binary-expr","locations":[{"start":{"line":167,"column":41},"end":{"line":167,"column":51}},{"start":{"line":167,"column":55},"end":{"line":167,"column":60}}],"line":167},"20":{"loc":{"start":{"line":169,"column":8},"end":{"line":174,"column":9}},"type":"if","locations":[{"start":{"line":169,"column":8},"end":{"line":174,"column":9}},{"start":{},"end":{}}],"line":169},"21":{"loc":{"start":{"line":171,"column":12},"end":{"line":173,"column":13}},"type":"if","locations":[{"start":{"line":171,"column":12},"end":{"line":173,"column":13}},{"start":{},"end":{}}],"line":171},"22":{"loc":{"start":{"line":177,"column":8},"end":{"line":179,"column":9}},"type":"if","locations":[{"start":{"line":177,"column":8},"end":{"line":179,"column":9}},{"start":{},"end":{}}],"line":177},"23":{"loc":{"start":{"line":177,"column":12},"end":{"line":177,"column":59}},"type":"binary-expr","locations":[{"start":{"line":177,"column":12},"end":{"line":177,"column":31}},{"start":{"line":177,"column":35},"end":{"line":177,"column":59}}],"line":177},"24":{"loc":{"start":{"line":180,"column":8},"end":{"line":182,"column":9}},"type":"if","locations":[{"start":{"line":180,"column":8},"end":{"line":182,"column":9}},{"start":{},"end":{}}],"line":180},"25":{"loc":{"start":{"line":194,"column":43},"end":{"line":194,"column":71}},"type":"binary-expr","locations":[{"start":{"line":194,"column":43},"end":{"line":194,"column":62}},{"start":{"line":194,"column":66},"end":{"line":194,"column":71}}],"line":194},"26":{"loc":{"start":{"line":205,"column":43},"end":{"line":205,"column":71}},"type":"binary-expr","locations":[{"start":{"line":205,"column":43},"end":{"line":205,"column":62}},{"start":{"line":205,"column":66},"end":{"line":205,"column":71}}],"line":205},"27":{"loc":{"start":{"line":211,"column":36},"end":{"line":211,"column":63}},"type":"default-arg","locations":[{"start":{"line":211,"column":61},"end":{"line":211,"column":63}}],"line":211},"28":{"loc":{"start":{"line":211,"column":38},"end":{"line":211,"column":56}},"type":"default-arg","locations":[{"start":{"line":211,"column":51},"end":{"line":211,"column":56}}],"line":211},"29":{"loc":{"start":{"line":219,"column":56},"end":{"line":219,"column":78}},"type":"default-arg","locations":[{"start":{"line":219,"column":76},"end":{"line":219,"column":78}}],"line":219},"30":{"loc":{"start":{"line":219,"column":58},"end":{"line":219,"column":71}},"type":"default-arg","locations":[{"start":{"line":219,"column":66},"end":{"line":219,"column":71}}],"line":219},"31":{"loc":{"start":{"line":221,"column":8},"end":{"line":226,"column":9}},"type":"if","locations":[{"start":{"line":221,"column":8},"end":{"line":226,"column":9}},{"start":{},"end":{}}],"line":221},"32":{"loc":{"start":{"line":223,"column":12},"end":{"line":225,"column":13}},"type":"if","locations":[{"start":{"line":223,"column":12},"end":{"line":225,"column":13}},{"start":{},"end":{}}],"line":223},"33":{"loc":{"start":{"line":234,"column":8},"end":{"line":236,"column":9}},"type":"if","locations":[{"start":{"line":234,"column":8},"end":{"line":236,"column":9}},{"start":{},"end":{}}],"line":234},"34":{"loc":{"start":{"line":239,"column":16},"end":{"line":241,"column":17}},"type":"if","locations":[{"start":{"line":239,"column":16},"end":{"line":241,"column":17}},{"start":{},"end":{}}],"line":239},"35":{"loc":{"start":{"line":240,"column":27},"end":{"line":240,"column":63}},"type":"cond-expr","locations":[{"start":{"line":240,"column":52},"end":{"line":240,"column":57}},{"start":{"line":240,"column":60},"end":{"line":240,"column":63}}],"line":240},"36":{"loc":{"start":{"line":242,"column":16},"end":{"line":245,"column":17}},"type":"if","locations":[{"start":{"line":242,"column":16},"end":{"line":245,"column":17}},{"start":{},"end":{}}],"line":242},"37":{"loc":{"start":{"line":242,"column":20},"end":{"line":242,"column":68}},"type":"binary-expr","locations":[{"start":{"line":242,"column":20},"end":{"line":242,"column":45}},{"start":{"line":242,"column":49},"end":{"line":242,"column":68}}],"line":242},"38":{"loc":{"start":{"line":244,"column":27},"end":{"line":244,"column":62}},"type":"cond-expr","locations":[{"start":{"line":244,"column":50},"end":{"line":244,"column":53}},{"start":{"line":244,"column":56},"end":{"line":244,"column":62}}],"line":244},"39":{"loc":{"start":{"line":253,"column":8},"end":{"line":255,"column":9}},"type":"if","locations":[{"start":{"line":253,"column":8},"end":{"line":255,"column":9}},{"start":{},"end":{}}],"line":253},"40":{"loc":{"start":{"line":253,"column":12},"end":{"line":253,"column":68}},"type":"binary-expr","locations":[{"start":{"line":253,"column":12},"end":{"line":253,"column":39}},{"start":{"line":253,"column":43},"end":{"line":253,"column":68}}],"line":253},"41":{"loc":{"start":{"line":281,"column":8},"end":{"line":283,"column":9}},"type":"if","locations":[{"start":{"line":281,"column":8},"end":{"line":283,"column":9}},{"start":{},"end":{}}],"line":281},"42":{"loc":{"start":{"line":302,"column":34},"end":{"line":302,"column":87}},"type":"default-arg","locations":[{"start":{"line":302,"column":85},"end":{"line":302,"column":87}}],"line":302},"43":{"loc":{"start":{"line":302,"column":36},"end":{"line":302,"column":53}},"type":"default-arg","locations":[{"start":{"line":302,"column":49},"end":{"line":302,"column":53}}],"line":302},"44":{"loc":{"start":{"line":302,"column":55},"end":{"line":302,"column":68}},"type":"default-arg","locations":[{"start":{"line":302,"column":63},"end":{"line":302,"column":68}}],"line":302},"45":{"loc":{"start":{"line":302,"column":70},"end":{"line":302,"column":80}},"type":"default-arg","locations":[{"start":{"line":302,"column":78},"end":{"line":302,"column":80}}],"line":302},"46":{"loc":{"start":{"line":303,"column":48},"end":{"line":303,"column":67}},"type":"binary-expr","locations":[{"start":{"line":303,"column":48},"end":{"line":303,"column":58}},{"start":{"line":303,"column":62},"end":{"line":303,"column":67}}],"line":303},"47":{"loc":{"start":{"line":304,"column":8},"end":{"line":309,"column":9}},"type":"if","locations":[{"start":{"line":304,"column":8},"end":{"line":309,"column":9}},{"start":{},"end":{}}],"line":304},"48":{"loc":{"start":{"line":306,"column":12},"end":{"line":308,"column":13}},"type":"if","locations":[{"start":{"line":306,"column":12},"end":{"line":308,"column":13}},{"start":{},"end":{}}],"line":306},"49":{"loc":{"start":{"line":312,"column":8},"end":{"line":314,"column":9}},"type":"if","locations":[{"start":{"line":312,"column":8},"end":{"line":314,"column":9}},{"start":{},"end":{}}],"line":312},"50":{"loc":{"start":{"line":315,"column":8},"end":{"line":317,"column":9}},"type":"if","locations":[{"start":{"line":315,"column":8},"end":{"line":317,"column":9}},{"start":{},"end":{}}],"line":315},"51":{"loc":{"start":{"line":324,"column":38},"end":{"line":324,"column":67}},"type":"default-arg","locations":[{"start":{"line":324,"column":65},"end":{"line":324,"column":67}}],"line":324},"52":{"loc":{"start":{"line":324,"column":40},"end":{"line":324,"column":52}},"type":"default-arg","locations":[{"start":{"line":324,"column":48},"end":{"line":324,"column":52}}],"line":324},"53":{"loc":{"start":{"line":326,"column":8},"end":{"line":328,"column":9}},"type":"if","locations":[{"start":{"line":326,"column":8},"end":{"line":328,"column":9}},{"start":{},"end":{}}],"line":326},"54":{"loc":{"start":{"line":331,"column":8},"end":{"line":333,"column":9}},"type":"if","locations":[{"start":{"line":331,"column":8},"end":{"line":333,"column":9}},{"start":{},"end":{}}],"line":331},"55":{"loc":{"start":{"line":331,"column":12},"end":{"line":331,"column":51}},"type":"binary-expr","locations":[{"start":{"line":331,"column":12},"end":{"line":331,"column":17}},{"start":{"line":331,"column":21},"end":{"line":331,"column":51}}],"line":331},"56":{"loc":{"start":{"line":336,"column":61},"end":{"line":336,"column":97}},"type":"cond-expr","locations":[{"start":{"line":336,"column":75},"end":{"line":336,"column":92}},{"start":{"line":336,"column":95},"end":{"line":336,"column":97}}],"line":336},"57":{"loc":{"start":{"line":341,"column":32},"end":{"line":341,"column":45}},"type":"default-arg","locations":[{"start":{"line":341,"column":40},"end":{"line":341,"column":45}}],"line":341},"58":{"loc":{"start":{"line":343,"column":8},"end":{"line":348,"column":9}},"type":"if","locations":[{"start":{"line":343,"column":8},"end":{"line":348,"column":9}},{"start":{},"end":{}}],"line":343},"59":{"loc":{"start":{"line":345,"column":12},"end":{"line":347,"column":13}},"type":"if","locations":[{"start":{"line":345,"column":12},"end":{"line":347,"column":13}},{"start":{},"end":{}}],"line":345}},"s":{"0":20,"1":20,"2":20,"3":9,"4":5,"5":9,"6":15,"7":15,"8":0,"9":15,"10":1,"11":1,"12":14,"13":5,"14":5,"15":0,"16":6,"17":6,"18":6,"19":1,"20":31,"21":31,"22":31,"23":1,"24":3,"25":3,"26":2,"27":2,"28":1,"29":2,"30":1,"31":1,"32":1,"33":1,"34":1,"35":1,"36":1,"37":1,"38":1,"39":1,"40":1,"41":1,"42":1,"43":1,"44":1,"45":1,"46":1,"47":1,"48":1,"49":1,"50":1,"51":0,"52":0,"53":0,"54":1,"55":1,"56":1,"57":1,"58":1,"59":1,"60":1,"61":1,"62":1,"63":1,"64":1,"65":1,"66":1,"67":1,"68":1,"69":1,"70":1,"71":1,"72":1,"73":1,"74":1,"75":1,"76":1,"77":2,"78":2,"79":1,"80":1,"81":1,"82":1,"83":1,"84":1,"85":1,"86":0,"87":1,"88":2,"89":2,"90":0,"91":0,"92":0,"93":0,"94":0,"95":0,"96":0,"97":0,"98":1,"99":1,"100":1,"101":1,"102":1,"103":1,"104":1,"105":0,"106":1,"107":1,"108":1,"109":1,"110":3,"111":3,"112":1,"113":1,"114":1,"115":2,"116":2,"117":2,"118":2,"119":2,"120":2,"121":2,"122":2,"123":0,"124":0,"125":0,"126":0,"127":0,"128":0,"129":0,"130":0,"131":0,"132":2,"133":2,"134":1,"135":1,"136":1,"137":1,"138":1,"139":1,"140":1,"141":3,"142":3,"143":3,"144":3,"145":3,"146":1,"147":1,"148":1,"149":20},"f":{"0":20,"1":9,"2":5,"3":9,"4":15,"5":0,"6":5,"7":6,"8":31,"9":3,"10":1,"11":1,"12":1,"13":1,"14":1,"15":1,"16":1,"17":2,"18":1,"19":2,"20":0,"21":1,"22":1,"23":3,"24":0,"25":2,"26":3,"27":1},"b":{"0":[0],"1":[0],"2":[7],"3":[1,14],"4":[1,0],"5":[14,0],"6":[5,0],"7":[5,5],"8":[6,0],"9":[6,6],"10":[31,0],"11":[31,31],"12":[2],"13":[2,1],"14":[1,1],"15":[0],"16":[0],"17":[0],"18":[0],"19":[1,0],"20":[0,1],"21":[0,0],"22":[1,0],"23":[1,1],"24":[1,0],"25":[1,0],"26":[1,0],"27":[0],"28":[0],"29":[1],"30":[1],"31":[1,1],"32":[1,0],"33":[0,1],"34":[2,0],"35":[2,0],"36":[0,0],"37":[0,0],"38":[0,0],"39":[0,0],"40":[0,0],"41":[0,1],"42":[0],"43":[0],"44":[0],"45":[3],"46":[3,0],"47":[1,2],"48":[1,0],"49":[2,0],"50":[2,0],"51":[0],"52":[0],"53":[0,0],"54":[0,0],"55":[0,0],"56":[0,0],"57":[1],"58":[1,1],"59":[1,0]},"_coverageSchema":"1a1c01bbd47fc00a2c39e90264f33305004495a9","hash":"db0860996a5042e30c35a2ddbe141ec6236b78a4"}
}
