TN:
SF:trading-ui/scripts/button-system-demo-core.js
FN:118,getCssVariableValue
FN:125,escapeAttributeValue
FN:134,resolveButtonText
FN:139,resolveButtonIcon
FN:144,resolveColorVariable
FN:148,buildLegacyHtml
FN:159,buildModernHtml
FN:186,buildJsSnippet
FN:190,getEntityVariantSet
FN:198,buildVariantData
FN:206,createVariantButton
FN:243,createColorPreview
FN:263,(anonymous_12)
FN:265,(anonymous_13)
FN:291,(anonymous_14)
FN:300,getFilteredButtons
FN:302,(anonymous_16)
FN:320,createCodeCell
FN:347,createButtonRow
FN:364,(anonymous_19)
FN:428,updateStats
FN:442,(anonymous_21)
FN:453,renderButtonTable
FN:462,(anonymous_23)
FN:474,filterButtons
FN:478,updateFilterSelection
FN:482,(anonymous_26)
FN:493,initializeButtonFilters
FN:505,(anonymous_28)
FN:511,(anonymous_29)
FN:528,createColorDetailsList
FN:532,(anonymous_31)
FN:559,createColorTableRow
FN:623,getBrandColorRows
FN:698,(anonymous_34)
FN:709,(anonymous_35)
FN:728,getActionColorRows
FN:729,(anonymous_37)
FN:735,(anonymous_38)
FN:736,(anonymous_39)
FN:755,getEntityColorRows
FN:757,(anonymous_41)
FN:759,(anonymous_42)
FN:771,(anonymous_43)
FN:776,getStatusColorRows
FN:777,(anonymous_45)
FN:780,(anonymous_46)
FN:829,getInvestmentColorRows
FN:830,(anonymous_48)
FN:833,(anonymous_49)
FN:847,(anonymous_50)
FN:861,getNumericColorRows
FN:862,(anonymous_52)
FN:865,(anonymous_53)
FN:880,(anonymous_54)
FN:894,getColorRowsByGroup
FN:913,renderColorTables
FN:922,(anonymous_57)
FN:936,initializeColorFilters
FN:948,(anonymous_59)
FN:954,(anonymous_60)
FN:971,persistFiltersState
FN:976,(anonymous_62)
FN:977,(anonymous_63)
FN:990,loadFiltersState
FN:1020,initializeDesignsPage
FN:1034,loadButtonTable
FN:1039,(anonymous_67)
FN:1052,(anonymous_68)
FN:1058,(anonymous_69)
FN:1061,(anonymous_70)
FN:1070,(anonymous_71)
FN:1079,(anonymous_72)
FN:1102,(anonymous_73)
FN:1107,(anonymous_74)
FN:1117,(anonymous_75)
FN:1122,(anonymous_76)
FN:1125,(anonymous_77)
FN:1133,loadDesigns
FN:1137,(anonymous_79)
FN:1140,(anonymous_80)
FNF:81
FNH:75
FNDA:2097,getCssVariableValue
FNDA:1974,escapeAttributeValue
FNDA:2872,resolveButtonText
FNDA:5093,resolveButtonIcon
FNDA:1431,resolveColorVariable
FNDA:1431,buildLegacyHtml
FNDA:1431,buildModernHtml
FNDA:1431,buildJsSnippet
FNDA:53,getEntityVariantSet
FNDA:1431,buildVariantData
FNDA:4201,createVariantButton
FNDA:1333,createColorPreview
FNDA:53,(anonymous_12)
FNDA:1431,(anonymous_13)
FNDA:1431,(anonymous_14)
FNDA:56,getFilteredButtons
FNDA:1512,(anonymous_16)
FNDA:3999,createCodeCell
FNDA:1333,createButtonRow
FNDA:3999,(anonymous_19)
FNDA:56,updateStats
FNDA:1512,(anonymous_21)
FNDA:56,renderButtonTable
FNDA:1333,(anonymous_23)
FNDA:0,filterButtons
FNDA:172,updateFilterSelection
FNDA:768,(anonymous_26)
FNDA:29,initializeButtonFilters
FNDA:72,(anonymous_28)
FNDA:0,(anonymous_29)
FNDA:184,createColorDetailsList
FNDA:634,(anonymous_31)
FNDA:192,createColorTableRow
FNDA:48,getBrandColorRows
FNDA:288,(anonymous_34)
FNDA:336,(anonymous_35)
FNDA:4,getActionColorRows
FNDA:108,(anonymous_37)
FNDA:376,(anonymous_38)
FNDA:108,(anonymous_39)
FNDA:2,getEntityColorRows
FNDA:0,(anonymous_41)
FNDA:2,(anonymous_42)
FNDA:6,(anonymous_43)
FNDA:4,getStatusColorRows
FNDA:4,(anonymous_45)
FNDA:8,(anonymous_46)
FNDA:1,getInvestmentColorRows
FNDA:0,(anonymous_48)
FNDA:1,(anonymous_49)
FNDA:2,(anonymous_50)
FNDA:3,getNumericColorRows
FNDA:9,(anonymous_52)
FNDA:9,(anonymous_53)
FNDA:27,(anonymous_54)
FNDA:62,getColorRowsByGroup
FNDA:58,renderColorTables
FNDA:192,(anonymous_57)
FNDA:29,initializeColorFilters
FNDA:144,(anonymous_59)
FNDA:0,(anonymous_60)
FNDA:7,persistFiltersState
FNDA:1,(anonymous_62)
FNDA:0,(anonymous_63)
FNDA:29,loadFiltersState
FNDA:29,initializeDesignsPage
FNDA:1,loadButtonTable
FNDA:2,(anonymous_67)
FNDA:1,(anonymous_68)
FNDA:3,(anonymous_69)
FNDA:2,(anonymous_70)
FNDA:6,(anonymous_71)
FNDA:6,(anonymous_72)
FNDA:1,(anonymous_73)
FNDA:4,(anonymous_74)
FNDA:1,(anonymous_75)
FNDA:1,(anonymous_76)
FNDA:4,(anonymous_77)
FNDA:5,loadDesigns
FNDA:24,(anonymous_79)
FNDA:24,(anonymous_80)
DA:6,24
DA:36,24
DA:42,24
DA:51,24
DA:52,24
DA:54,24
DA:66,24
DA:72,24
DA:78,24
DA:83,24
DA:84,24
DA:85,24
DA:86,24
DA:88,24
DA:119,2097
DA:120,0
DA:122,2097
DA:126,1974
DA:127,0
DA:129,1974
DA:135,2872
DA:136,2872
DA:140,5093
DA:141,5093
DA:145,1431
DA:149,1431
DA:150,0
DA:152,1431
DA:153,1431
DA:154,1431
DA:155,1431
DA:156,1431
DA:160,1431
DA:165,1431
DA:166,1378
DA:169,1431
DA:170,106
DA:173,1431
DA:174,212
DA:177,1431
DA:178,159
DA:181,1431
DA:183,1431
DA:187,1431
DA:191,53
DA:199,1431
DA:207,4201
DA:208,4201
DA:209,4201
DA:210,4201
DA:211,4201
DA:212,0
DA:214,4201
DA:215,0
DA:217,4201
DA:218,202
DA:221,4201
DA:222,4201
DA:224,4201
DA:226,1333
DA:227,1333
DA:228,1333
DA:230,1333
DA:231,1333
DA:232,1333
DA:234,1535
DA:235,1535
DA:236,1535
DA:239,4201
DA:240,4201
DA:244,1333
DA:245,1333
DA:247,1333
DA:248,1333
DA:249,1333
DA:250,1333
DA:252,1333
DA:253,1333
DA:255,1333
DA:256,1333
DA:257,1333
DA:260,24
DA:264,53
DA:265,53
DA:266,1431
DA:267,1431
DA:268,1431
DA:269,1431
DA:271,1431
DA:290,53
DA:291,53
DA:292,1431
DA:293,1431
DA:298,24
DA:301,56
DA:302,56
DA:303,1512
DA:304,1512
DA:305,153
DA:307,1359
DA:308,1332
DA:310,27
DA:316,27
DA:321,3999
DA:323,3999
DA:324,0
DA:325,0
DA:328,3999
DA:329,3999
DA:330,3999
DA:331,3999
DA:333,3999
DA:334,3999
DA:336,3999
DA:337,3999
DA:338,3999
DA:339,3999
DA:340,3999
DA:341,3999
DA:343,3999
DA:344,3999
DA:348,1333
DA:349,1333
DA:350,1333
DA:351,1333
DA:353,1333
DA:354,1333
DA:355,1333
DA:356,1333
DA:358,1333
DA:364,1333
DA:365,3999
DA:366,3999
DA:368,3999
DA:369,3999
DA:370,3999
DA:371,3999
DA:373,3999
DA:374,3999
DA:377,1333
DA:378,202
DA:379,202
DA:380,202
DA:381,202
DA:382,202
DA:383,202
DA:384,202
DA:385,202
DA:388,1333
DA:389,1333
DA:391,1333
DA:392,1333
DA:393,1333
DA:395,1333
DA:396,1333
DA:397,1333
DA:399,1333
DA:400,1333
DA:401,1333
DA:403,1333
DA:404,1333
DA:405,1333
DA:407,1333
DA:408,1333
DA:410,1333
DA:411,1333
DA:412,1333
DA:413,1333
DA:414,1333
DA:415,1333
DA:417,1333
DA:418,1333
DA:419,1333
DA:420,1333
DA:421,1333
DA:422,1333
DA:424,1333
DA:425,1333
DA:429,56
DA:430,56
DA:431,56
DA:432,56
DA:433,56
DA:435,56
DA:436,56
DA:438,56
DA:439,56
DA:441,56
DA:442,1512
DA:443,56
DA:445,56
DA:446,56
DA:448,56
DA:449,56
DA:454,56
DA:455,56
DA:456,0
DA:459,56
DA:460,56
DA:462,56
DA:463,1333
DA:466,56
DA:467,56
DA:470,56
DA:471,56
DA:475,0
DA:479,172
DA:480,0
DA:482,172
DA:483,768
DA:484,170
DA:485,170
DA:487,598
DA:488,598
DA:494,29
DA:495,5
DA:496,5
DA:499,24
DA:500,24
DA:501,0
DA:504,24
DA:505,24
DA:506,72
DA:507,72
DA:508,72
DA:509,72
DA:510,72
DA:511,72
DA:512,0
DA:513,0
DA:515,0
DA:516,0
DA:517,0
DA:518,0
DA:519,0
DA:521,72
DA:524,24
DA:525,24
DA:529,184
DA:530,184
DA:532,184
DA:533,634
DA:534,634
DA:535,634
DA:537,634
DA:538,634
DA:540,634
DA:541,299
DA:542,299
DA:543,299
DA:544,299
DA:547,634
DA:548,634
DA:549,634
DA:551,634
DA:552,634
DA:553,634
DA:556,184
DA:560,192
DA:562,192
DA:563,192
DA:564,192
DA:566,192
DA:567,192
DA:568,192
DA:570,192
DA:571,192
DA:572,192
DA:574,192
DA:575,192
DA:576,192
DA:577,192
DA:578,192
DA:579,192
DA:580,192
DA:581,192
DA:582,192
DA:583,192
DA:584,192
DA:585,192
DA:587,192
DA:588,192
DA:589,184
DA:591,8
DA:593,192
DA:595,192
DA:596,192
DA:598,192
DA:599,192
DA:601,192
DA:602,192
DA:603,192
DA:604,192
DA:605,192
DA:606,192
DA:607,192
DA:610,192
DA:611,120
DA:612,120
DA:613,120
DA:614,120
DA:615,120
DA:616,120
DA:619,192
DA:620,192
DA:624,48
DA:697,48
DA:699,288
DA:700,288
DA:701,192
DA:704,96
DA:705,96
DA:706,96
DA:709,96
DA:710,336
DA:711,336
DA:712,288
DA:716,96
DA:729,4
DA:730,108
DA:731,108
DA:734,4
DA:735,376
DA:737,108
DA:738,108
DA:739,108
DA:740,108
DA:756,2
DA:757,0
DA:759,2
DA:760,2
DA:761,2
DA:771,6
DA:777,4
DA:779,4
DA:781,8
DA:782,8
DA:783,8
DA:787,8
DA:788,0
DA:791,8
DA:792,8
DA:795,8
DA:798,8
DA:802,8
DA:803,0
DA:805,8
DA:806,0
DA:808,8
DA:809,0
DA:812,8
DA:813,8
DA:814,0
DA:817,8
DA:830,1
DA:832,1
DA:834,1
DA:835,1
DA:836,1
DA:840,1
DA:841,0
DA:844,1
DA:847,2
DA:849,1
DA:862,9
DA:864,3
DA:866,9
DA:867,9
DA:868,9
DA:872,9
DA:873,0
DA:876,9
DA:880,27
DA:882,9
DA:895,62
DA:897,48
DA:899,4
DA:901,2
DA:903,4
DA:905,1
DA:907,3
DA:909,0
DA:914,58
DA:915,58
DA:916,0
DA:919,58
DA:921,58
DA:922,192
DA:924,58
DA:925,58
DA:928,58
DA:930,58
DA:931,58
DA:932,58
DA:937,29
DA:938,5
DA:939,5
DA:942,24
DA:943,24
DA:944,0
DA:947,24
DA:948,24
DA:949,144
DA:950,144
DA:951,144
DA:952,144
DA:953,144
DA:954,144
DA:955,0
DA:956,0
DA:958,0
DA:959,0
DA:960,0
DA:961,0
DA:962,0
DA:964,144
DA:967,24
DA:968,24
DA:972,7
DA:974,7
DA:975,1
DA:976,1
DA:978,0
DA:980,1
DA:983,6
DA:984,6
DA:986,1
DA:991,29
DA:993,29
DA:994,2
DA:995,2
DA:997,0
DA:1001,29
DA:1002,27
DA:1003,27
DA:1004,27
DA:1005,1
DA:1008,0
DA:1012,29
DA:1013,3
DA:1016,29
DA:1017,29
DA:1021,29
DA:1022,29
DA:1024,29
DA:1025,29
DA:1026,29
DA:1027,29
DA:1029,29
DA:1030,1
DA:1035,1
DA:1038,24
DA:1040,2
DA:1041,2
DA:1042,2
DA:1044,2
DA:1045,1
DA:1046,1
DA:1047,1
DA:1049,0
DA:1053,1
DA:1057,24
DA:1059,3
DA:1062,2
DA:1063,0
DA:1065,2
DA:1066,2
DA:1067,2
DA:1068,2
DA:1071,6
DA:1072,1
DA:1074,5
DA:1075,5
DA:1076,5
DA:1077,5
DA:1080,6
DA:1081,6
DA:1082,1
DA:1085,5
DA:1086,5
DA:1087,2
DA:1088,3
DA:1089,1
DA:1090,2
DA:1091,1
DA:1094,5
DA:1095,1
DA:1096,1
DA:1099,4
DA:1100,2
DA:1101,2
DA:1102,2
DA:1103,1
DA:1108,4
DA:1109,4
DA:1110,1
DA:1111,1
DA:1114,3
DA:1115,1
DA:1116,2
DA:1117,2
DA:1118,1
DA:1123,1
DA:1126,4
DA:1130,24
DA:1131,24
DA:1133,24
DA:1134,5
DA:1137,24
DA:1138,24
DA:1140,24
DA:1141,24
DA:1142,24
LF:513
LH:472
BRDA:119,0,0,0
BRDA:119,0,1,2097
BRDA:122,1,0,2097
BRDA:122,1,1,1554
BRDA:126,2,0,0
BRDA:126,2,1,1974
BRDA:126,3,0,1974
BRDA:126,3,1,1974
BRDA:135,4,0,2872
BRDA:135,4,1,0
BRDA:136,5,0,2872
BRDA:136,5,1,2872
BRDA:136,5,2,2554
BRDA:136,5,3,0
BRDA:140,6,0,5093
BRDA:140,6,1,0
BRDA:141,7,0,5093
BRDA:141,7,1,5093
BRDA:141,7,2,4934
BRDA:145,8,0,1431
BRDA:145,8,1,0
BRDA:145,8,2,0
BRDA:149,9,0,0
BRDA:149,9,1,1431
BRDA:152,10,0,1431
BRDA:152,10,1,0
BRDA:153,11,0,1378
BRDA:153,11,1,53
BRDA:154,12,0,106
BRDA:154,12,1,1325
BRDA:155,13,0,1219
BRDA:155,13,1,212
BRDA:165,14,0,1378
BRDA:165,14,1,53
BRDA:169,15,0,106
BRDA:169,15,1,1325
BRDA:173,16,0,212
BRDA:173,16,1,1219
BRDA:173,17,0,1431
BRDA:173,17,1,212
BRDA:174,18,0,212
BRDA:174,18,1,212
BRDA:177,19,0,159
BRDA:177,19,1,1272
BRDA:192,20,0,53
BRDA:192,20,1,0
BRDA:192,20,2,0
BRDA:206,21,0,3999
BRDA:206,22,0,3999
BRDA:206,23,0,3999
BRDA:211,24,0,0
BRDA:211,24,1,4201
BRDA:214,25,0,0
BRDA:214,25,1,4201
BRDA:217,26,0,202
BRDA:217,26,1,3999
BRDA:221,27,0,4201
BRDA:221,27,1,3662
BRDA:222,28,0,4201
BRDA:222,28,1,0
BRDA:224,29,0,1333
BRDA:224,29,1,1333
BRDA:224,29,2,1535
BRDA:247,30,0,1333
BRDA:247,30,1,0
BRDA:250,31,0,1333
BRDA:250,31,1,1186
BRDA:250,31,2,0
BRDA:253,32,0,1333
BRDA:253,32,1,0
BRDA:278,33,0,1431
BRDA:278,33,1,53
BRDA:279,34,0,1431
BRDA:279,34,1,1325
BRDA:301,35,0,56
BRDA:301,35,1,55
BRDA:303,36,0,1512
BRDA:303,36,1,243
BRDA:304,37,0,153
BRDA:304,37,1,1359
BRDA:307,38,0,1332
BRDA:307,38,1,27
BRDA:323,39,0,0
BRDA:323,39,1,3999
BRDA:323,40,0,3999
BRDA:323,40,1,3999
BRDA:350,41,0,1333
BRDA:350,41,1,0
BRDA:351,42,0,1333
BRDA:351,42,1,0
BRDA:377,43,0,202
BRDA:377,43,1,1131
BRDA:435,44,0,56
BRDA:435,44,1,0
BRDA:438,45,0,56
BRDA:438,45,1,0
BRDA:441,46,0,56
BRDA:441,46,1,0
BRDA:445,47,0,56
BRDA:445,47,1,0
BRDA:448,48,0,56
BRDA:448,48,1,0
BRDA:455,49,0,0
BRDA:455,49,1,56
BRDA:466,50,0,56
BRDA:466,50,1,0
BRDA:479,51,0,0
BRDA:479,51,1,172
BRDA:483,52,0,170
BRDA:483,52,1,598
BRDA:494,53,0,5
BRDA:494,53,1,24
BRDA:500,54,0,0
BRDA:500,54,1,24
BRDA:512,55,0,0
BRDA:512,55,1,0
BRDA:540,56,0,299
BRDA:540,56,1,335
BRDA:548,57,0,634
BRDA:548,57,1,0
BRDA:567,58,0,192
BRDA:567,58,1,0
BRDA:571,59,0,192
BRDA:571,59,1,0
BRDA:579,60,0,192
BRDA:579,60,1,72
BRDA:582,61,0,192
BRDA:582,61,1,72
BRDA:588,62,0,184
BRDA:588,62,1,8
BRDA:598,63,0,192
BRDA:598,63,1,0
BRDA:599,64,0,192
BRDA:599,64,1,72
BRDA:601,65,0,192
BRDA:601,65,1,0
BRDA:610,66,0,120
BRDA:610,66,1,72
BRDA:700,67,0,192
BRDA:700,67,1,96
BRDA:705,68,0,96
BRDA:705,68,1,0
BRDA:709,69,0,96
BRDA:709,69,1,0
BRDA:711,70,0,288
BRDA:711,70,1,48
BRDA:748,71,0,108
BRDA:748,71,1,0
BRDA:749,72,0,108
BRDA:749,72,1,4
BRDA:756,73,0,2
BRDA:756,73,1,0
BRDA:760,74,0,2
BRDA:760,74,1,0
BRDA:777,75,0,4
BRDA:777,75,1,0
BRDA:781,76,0,8
BRDA:781,76,1,0
BRDA:783,77,0,0
BRDA:783,77,1,8
BRDA:787,78,0,0
BRDA:787,78,1,8
BRDA:792,79,0,0
BRDA:792,79,1,8
BRDA:795,80,0,0
BRDA:795,80,1,8
BRDA:798,81,0,0
BRDA:798,81,1,8
BRDA:802,82,0,0
BRDA:802,82,1,8
BRDA:805,83,0,0
BRDA:805,83,1,8
BRDA:808,84,0,0
BRDA:808,84,1,8
BRDA:813,85,0,0
BRDA:813,85,1,8
BRDA:830,86,0,1
BRDA:830,86,1,0
BRDA:834,87,0,1
BRDA:834,87,1,0
BRDA:836,88,0,0
BRDA:836,88,1,1
BRDA:840,89,0,0
BRDA:840,89,1,1
BRDA:862,90,0,3
BRDA:862,90,1,0
BRDA:866,91,0,9
BRDA:866,91,1,0
BRDA:868,92,0,0
BRDA:868,92,1,9
BRDA:869,93,0,0
BRDA:869,93,1,0
BRDA:869,94,0,0
BRDA:869,94,1,0
BRDA:872,95,0,0
BRDA:872,95,1,9
BRDA:895,96,0,48
BRDA:895,96,1,4
BRDA:895,96,2,2
BRDA:895,96,3,4
BRDA:895,96,4,1
BRDA:895,96,5,3
BRDA:895,96,6,0
BRDA:915,97,0,0
BRDA:915,97,1,58
BRDA:924,98,0,58
BRDA:924,98,1,0
BRDA:931,99,0,58
BRDA:931,99,1,0
BRDA:932,100,0,58
BRDA:932,100,1,0
BRDA:937,101,0,5
BRDA:937,101,1,24
BRDA:943,102,0,0
BRDA:943,102,1,24
BRDA:955,103,0,0
BRDA:955,103,1,0
BRDA:974,104,0,1
BRDA:974,104,1,6
BRDA:976,105,0,0
BRDA:993,106,0,2
BRDA:993,106,1,27
BRDA:1001,107,0,27
BRDA:1001,107,1,2
BRDA:1004,108,0,1
BRDA:1004,108,1,26
BRDA:1012,109,0,3
BRDA:1012,109,1,26
BRDA:1016,110,0,29
BRDA:1016,110,1,0
BRDA:1017,111,0,29
BRDA:1017,111,1,0
BRDA:1029,112,0,1
BRDA:1029,112,1,28
BRDA:1041,113,0,2
BRDA:1041,113,1,0
BRDA:1044,114,0,1
BRDA:1044,114,1,1
BRDA:1046,115,0,1
BRDA:1046,115,1,0
BRDA:1053,116,0,1
BRDA:1053,116,1,0
BRDA:1062,117,0,0
BRDA:1062,117,1,2
BRDA:1062,118,0,2
BRDA:1062,118,1,2
BRDA:1071,119,0,1
BRDA:1071,119,1,5
BRDA:1071,120,0,6
BRDA:1071,120,1,6
BRDA:1081,121,0,1
BRDA:1081,121,1,5
BRDA:1086,122,0,2
BRDA:1086,122,1,3
BRDA:1088,123,0,1
BRDA:1088,123,1,2
BRDA:1090,124,0,1
BRDA:1090,124,1,1
BRDA:1094,125,0,1
BRDA:1094,125,1,4
BRDA:1094,126,0,5
BRDA:1094,126,1,4
BRDA:1099,127,0,2
BRDA:1099,127,1,2
BRDA:1101,128,0,2
BRDA:1101,128,1,0
BRDA:1108,129,0,1
BRDA:1108,129,1,3
BRDA:1109,130,0,1
BRDA:1109,130,1,3
BRDA:1114,131,0,1
BRDA:1114,131,1,2
BRDA:1116,132,0,2
BRDA:1116,132,1,0
BRDA:1123,133,0,1
BRDA:1123,133,1,0
BRDA:1125,134,0,1
BRF:277
BRH:195
end_of_record
TN:
SF:trading-ui/scripts/color-scheme-system.js
FN:16,(anonymous_0)
FN:198,hexToRgb
FN:207,darkenColor
FN:215,lightenColor
FN:224,getEntityColor
FN:239,getEntityBackgroundColor
FN:253,getEntityTextColor
FN:267,getEntityBorderColor
FN:271,isValidEntityType
FN:275,getEntityLabel
FN:295,getStatusColor
FN:299,getStatusBackgroundColor
FN:304,getStatusTextColor
FN:308,getStatusBorderColor
FN:314,getInvestmentTypeColor
FN:319,getInvestmentTypeBackgroundColor
FN:323,getInvestmentTypeTextColor
FN:327,getInvestmentTypeBorderColor
FN:332,getNumericValueColor
FN:342,getNumericValueBackgroundColor
FN:346,getNumericValueTextColor
FN:350,getNumericValueBorderColor
FN:354,isPositiveValue
FN:358,isNegativeValue
FN:362,isZeroValue
FN:366,getValueType
FN:372,getNumericValueCSSClass
FN:377,generateEntityCSS
FN:379,(anonymous_28)
FN:401,applyEntityColorsToHeaders
FN:411,(anonymous_30)
FN:422,(anonymous_31)
FN:432,(anonymous_32)
FN:443,(anonymous_33)
FN:465,isWarningModal
FN:494,(anonymous_35)
FN:501,getMainHeaderOpacityHex
FN:522,getSubHeaderOpacityHex
FN:539,generateStatusCSS
FN:541,(anonymous_39)
FN:553,generateInvestmentTypeCSS
FN:555,(anonymous_41)
FN:568,generateNumericValueCSS
FN:589,applyColorScheme
FN:632,applyLightScheme
FN:642,applyDarkScheme
FN:652,applyCustomScheme
FN:655,(anonymous_47)
FN:664,toggleColorScheme
FN:670,loadColorScheme
FN:675,saveColorScheme
FN:682,getCurrentColorScheme
FN:686,getAvailableColorSchemes
FN:695,loadDynamicColors
FN:715,setCurrentEntityColorFromPage
FN:729,(anonymous_55)
FN:771,setCurrentEntityColorForEntity
FN:813,findPageClass
FN:815,(anonymous_58)
FN:858,getEntityColorFromPreferences
FN:875,getAllEntityColorVariantsFromPreferences
FN:894,loadEntityColorsFromPreferences
FN:1063,generateAndApplyEntityCSS
FN:1083,loadColorPreferences
FN:1116,updateEntityColors
FN:1178,updateCSSVariablesFromPreferences
FN:1180,(anonymous_66)
FN:1186,(anonymous_67)
FN:1211,(anonymous_68)
FN:1231,(anonymous_69)
FN:1250,(anonymous_70)
FN:1264,(anonymous_71)
FN:1462,(anonymous_72)
FN:1465,(anonymous_73)
FN:1496,getTableColors
FN:1513,getTableColorsWithFallbacks
FN:1546,(anonymous_76)
FN:1557,(anonymous_77)
FNF:78
FNH:76
FNDA:56,(anonymous_0)
FNDA:168,hexToRgb
FNDA:51,darkenColor
FNDA:99,lightenColor
FNDA:8,getEntityColor
FNDA:152,getEntityBackgroundColor
FNDA:152,getEntityTextColor
FNDA:151,getEntityBorderColor
FNDA:11,isValidEntityType
FNDA:2,getEntityLabel
FNDA:31,getStatusColor
FNDA:10,getStatusBackgroundColor
FNDA:10,getStatusTextColor
FNDA:10,getStatusBorderColor
FNDA:5,getInvestmentTypeColor
FNDA:1,getInvestmentTypeBackgroundColor
FNDA:1,getInvestmentTypeTextColor
FNDA:1,getInvestmentTypeBorderColor
FNDA:7,getNumericValueColor
FNDA:1,getNumericValueBackgroundColor
FNDA:1,getNumericValueTextColor
FNDA:1,getNumericValueBorderColor
FNDA:4,isPositiveValue
FNDA:3,isNegativeValue
FNDA:1,isZeroValue
FNDA:4,getValueType
FNDA:3,getNumericValueCSSClass
FNDA:10,generateEntityCSS
FNDA:151,(anonymous_28)
FNDA:3,applyEntityColorsToHeaders
FNDA:2,(anonymous_30)
FNDA:16,(anonymous_31)
FNDA:2,(anonymous_32)
FNDA:16,(anonymous_33)
FNDA:4,isWarningModal
FNDA:15,(anonymous_35)
FNDA:1,getMainHeaderOpacityHex
FNDA:1,getSubHeaderOpacityHex
FNDA:1,generateStatusCSS
FNDA:9,(anonymous_39)
FNDA:1,generateInvestmentTypeCSS
FNDA:3,(anonymous_41)
FNDA:1,generateNumericValueCSS
FNDA:6,applyColorScheme
FNDA:2,applyLightScheme
FNDA:3,applyDarkScheme
FNDA:1,applyCustomScheme
FNDA:2,(anonymous_47)
FNDA:1,toggleColorScheme
FNDA:1,loadColorScheme
FNDA:1,saveColorScheme
FNDA:1,getCurrentColorScheme
FNDA:1,getAvailableColorSchemes
FNDA:1,loadDynamicColors
FNDA:40,setCurrentEntityColorFromPage
FNDA:3,(anonymous_55)
FNDA:3,setCurrentEntityColorForEntity
FNDA:40,findPageClass
FNDA:1,(anonymous_58)
FNDA:5,getEntityColorFromPreferences
FNDA:2,getAllEntityColorVariantsFromPreferences
FNDA:6,loadEntityColorsFromPreferences
FNDA:9,generateAndApplyEntityCSS
FNDA:48,loadColorPreferences
FNDA:5,updateEntityColors
FNDA:51,updateCSSVariablesFromPreferences
FNDA:280,(anonymous_66)
FNDA:156,(anonymous_67)
FNDA:6,(anonymous_68)
FNDA:47,(anonymous_69)
FNDA:1,(anonymous_70)
FNDA:1,(anonymous_71)
FNDA:0,(anonymous_72)
FNDA:0,(anonymous_73)
FNDA:1,getTableColors
FNDA:1,getTableColorsWithFallbacks
FNDA:38,(anonymous_76)
FNDA:1,(anonymous_77)
DA:16,56
DA:18,56
DA:19,1
DA:20,1
DA:23,55
DA:30,55
DA:31,55
DA:32,55
DA:33,55
DA:34,55
DA:35,55
DA:36,55
DA:37,55
DA:38,55
DA:39,55
DA:41,55
DA:59,55
DA:77,55
DA:95,55
DA:113,55
DA:131,55
DA:149,55
DA:161,55
DA:179,55
DA:199,168
DA:200,165
DA:208,51
DA:209,50
DA:211,49
DA:212,49
DA:216,99
DA:217,97
DA:219,97
DA:220,97
DA:226,8
DA:227,5
DA:230,3
DA:231,3
DA:232,1
DA:235,2
DA:236,2
DA:241,152
DA:242,151
DA:245,1
DA:246,1
DA:247,1
DA:250,0
DA:255,152
DA:256,151
DA:259,1
DA:260,1
DA:261,1
DA:264,0
DA:268,151
DA:272,11
DA:276,2
DA:291,2
DA:296,31
DA:300,10
DA:301,10
DA:305,10
DA:309,10
DA:310,10
DA:315,5
DA:316,5
DA:320,1
DA:324,1
DA:328,1
DA:333,7
DA:334,3
DA:335,4
DA:336,2
DA:338,2
DA:343,1
DA:347,1
DA:351,1
DA:355,4
DA:359,3
DA:363,1
DA:367,4
DA:368,3
DA:369,1
DA:373,3
DA:378,10
DA:379,10
DA:380,151
DA:388,10
DA:402,3
DA:403,3
DA:404,3
DA:405,1
DA:406,1
DA:410,2
DA:411,2
DA:412,2
DA:413,1
DA:417,1
DA:418,0
DA:422,1
DA:423,16
DA:424,16
DA:427,1
DA:431,2
DA:432,2
DA:433,2
DA:434,1
DA:438,1
DA:439,0
DA:443,1
DA:444,16
DA:445,16
DA:448,1
DA:454,0
DA:466,4
DA:469,4
DA:480,4
DA:481,0
DA:485,4
DA:486,4
DA:487,1
DA:491,3
DA:492,3
DA:494,15
DA:502,1
DA:504,1
DA:505,1
DA:506,1
DA:510,0
DA:513,0
DA:514,0
DA:523,1
DA:525,1
DA:526,1
DA:527,1
DA:531,0
DA:534,0
DA:535,0
DA:540,1
DA:541,1
DA:542,9
DA:550,1
DA:554,1
DA:555,1
DA:556,3
DA:557,3
DA:565,1
DA:569,1
DA:590,6
DA:593,6
DA:596,6
DA:599,6
DA:602,6
DA:604,1
DA:605,1
DA:607,3
DA:608,3
DA:610,1
DA:611,1
DA:613,1
DA:615,1
DA:616,1
DA:620,6
DA:623,6
DA:628,0
DA:634,2
DA:635,2
DA:636,2
DA:637,2
DA:638,2
DA:639,2
DA:644,3
DA:645,3
DA:646,3
DA:647,3
DA:648,3
DA:649,3
DA:653,1
DA:655,1
DA:656,2
DA:660,0
DA:665,1
DA:666,1
DA:667,1
DA:671,1
DA:672,1
DA:676,1
DA:677,1
DA:678,1
DA:683,1
DA:687,1
DA:696,1
DA:698,1
DA:699,1
DA:703,1
DA:704,1
DA:707,1
DA:709,0
DA:710,0
DA:716,40
DA:717,40
DA:718,40
DA:720,40
DA:721,40
DA:723,1
DA:724,1
DA:726,1
DA:729,1
DA:731,3
DA:732,3
DA:733,3
DA:736,0
DA:739,0
DA:742,1
DA:744,1
DA:747,1
DA:751,1
DA:752,1
DA:753,1
DA:754,1
DA:755,1
DA:758,1
DA:759,1
DA:763,0
DA:767,0
DA:772,3
DA:773,3
DA:774,1
DA:778,1
DA:781,2
DA:783,2
DA:785,2
DA:788,2
DA:791,2
DA:792,2
DA:794,1
DA:795,1
DA:797,1
DA:798,1
DA:801,1
DA:802,1
DA:805,1
DA:814,40
DA:815,40
DA:819,55
DA:859,5
DA:860,5
DA:861,1
DA:862,1
DA:866,4
DA:867,4
DA:868,3
DA:871,1
DA:876,2
DA:877,2
DA:878,2
DA:879,1
DA:881,0
DA:883,1
DA:884,1
DA:896,6
DA:898,6
DA:901,6
DA:902,1
DA:903,1
DA:904,1
DA:905,1
DA:906,1
DA:907,1
DA:908,1
DA:912,6
DA:913,1
DA:914,1
DA:915,1
DA:916,1
DA:917,1
DA:918,1
DA:919,1
DA:923,6
DA:924,1
DA:925,1
DA:926,1
DA:927,1
DA:928,1
DA:929,1
DA:930,1
DA:934,6
DA:935,2
DA:936,2
DA:937,2
DA:938,2
DA:939,2
DA:940,2
DA:941,2
DA:945,6
DA:946,1
DA:947,1
DA:948,1
DA:949,1
DA:950,1
DA:951,1
DA:952,1
DA:956,6
DA:957,1
DA:958,1
DA:959,1
DA:960,1
DA:961,1
DA:962,1
DA:963,1
DA:967,6
DA:968,1
DA:969,1
DA:970,1
DA:971,1
DA:972,1
DA:973,1
DA:974,1
DA:978,6
DA:979,1
DA:980,1
DA:981,1
DA:982,1
DA:983,1
DA:984,1
DA:985,1
DA:989,6
DA:990,1
DA:991,1
DA:992,1
DA:993,1
DA:994,1
DA:995,1
DA:996,1
DA:1000,6
DA:1001,1
DA:1002,1
DA:1003,1
DA:1004,1
DA:1005,1
DA:1006,1
DA:1007,1
DA:1011,6
DA:1012,1
DA:1013,1
DA:1014,1
DA:1015,1
DA:1016,1
DA:1017,1
DA:1018,1
DA:1022,6
DA:1023,1
DA:1024,1
DA:1025,1
DA:1026,1
DA:1027,1
DA:1028,1
DA:1029,1
DA:1033,6
DA:1034,2
DA:1035,2
DA:1036,2
DA:1037,2
DA:1038,2
DA:1039,2
DA:1040,2
DA:1044,6
DA:1045,1
DA:1046,1
DA:1047,1
DA:1048,1
DA:1049,1
DA:1050,1
DA:1051,1
DA:1056,6
DA:1064,9
DA:1066,9
DA:1069,9
DA:1070,9
DA:1071,8
DA:1072,8
DA:1073,8
DA:1077,8
DA:1079,1
DA:1084,48
DA:1087,48
DA:1088,46
DA:1089,45
DA:1090,45
DA:1095,2
DA:1096,2
DA:1097,1
DA:1098,1
DA:1099,1
DA:1100,1
DA:1101,1
DA:1104,1
DA:1108,1
DA:1109,1
DA:1111,1
DA:1112,1
DA:1117,5
DA:1119,5
DA:1121,5
DA:1122,5
DA:1126,4
DA:1127,4
DA:1128,4
DA:1129,4
DA:1130,4
DA:1131,4
DA:1132,4
DA:1133,4
DA:1134,4
DA:1135,4
DA:1136,4
DA:1137,4
DA:1138,4
DA:1139,4
DA:1142,4
DA:1143,4
DA:1144,4
DA:1145,4
DA:1146,4
DA:1147,4
DA:1148,4
DA:1149,4
DA:1150,4
DA:1151,4
DA:1152,4
DA:1153,4
DA:1154,4
DA:1155,4
DA:1158,4
DA:1159,4
DA:1160,4
DA:1161,4
DA:1162,4
DA:1163,4
DA:1164,4
DA:1165,4
DA:1166,4
DA:1167,4
DA:1168,4
DA:1169,4
DA:1170,4
DA:1171,4
DA:1174,1
DA:1179,51
DA:1180,51
DA:1181,280
DA:1182,251
DA:1186,51
DA:1187,156
DA:1188,2
DA:1190,154
DA:1191,9
DA:1193,145
DA:1194,145
DA:1195,48
DA:1197,97
DA:1198,48
DA:1200,49
DA:1201,49
DA:1204,3
DA:1205,3
DA:1208,3
DA:1211,51
DA:1212,6
DA:1213,6
DA:1214,6
DA:1215,6
DA:1217,6
DA:1218,6
DA:1219,6
DA:1220,6
DA:1222,6
DA:1223,6
DA:1224,6
DA:1225,6
DA:1226,6
DA:1227,6
DA:1231,51
DA:1232,47
DA:1233,1
DA:1235,46
DA:1236,46
DA:1237,46
DA:1238,46
DA:1240,46
DA:1241,45
DA:1242,45
DA:1243,45
DA:1244,45
DA:1247,51
DA:1249,2
DA:1250,1
DA:1251,1
DA:1254,1
DA:1255,1
DA:1257,1
DA:1258,1
DA:1263,2
DA:1264,1
DA:1265,1
DA:1268,1
DA:1269,1
DA:1271,1
DA:1272,1
DA:1276,2
DA:1277,2
DA:1279,2
DA:1285,2
DA:1287,2
DA:1293,2
DA:1295,2
DA:1301,2
DA:1306,51
DA:1307,51
DA:1308,51
DA:1309,51
DA:1311,51
DA:1312,43
DA:1318,50
DA:1319,1
DA:1325,50
DA:1326,2
DA:1329,50
DA:1330,1
DA:1333,1
DA:1338,55
DA:1400,55
DA:1401,55
DA:1402,55
DA:1403,55
DA:1404,55
DA:1405,55
DA:1407,55
DA:1408,55
DA:1409,55
DA:1410,55
DA:1411,55
DA:1412,55
DA:1414,55
DA:1415,55
DA:1416,55
DA:1417,55
DA:1419,55
DA:1420,55
DA:1421,55
DA:1422,55
DA:1424,55
DA:1425,55
DA:1426,55
DA:1427,55
DA:1428,55
DA:1429,55
DA:1430,55
DA:1431,55
DA:1432,55
DA:1434,55
DA:1435,55
DA:1436,55
DA:1437,55
DA:1439,55
DA:1440,55
DA:1441,55
DA:1442,55
DA:1443,55
DA:1446,55
DA:1447,55
DA:1448,55
DA:1449,55
DA:1450,55
DA:1453,55
DA:1454,55
DA:1455,55
DA:1456,55
DA:1459,55
DA:1461,55
DA:1462,0
DA:1466,0
DA:1467,0
DA:1470,0
DA:1478,0
DA:1479,0
DA:1480,0
DA:1497,1
DA:1514,1
DA:1517,1
DA:1529,55
DA:1530,55
DA:1533,55
DA:1534,55
DA:1535,55
DA:1536,55
DA:1537,55
DA:1538,55
DA:1539,55
DA:1540,55
DA:1541,55
DA:1542,55
DA:1545,55
DA:1546,54
DA:1547,38
DA:1549,38
DA:1550,38
DA:1551,38
DA:1555,1
DA:1557,1
DA:1558,1
DA:1559,1
DA:1565,55
LF:612
LH:584
BRDA:18,0,0,1
BRDA:18,0,1,55
BRDA:200,1,0,163
BRDA:200,1,1,2
BRDA:209,2,0,1
BRDA:209,2,1,49
BRDA:217,3,0,0
BRDA:217,3,1,97
BRDA:226,4,0,5
BRDA:226,4,1,3
BRDA:231,5,0,1
BRDA:231,5,1,2
BRDA:235,6,0,2
BRDA:235,6,1,0
BRDA:241,7,0,151
BRDA:241,7,1,1
BRDA:246,8,0,1
BRDA:246,8,1,0
BRDA:255,9,0,151
BRDA:255,9,1,1
BRDA:260,10,0,1
BRDA:260,10,1,0
BRDA:268,11,0,151
BRDA:268,11,1,0
BRDA:291,12,0,2
BRDA:291,12,1,1
BRDA:295,13,0,31
BRDA:296,14,0,31
BRDA:296,14,1,1
BRDA:314,15,0,0
BRDA:315,16,0,5
BRDA:315,16,1,0
BRDA:316,17,0,5
BRDA:316,17,1,1
BRDA:332,18,0,3
BRDA:333,19,0,3
BRDA:333,19,1,4
BRDA:334,20,0,3
BRDA:334,20,1,0
BRDA:335,21,0,2
BRDA:335,21,1,2
BRDA:336,22,0,2
BRDA:336,22,1,0
BRDA:338,23,0,2
BRDA:338,23,1,0
BRDA:367,24,0,1
BRDA:367,24,1,3
BRDA:368,25,0,2
BRDA:368,25,1,1
BRDA:401,26,0,2
BRDA:404,27,0,1
BRDA:404,27,1,2
BRDA:412,28,0,1
BRDA:412,28,1,1
BRDA:412,29,0,2
BRDA:412,29,1,2
BRDA:417,30,0,0
BRDA:417,30,1,1
BRDA:433,31,0,1
BRDA:433,31,1,1
BRDA:433,32,0,2
BRDA:433,32,1,2
BRDA:438,33,0,0
BRDA:438,33,1,1
BRDA:466,34,0,0
BRDA:466,34,1,4
BRDA:480,35,0,0
BRDA:480,35,1,4
BRDA:480,36,0,4
BRDA:480,36,1,4
BRDA:486,37,0,1
BRDA:486,37,1,3
BRDA:486,38,0,4
BRDA:486,38,1,1
BRDA:486,38,2,1
BRDA:491,39,0,3
BRDA:491,39,1,0
BRDA:504,40,0,1
BRDA:504,40,1,0
BRDA:504,41,0,1
BRDA:504,41,1,1
BRDA:504,41,2,1
BRDA:525,42,0,1
BRDA:525,42,1,0
BRDA:525,43,0,1
BRDA:525,43,1,1
BRDA:525,43,2,1
BRDA:589,44,0,0
BRDA:589,45,0,5
BRDA:602,46,0,1
BRDA:602,46,1,3
BRDA:602,46,2,1
BRDA:602,46,3,1
BRDA:610,47,0,1
BRDA:610,47,1,0
BRDA:615,48,0,1
BRDA:615,48,1,0
BRDA:620,49,0,6
BRDA:620,49,1,6
BRDA:628,50,0,0
BRDA:628,50,1,0
BRDA:660,51,0,0
BRDA:660,51,1,0
BRDA:666,52,0,1
BRDA:666,52,1,0
BRDA:671,53,0,1
BRDA:671,53,1,0
BRDA:675,54,0,0
BRDA:677,55,0,1
BRDA:677,55,1,0
BRDA:683,56,0,1
BRDA:683,56,1,0
BRDA:698,57,0,1
BRDA:698,57,1,0
BRDA:703,58,0,1
BRDA:703,58,1,0
BRDA:709,59,0,0
BRDA:709,59,1,0
BRDA:718,60,0,0
BRDA:718,60,1,40
BRDA:721,61,0,1
BRDA:721,61,1,39
BRDA:724,62,0,1
BRDA:724,62,1,0
BRDA:724,63,0,1
BRDA:724,63,1,1
BRDA:731,64,0,1
BRDA:731,64,1,2
BRDA:731,65,0,1
BRDA:731,65,1,1
BRDA:732,66,0,3
BRDA:732,66,1,0
BRDA:732,67,0,3
BRDA:732,67,1,3
BRDA:736,68,0,0
BRDA:736,68,1,0
BRDA:737,69,0,0
BRDA:737,69,1,0
BRDA:742,70,0,1
BRDA:742,70,1,0
BRDA:744,71,0,1
BRDA:744,71,1,0
BRDA:744,71,2,0
BRDA:746,72,0,0
BRDA:746,72,1,0
BRDA:747,73,0,1
BRDA:747,73,1,0
BRDA:747,73,2,0
BRDA:749,74,0,0
BRDA:749,74,1,0
BRDA:751,75,0,1
BRDA:751,75,1,0
BRDA:758,76,0,1
BRDA:758,76,1,0
BRDA:763,77,0,0
BRDA:763,77,1,0
BRDA:767,78,0,0
BRDA:767,78,1,0
BRDA:771,79,0,3
BRDA:773,80,0,1
BRDA:773,80,1,2
BRDA:773,81,0,3
BRDA:773,81,1,3
BRDA:785,82,0,2
BRDA:785,82,1,0
BRDA:786,83,0,0
BRDA:786,83,1,0
BRDA:788,84,0,2
BRDA:788,84,1,0
BRDA:789,85,0,0
BRDA:789,85,1,0
BRDA:791,86,0,2
BRDA:791,86,1,0
BRDA:794,87,0,1
BRDA:794,87,1,0
BRDA:797,88,0,1
BRDA:797,88,1,0
BRDA:801,89,0,1
BRDA:801,89,1,0
BRDA:801,90,0,1
BRDA:801,90,1,1
BRDA:858,91,0,5
BRDA:860,92,0,1
BRDA:860,92,1,4
BRDA:861,93,0,1
BRDA:861,93,1,0
BRDA:867,94,0,3
BRDA:867,94,1,0
BRDA:867,95,0,4
BRDA:867,95,1,4
BRDA:871,96,0,1
BRDA:871,96,1,0
BRDA:878,97,0,1
BRDA:878,97,1,0
BRDA:878,98,0,2
BRDA:878,98,1,2
BRDA:878,98,2,1
BRDA:879,99,0,1
BRDA:879,99,1,0
BRDA:883,100,0,1
BRDA:883,100,1,0
BRDA:896,101,0,6
BRDA:896,101,1,0
BRDA:901,102,0,1
BRDA:901,102,1,5
BRDA:904,103,0,1
BRDA:904,103,1,0
BRDA:904,104,0,0
BRDA:904,104,1,0
BRDA:905,105,0,1
BRDA:905,105,1,0
BRDA:905,106,0,0
BRDA:905,106,1,0
BRDA:906,107,0,1
BRDA:906,107,1,0
BRDA:907,108,0,1
BRDA:907,108,1,0
BRDA:907,109,0,0
BRDA:907,109,1,0
BRDA:908,110,0,1
BRDA:908,110,1,0
BRDA:908,111,0,0
BRDA:908,111,1,0
BRDA:912,112,0,1
BRDA:912,112,1,5
BRDA:915,113,0,1
BRDA:915,113,1,0
BRDA:915,114,0,0
BRDA:915,114,1,0
BRDA:916,115,0,1
BRDA:916,115,1,0
BRDA:916,116,0,0
BRDA:916,116,1,0
BRDA:917,117,0,1
BRDA:917,117,1,0
BRDA:918,118,0,1
BRDA:918,118,1,0
BRDA:918,119,0,0
BRDA:918,119,1,0
BRDA:919,120,0,1
BRDA:919,120,1,0
BRDA:919,121,0,0
BRDA:919,121,1,0
BRDA:923,122,0,1
BRDA:923,122,1,5
BRDA:926,123,0,1
BRDA:926,123,1,0
BRDA:926,124,0,0
BRDA:926,124,1,0
BRDA:927,125,0,1
BRDA:927,125,1,0
BRDA:927,126,0,0
BRDA:927,126,1,0
BRDA:928,127,0,1
BRDA:928,127,1,0
BRDA:929,128,0,1
BRDA:929,128,1,0
BRDA:929,129,0,0
BRDA:929,129,1,0
BRDA:930,130,0,1
BRDA:930,130,1,0
BRDA:930,131,0,0
BRDA:930,131,1,0
BRDA:934,132,0,2
BRDA:934,132,1,4
BRDA:937,133,0,2
BRDA:937,133,1,0
BRDA:937,134,0,0
BRDA:937,134,1,0
BRDA:938,135,0,2
BRDA:938,135,1,0
BRDA:938,136,0,0
BRDA:938,136,1,0
BRDA:939,137,0,2
BRDA:939,137,1,0
BRDA:940,138,0,2
BRDA:940,138,1,0
BRDA:940,139,0,0
BRDA:940,139,1,0
BRDA:941,140,0,2
BRDA:941,140,1,0
BRDA:941,141,0,0
BRDA:941,141,1,0
BRDA:945,142,0,1
BRDA:945,142,1,5
BRDA:948,143,0,1
BRDA:948,143,1,0
BRDA:948,144,0,0
BRDA:948,144,1,0
BRDA:949,145,0,1
BRDA:949,145,1,0
BRDA:949,146,0,0
BRDA:949,146,1,0
BRDA:950,147,0,1
BRDA:950,147,1,0
BRDA:951,148,0,1
BRDA:951,148,1,0
BRDA:951,149,0,0
BRDA:951,149,1,0
BRDA:952,150,0,1
BRDA:952,150,1,0
BRDA:952,151,0,0
BRDA:952,151,1,0
BRDA:956,152,0,1
BRDA:956,152,1,5
BRDA:959,153,0,1
BRDA:959,153,1,0
BRDA:959,154,0,0
BRDA:959,154,1,0
BRDA:960,155,0,1
BRDA:960,155,1,0
BRDA:960,156,0,0
BRDA:960,156,1,0
BRDA:961,157,0,1
BRDA:961,157,1,0
BRDA:962,158,0,1
BRDA:962,158,1,0
BRDA:962,159,0,0
BRDA:962,159,1,0
BRDA:963,160,0,1
BRDA:963,160,1,0
BRDA:963,161,0,0
BRDA:963,161,1,0
BRDA:967,162,0,1
BRDA:967,162,1,5
BRDA:970,163,0,1
BRDA:970,163,1,0
BRDA:970,164,0,0
BRDA:970,164,1,0
BRDA:971,165,0,1
BRDA:971,165,1,0
BRDA:971,166,0,0
BRDA:971,166,1,0
BRDA:972,167,0,1
BRDA:972,167,1,0
BRDA:973,168,0,1
BRDA:973,168,1,0
BRDA:973,169,0,0
BRDA:973,169,1,0
BRDA:974,170,0,1
BRDA:974,170,1,0
BRDA:974,171,0,0
BRDA:974,171,1,0
BRDA:978,172,0,1
BRDA:978,172,1,5
BRDA:981,173,0,1
BRDA:981,173,1,0
BRDA:981,174,0,0
BRDA:981,174,1,0
BRDA:982,175,0,1
BRDA:982,175,1,0
BRDA:982,176,0,0
BRDA:982,176,1,0
BRDA:983,177,0,1
BRDA:983,177,1,0
BRDA:984,178,0,1
BRDA:984,178,1,0
BRDA:984,179,0,0
BRDA:984,179,1,0
BRDA:985,180,0,1
BRDA:985,180,1,0
BRDA:985,181,0,0
BRDA:985,181,1,0
BRDA:989,182,0,1
BRDA:989,182,1,5
BRDA:992,183,0,1
BRDA:992,183,1,0
BRDA:992,184,0,0
BRDA:992,184,1,0
BRDA:993,185,0,1
BRDA:993,185,1,0
BRDA:993,186,0,0
BRDA:993,186,1,0
BRDA:994,187,0,1
BRDA:994,187,1,0
BRDA:995,188,0,1
BRDA:995,188,1,0
BRDA:995,189,0,0
BRDA:995,189,1,0
BRDA:996,190,0,1
BRDA:996,190,1,0
BRDA:996,191,0,0
BRDA:996,191,1,0
BRDA:1000,192,0,1
BRDA:1000,192,1,5
BRDA:1003,193,0,1
BRDA:1003,193,1,0
BRDA:1003,194,0,0
BRDA:1003,194,1,0
BRDA:1004,195,0,1
BRDA:1004,195,1,0
BRDA:1004,196,0,0
BRDA:1004,196,1,0
BRDA:1005,197,0,1
BRDA:1005,197,1,0
BRDA:1006,198,0,1
BRDA:1006,198,1,0
BRDA:1006,199,0,0
BRDA:1006,199,1,0
BRDA:1007,200,0,1
BRDA:1007,200,1,0
BRDA:1007,201,0,0
BRDA:1007,201,1,0
BRDA:1011,202,0,1
BRDA:1011,202,1,5
BRDA:1014,203,0,1
BRDA:1014,203,1,0
BRDA:1014,204,0,0
BRDA:1014,204,1,0
BRDA:1015,205,0,1
BRDA:1015,205,1,0
BRDA:1015,206,0,0
BRDA:1015,206,1,0
BRDA:1016,207,0,1
BRDA:1016,207,1,0
BRDA:1017,208,0,1
BRDA:1017,208,1,0
BRDA:1017,209,0,0
BRDA:1017,209,1,0
BRDA:1018,210,0,1
BRDA:1018,210,1,0
BRDA:1018,211,0,0
BRDA:1018,211,1,0
BRDA:1022,212,0,1
BRDA:1022,212,1,5
BRDA:1025,213,0,1
BRDA:1025,213,1,0
BRDA:1025,214,0,0
BRDA:1025,214,1,0
BRDA:1026,215,0,1
BRDA:1026,215,1,0
BRDA:1026,216,0,0
BRDA:1026,216,1,0
BRDA:1027,217,0,1
BRDA:1027,217,1,0
BRDA:1028,218,0,1
BRDA:1028,218,1,0
BRDA:1028,219,0,0
BRDA:1028,219,1,0
BRDA:1029,220,0,1
BRDA:1029,220,1,0
BRDA:1029,221,0,0
BRDA:1029,221,1,0
BRDA:1033,222,0,2
BRDA:1033,222,1,4
BRDA:1036,223,0,2
BRDA:1036,223,1,0
BRDA:1036,224,0,0
BRDA:1036,224,1,0
BRDA:1037,225,0,2
BRDA:1037,225,1,0
BRDA:1037,226,0,0
BRDA:1037,226,1,0
BRDA:1038,227,0,2
BRDA:1038,227,1,0
BRDA:1039,228,0,2
BRDA:1039,228,1,0
BRDA:1039,229,0,0
BRDA:1039,229,1,0
BRDA:1040,230,0,2
BRDA:1040,230,1,0
BRDA:1040,231,0,0
BRDA:1040,231,1,0
BRDA:1044,232,0,1
BRDA:1044,232,1,5
BRDA:1047,233,0,1
BRDA:1047,233,1,0
BRDA:1047,234,0,0
BRDA:1047,234,1,0
BRDA:1048,235,0,1
BRDA:1048,235,1,0
BRDA:1048,236,0,0
BRDA:1048,236,1,0
BRDA:1049,237,0,1
BRDA:1049,237,1,0
BRDA:1050,238,0,1
BRDA:1050,238,1,0
BRDA:1050,239,0,0
BRDA:1050,239,1,0
BRDA:1051,240,0,1
BRDA:1051,240,1,0
BRDA:1051,241,0,0
BRDA:1051,241,1,0
BRDA:1070,242,0,8
BRDA:1070,242,1,1
BRDA:1087,243,0,46
BRDA:1087,243,1,2
BRDA:1087,244,0,48
BRDA:1087,244,1,46
BRDA:1089,245,0,45
BRDA:1089,245,1,0
BRDA:1089,246,0,45
BRDA:1089,246,1,45
BRDA:1097,247,0,1
BRDA:1097,247,1,0
BRDA:1099,248,0,1
BRDA:1099,248,1,0
BRDA:1104,249,0,1
BRDA:1104,249,1,0
BRDA:1108,250,0,1
BRDA:1108,250,1,0
BRDA:1111,251,0,1
BRDA:1111,251,1,0
BRDA:1119,252,0,5
BRDA:1119,252,1,0
BRDA:1121,253,0,5
BRDA:1121,253,1,0
BRDA:1121,254,0,5
BRDA:1121,254,1,5
BRDA:1126,255,0,1
BRDA:1126,255,1,3
BRDA:1127,256,0,0
BRDA:1127,256,1,4
BRDA:1128,257,0,0
BRDA:1128,257,1,4
BRDA:1129,258,0,1
BRDA:1129,258,1,3
BRDA:1130,259,0,0
BRDA:1130,259,1,4
BRDA:1131,260,0,0
BRDA:1131,260,1,4
BRDA:1132,261,0,0
BRDA:1132,261,1,4
BRDA:1133,262,0,0
BRDA:1133,262,1,4
BRDA:1134,263,0,0
BRDA:1134,263,1,4
BRDA:1135,264,0,0
BRDA:1135,264,1,4
BRDA:1136,265,0,0
BRDA:1136,265,1,4
BRDA:1137,266,0,0
BRDA:1137,266,1,4
BRDA:1138,267,0,0
BRDA:1138,267,1,4
BRDA:1139,268,0,0
BRDA:1139,268,1,4
BRDA:1142,269,0,1
BRDA:1142,269,1,3
BRDA:1143,270,0,0
BRDA:1143,270,1,4
BRDA:1144,271,0,0
BRDA:1144,271,1,4
BRDA:1145,272,0,1
BRDA:1145,272,1,3
BRDA:1146,273,0,0
BRDA:1146,273,1,4
BRDA:1147,274,0,0
BRDA:1147,274,1,4
BRDA:1148,275,0,0
BRDA:1148,275,1,4
BRDA:1149,276,0,0
BRDA:1149,276,1,4
BRDA:1150,277,0,0
BRDA:1150,277,1,4
BRDA:1151,278,0,0
BRDA:1151,278,1,4
BRDA:1152,279,0,0
BRDA:1152,279,1,4
BRDA:1153,280,0,0
BRDA:1153,280,1,4
BRDA:1154,281,0,0
BRDA:1154,281,1,4
BRDA:1155,282,0,0
BRDA:1155,282,1,4
BRDA:1158,283,0,1
BRDA:1158,283,1,3
BRDA:1159,284,0,0
BRDA:1159,284,1,4
BRDA:1160,285,0,0
BRDA:1160,285,1,4
BRDA:1161,286,0,1
BRDA:1161,286,1,3
BRDA:1162,287,0,0
BRDA:1162,287,1,4
BRDA:1163,288,0,0
BRDA:1163,288,1,4
BRDA:1164,289,0,0
BRDA:1164,289,1,4
BRDA:1165,290,0,0
BRDA:1165,290,1,4
BRDA:1166,291,0,0
BRDA:1166,291,1,4
BRDA:1167,292,0,0
BRDA:1167,292,1,4
BRDA:1168,293,0,0
BRDA:1168,293,1,4
BRDA:1169,294,0,0
BRDA:1169,294,1,4
BRDA:1170,295,0,0
BRDA:1170,295,1,4
BRDA:1171,296,0,0
BRDA:1171,296,1,4
BRDA:1174,297,0,1
BRDA:1174,297,1,0
BRDA:1181,298,0,251
BRDA:1181,298,1,29
BRDA:1181,299,0,280
BRDA:1181,299,1,251
BRDA:1187,300,0,2
BRDA:1187,300,1,154
BRDA:1190,301,0,9
BRDA:1190,301,1,145
BRDA:1190,302,0,154
BRDA:1190,302,1,145
BRDA:1194,303,0,48
BRDA:1194,303,1,97
BRDA:1197,304,0,48
BRDA:1197,304,1,49
BRDA:1200,305,0,49
BRDA:1200,305,1,0
BRDA:1204,306,0,3
BRDA:1204,306,1,0
BRDA:1211,307,0,0
BRDA:1211,308,0,0
BRDA:1215,309,0,6
BRDA:1215,309,1,3
BRDA:1222,310,0,6
BRDA:1222,310,1,0
BRDA:1227,311,0,6
BRDA:1227,311,1,3
BRDA:1231,312,0,3
BRDA:1232,313,0,1
BRDA:1232,313,1,46
BRDA:1232,314,0,47
BRDA:1232,314,1,47
BRDA:1238,315,0,46
BRDA:1238,315,1,1
BRDA:1244,316,0,45
BRDA:1244,316,1,1
BRDA:1247,317,0,2
BRDA:1247,317,1,49
BRDA:1247,318,0,51
BRDA:1247,318,1,51
BRDA:1249,319,0,1
BRDA:1249,319,1,1
BRDA:1263,320,0,1
BRDA:1263,320,1,1
BRDA:1276,321,0,2
BRDA:1276,321,1,0
BRDA:1280,322,0,2
BRDA:1280,322,1,2
BRDA:1281,323,0,2
BRDA:1281,323,1,2
BRDA:1282,324,0,2
BRDA:1282,324,1,2
BRDA:1288,325,0,2
BRDA:1288,325,1,2
BRDA:1289,326,0,2
BRDA:1289,326,1,2
BRDA:1290,327,0,2
BRDA:1290,327,1,2
BRDA:1296,328,0,2
BRDA:1296,328,1,2
BRDA:1297,329,0,2
BRDA:1297,329,1,2
BRDA:1298,330,0,2
BRDA:1298,330,1,2
BRDA:1306,331,0,51
BRDA:1306,331,1,8
BRDA:1307,332,0,51
BRDA:1307,332,1,50
BRDA:1309,333,0,51
BRDA:1309,333,1,50
BRDA:1309,333,2,50
BRDA:1309,333,3,1
BRDA:1309,333,4,0
BRDA:1311,334,0,43
BRDA:1311,334,1,8
BRDA:1318,335,0,1
BRDA:1318,335,1,49
BRDA:1325,336,0,2
BRDA:1325,336,1,48
BRDA:1329,337,0,1
BRDA:1329,337,1,49
BRDA:1333,338,0,1
BRDA:1333,338,1,0
BRDA:1466,339,0,0
BRDA:1466,339,1,0
BRDA:1498,340,0,1
BRDA:1498,340,1,0
BRDA:1499,341,0,1
BRDA:1499,341,1,0
BRDA:1500,342,0,1
BRDA:1500,342,1,0
BRDA:1501,343,0,1
BRDA:1501,343,1,0
BRDA:1502,344,0,1
BRDA:1502,344,1,0
BRDA:1503,345,0,1
BRDA:1503,345,1,0
BRDA:1504,346,0,1
BRDA:1504,346,1,0
BRDA:1518,347,0,1
BRDA:1518,347,1,0
BRDA:1519,348,0,1
BRDA:1519,348,1,0
BRDA:1520,349,0,1
BRDA:1520,349,1,0
BRDA:1521,350,0,1
BRDA:1521,350,1,0
BRDA:1522,351,0,1
BRDA:1522,351,1,0
BRDA:1523,352,0,1
BRDA:1523,352,1,0
BRDA:1524,353,0,1
BRDA:1524,353,1,0
BRDA:1545,354,0,54
BRDA:1545,354,1,1
BRDA:1550,355,0,38
BRDA:1550,355,1,0
BRDA:1558,356,0,1
BRDA:1558,356,1,0
BRF:713
BRH:388
end_of_record
TN:
SF:trading-ui/scripts/table-mappings.js
FN:385,normalizeColumnEntry
FN:404,(anonymous_1)
FN:405,(anonymous_2)
FN:405,(anonymous_3)
FN:410,getColumnIndexByKey
FN:421,findFirstMatchingColumn
FN:439,buildCanonDefaultSortChain
FN:491,resolveUserTimezone
FN:516,buildDateEnvelope
FN:584,getColumnValue
FN:589,(anonymous_10)
FN:1107,getTableMapping
FN:1120,isTableSupported
FN:1131,getTableConfig
FN:1212,getColumnDefinition
FN:1222,(anonymous_15)
FN:1300,getColumnSortType
FN:1307,(anonymous_17)
FN:1317,getColumnKey
FNF:19
FNH:18
FNDA:13668,normalizeColumnEntry
FNDA:1804,(anonymous_1)
FNDA:13448,(anonymous_2)
FNDA:13448,(anonymous_3)
FNDA:124,getColumnIndexByKey
FNDA:15,findFirstMatchingColumn
FNDA:5,buildCanonDefaultSortChain
FNDA:9,resolveUserTimezone
FNDA:12,buildDateEnvelope
FNDA:140,getColumnValue
FNDA:0,(anonymous_10)
FNDA:1,getTableMapping
FNDA:2,isTableSupported
FNDA:1,getTableConfig
FNDA:4,getColumnDefinition
FNDA:1,(anonymous_15)
FNDA:28,getColumnSortType
FNDA:12,(anonymous_17)
FNDA:41,getColumnKey
DA:17,82
DA:18,82
DA:21,82
DA:274,82
DA:354,82
DA:367,82
DA:376,82
DA:386,13668
DA:387,3
DA:389,13665
DA:390,11440
DA:392,2225
DA:393,2225
DA:394,2222
DA:396,3
DA:397,2
DA:400,1
DA:403,82
DA:405,13448
DA:406,1804
DA:411,124
DA:412,1
DA:414,123
DA:415,123
DA:416,1
DA:418,122
DA:422,15
DA:423,0
DA:426,15
DA:427,34
DA:428,34
DA:429,12
DA:436,3
DA:440,5
DA:441,5
DA:443,5
DA:444,5
DA:445,4
DA:446,4
DA:454,5
DA:455,5
DA:456,4
DA:457,4
DA:465,5
DA:466,5
DA:467,4
DA:468,4
DA:476,5
DA:477,1
DA:478,1
DA:479,1
DA:488,5
DA:492,9
DA:493,4
DA:494,4
DA:496,4
DA:498,5
DA:499,3
DA:500,3
DA:502,3
DA:504,2
DA:505,2
DA:506,1
DA:507,1
DA:509,1
DA:511,1
DA:512,1
DA:517,12
DA:518,1
DA:521,11
DA:522,1
DA:525,10
DA:526,10
DA:528,10
DA:529,1
DA:530,9
DA:531,1
DA:532,1
DA:533,8
DA:534,8
DA:535,8
DA:536,8
DA:537,8
DA:538,7
DA:539,7
DA:544,10
DA:545,1
DA:548,9
DA:549,9
DA:550,9
DA:551,9
DA:553,9
DA:554,9
DA:555,6
DA:557,3
DA:560,2
DA:563,9
DA:585,140
DA:586,140
DA:587,140
DA:589,140
DA:590,0
DA:591,0
DA:593,0
DA:594,0
DA:596,0
DA:597,0
DA:599,0
DA:600,0
DA:601,0
DA:602,0
DA:605,0
DA:606,0
DA:607,0
DA:608,0
DA:609,0
DA:610,0
DA:614,0
DA:615,0
DA:616,0
DA:617,0
DA:618,0
DA:621,0
DA:624,140
DA:626,1
DA:629,139
DA:630,6
DA:631,1
DA:633,5
DA:634,1
DA:636,4
DA:637,1
DA:639,3
DA:640,1
DA:642,2
DA:643,1
DA:644,1
DA:646,1
DA:651,133
DA:653,1
DA:657,132
DA:659,4
DA:660,1
DA:662,3
DA:663,1
DA:665,2
DA:666,1
DA:669,1
DA:673,128
DA:674,3
DA:676,2
DA:677,1
DA:679,1
DA:680,1
DA:681,1
DA:682,1
DA:685,1
DA:689,125
DA:690,3
DA:692,1
DA:694,2
DA:696,1
DA:699,1
DA:703,122
DA:704,5
DA:706,2
DA:707,1
DA:709,1
DA:710,1
DA:712,0
DA:714,3
DA:716,2
DA:717,1
DA:719,1
DA:722,1
DA:726,117
DA:727,3
DA:729,2
DA:730,1
DA:732,1
DA:735,1
DA:739,114
DA:740,26
DA:741,1
DA:743,25
DA:744,3
DA:745,3
DA:746,1
DA:748,2
DA:749,2
DA:750,2
DA:751,2
DA:752,1
DA:755,1
DA:757,22
DA:758,2
DA:763,2
DA:764,0
DA:766,2
DA:767,2
DA:768,2
DA:769,2
DA:770,2
DA:773,0
DA:775,20
DA:776,3
DA:777,3
DA:778,1
DA:780,2
DA:781,2
DA:782,2
DA:783,2
DA:784,1
DA:787,1
DA:789,17
DA:790,6
DA:791,2
DA:793,4
DA:794,1
DA:796,3
DA:797,1
DA:799,2
DA:800,2
DA:801,1
DA:803,1
DA:805,11
DA:806,7
DA:808,4
DA:809,1
DA:811,3
DA:812,1
DA:814,2
DA:815,1
DA:816,1
DA:819,1
DA:823,88
DA:824,5
DA:827,2
DA:828,2
DA:829,2
DA:831,3
DA:833,1
DA:835,2
DA:837,1
DA:840,1
DA:844,83
DA:845,17
DA:847,1
DA:848,1
DA:849,1
DA:851,16
DA:853,4
DA:854,2
DA:856,2
DA:857,1
DA:860,1
DA:862,12
DA:864,2
DA:868,1
DA:874,1
DA:876,10
DA:877,4
DA:878,1
DA:879,1
DA:880,1
DA:881,1
DA:884,6
DA:885,4
DA:886,1
DA:887,3
DA:888,1
DA:889,2
DA:890,1
DA:892,1
DA:894,2
DA:895,1
DA:898,1
DA:902,66
DA:903,5
DA:905,0
DA:906,0
DA:908,0
DA:909,0
DA:911,0
DA:913,5
DA:915,1
DA:916,1
DA:917,1
DA:918,1
DA:920,0
DA:922,4
DA:924,1
DA:925,1
DA:926,1
DA:927,1
DA:928,1
DA:929,1
DA:931,0
DA:933,3
DA:935,1
DA:936,1
DA:937,1
DA:938,1
DA:939,1
DA:940,1
DA:941,1
DA:943,0
DA:945,2
DA:947,1
DA:948,1
DA:949,1
DA:950,1
DA:951,1
DA:952,1
DA:953,1
DA:954,1
DA:955,1
DA:956,1
DA:959,0
DA:962,1
DA:966,61
DA:967,48
DA:969,13
DA:970,1
DA:972,12
DA:973,11
DA:975,1
DA:977,35
DA:979,3
DA:980,1
DA:982,2
DA:984,32
DA:986,3
DA:987,1
DA:989,2
DA:991,29
DA:993,3
DA:994,2
DA:996,1
DA:998,26
DA:1000,3
DA:1001,2
DA:1002,2
DA:1003,2
DA:1004,2
DA:1005,2
DA:1008,1
DA:1010,23
DA:1012,3
DA:1013,2
DA:1014,2
DA:1015,2
DA:1016,2
DA:1017,2
DA:1018,2
DA:1021,1
DA:1023,20
DA:1025,0
DA:1026,0
DA:1028,0
DA:1030,20
DA:1032,1
DA:1035,19
DA:1039,13
DA:1040,11
DA:1042,1
DA:1044,10
DA:1045,2
DA:1046,2
DA:1047,1
DA:1049,1
DA:1050,1
DA:1052,8
DA:1053,1
DA:1055,7
DA:1056,1
DA:1058,6
DA:1059,2
DA:1060,2
DA:1061,1
DA:1063,1
DA:1066,1
DA:1068,4
DA:1069,0
DA:1071,4
DA:1072,0
DA:1074,4
DA:1075,0
DA:1077,4
DA:1078,1
DA:1081,3
DA:1082,2
DA:1084,1
DA:1088,2
DA:1089,2
DA:1090,1
DA:1095,1
DA:1108,1
DA:1121,2
DA:1132,1
DA:1135,1
DA:1154,1
DA:1201,1
DA:1213,4
DA:1214,4
DA:1215,1
DA:1218,3
DA:1219,3
DA:1221,3
DA:1222,1
DA:1223,1
DA:1224,2
DA:1225,2
DA:1226,2
DA:1229,3
DA:1230,1
DA:1233,2
DA:1236,2
DA:1249,2
DA:1297,2
DA:1301,28
DA:1302,28
DA:1303,26
DA:1304,26
DA:1306,2
DA:1307,12
DA:1308,2
DA:1309,1
DA:1311,1
DA:1312,1
DA:1314,0
DA:1318,41
DA:1319,41
DA:1320,41
DA:1321,3
DA:1323,38
DA:1324,38
DA:1333,82
DA:1334,82
DA:1336,82
DA:1337,82
DA:1338,82
DA:1339,82
DA:1340,82
DA:1341,82
DA:1342,82
DA:1343,82
DA:1344,82
DA:1345,82
DA:1348,82
DA:1362,82
DA:1363,82
DA:1364,82
LF:453
LH:411
BRDA:18,0,0,2
BRDA:18,0,1,80
BRDA:386,1,0,3
BRDA:386,1,1,13665
BRDA:389,2,0,11440
BRDA:389,2,1,2225
BRDA:392,3,0,2225
BRDA:392,3,1,0
BRDA:393,4,0,2222
BRDA:393,4,1,3
BRDA:396,5,0,2
BRDA:396,5,1,1
BRDA:411,6,0,1
BRDA:411,6,1,123
BRDA:415,7,0,1
BRDA:415,7,1,122
BRDA:421,8,0,0
BRDA:422,9,0,0
BRDA:422,9,1,15
BRDA:422,10,0,15
BRDA:422,10,1,15
BRDA:428,11,0,12
BRDA:428,11,1,22
BRDA:444,12,0,4
BRDA:444,12,1,1
BRDA:444,13,0,5
BRDA:444,13,1,4
BRDA:455,14,0,4
BRDA:455,14,1,1
BRDA:455,15,0,5
BRDA:455,15,1,4
BRDA:466,16,0,4
BRDA:466,16,1,1
BRDA:466,17,0,5
BRDA:466,17,1,4
BRDA:476,18,0,1
BRDA:476,18,1,4
BRDA:477,19,0,1
BRDA:477,19,1,0
BRDA:478,20,0,1
BRDA:478,20,1,0
BRDA:492,21,0,4
BRDA:492,21,1,5
BRDA:492,22,0,9
BRDA:492,22,1,4
BRDA:493,23,0,4
BRDA:493,23,1,0
BRDA:498,24,0,3
BRDA:498,24,1,2
BRDA:499,25,0,3
BRDA:499,25,1,0
BRDA:505,26,0,2
BRDA:505,26,1,0
BRDA:506,27,0,1
BRDA:506,27,1,0
BRDA:516,28,0,11
BRDA:517,29,0,1
BRDA:517,29,1,11
BRDA:517,30,0,12
BRDA:517,30,1,1
BRDA:521,31,0,1
BRDA:521,31,1,10
BRDA:521,32,0,11
BRDA:521,32,1,2
BRDA:521,32,2,1
BRDA:521,32,3,1
BRDA:528,33,0,1
BRDA:528,33,1,9
BRDA:528,34,0,10
BRDA:528,34,1,1
BRDA:530,35,0,1
BRDA:530,35,1,8
BRDA:533,36,0,8
BRDA:533,36,1,0
BRDA:535,37,0,8
BRDA:535,37,1,0
BRDA:537,38,0,7
BRDA:537,38,1,1
BRDA:544,39,0,1
BRDA:544,39,1,9
BRDA:549,40,0,9
BRDA:549,40,1,9
BRDA:550,41,0,9
BRDA:550,41,1,1
BRDA:554,42,0,6
BRDA:554,42,1,3
BRDA:585,43,0,140
BRDA:585,43,1,0
BRDA:590,44,0,0
BRDA:590,44,1,0
BRDA:590,45,0,0
BRDA:590,45,1,0
BRDA:593,46,0,0
BRDA:593,46,1,0
BRDA:596,47,0,0
BRDA:596,47,1,0
BRDA:596,48,0,0
BRDA:596,48,1,0
BRDA:599,49,0,0
BRDA:599,49,1,0
BRDA:601,50,0,0
BRDA:601,50,1,0
BRDA:606,51,0,0
BRDA:606,51,1,0
BRDA:609,52,0,0
BRDA:609,52,1,0
BRDA:615,53,0,0
BRDA:615,53,1,0
BRDA:624,54,0,1
BRDA:624,54,1,139
BRDA:629,55,0,6
BRDA:629,55,1,133
BRDA:630,56,0,1
BRDA:630,56,1,5
BRDA:631,57,0,1
BRDA:631,57,1,0
BRDA:633,58,0,1
BRDA:633,58,1,4
BRDA:634,59,0,1
BRDA:634,59,1,0
BRDA:636,60,0,1
BRDA:636,60,1,3
BRDA:637,61,0,1
BRDA:637,61,1,0
BRDA:639,62,0,1
BRDA:639,62,1,2
BRDA:640,63,0,1
BRDA:640,63,1,0
BRDA:642,64,0,1
BRDA:642,64,1,1
BRDA:643,65,0,1
BRDA:643,65,1,0
BRDA:643,65,2,0
BRDA:644,66,0,1
BRDA:644,66,1,0
BRDA:646,67,0,1
BRDA:646,67,1,0
BRDA:651,68,0,1
BRDA:651,68,1,132
BRDA:651,69,0,133
BRDA:651,69,1,132
BRDA:653,70,0,1
BRDA:653,70,1,0
BRDA:657,71,0,4
BRDA:657,71,1,128
BRDA:659,72,0,1
BRDA:659,72,1,3
BRDA:660,73,0,1
BRDA:660,73,1,0
BRDA:662,74,0,1
BRDA:662,74,1,2
BRDA:663,75,0,1
BRDA:663,75,1,0
BRDA:665,76,0,1
BRDA:665,76,1,1
BRDA:666,77,0,1
BRDA:666,77,1,0
BRDA:666,77,2,0
BRDA:666,77,3,0
BRDA:669,78,0,1
BRDA:669,78,1,0
BRDA:673,79,0,3
BRDA:673,79,1,125
BRDA:674,80,0,2
BRDA:674,80,1,1
BRDA:676,81,0,1
BRDA:676,81,1,1
BRDA:676,82,0,2
BRDA:676,82,1,1
BRDA:679,83,0,1
BRDA:679,83,1,0
BRDA:680,84,0,1
BRDA:680,84,1,0
BRDA:681,85,0,1
BRDA:681,85,1,0
BRDA:685,86,0,1
BRDA:685,86,1,0
BRDA:689,87,0,3
BRDA:689,87,1,122
BRDA:690,88,0,1
BRDA:690,88,1,2
BRDA:692,89,0,1
BRDA:692,89,1,1
BRDA:692,89,2,0
BRDA:694,90,0,1
BRDA:694,90,1,1
BRDA:696,91,0,1
BRDA:696,91,1,0
BRDA:696,91,2,0
BRDA:699,92,0,1
BRDA:699,92,1,0
BRDA:703,93,0,5
BRDA:703,93,1,117
BRDA:704,94,0,2
BRDA:704,94,1,3
BRDA:706,95,0,1
BRDA:706,95,1,1
BRDA:706,96,0,2
BRDA:706,96,1,1
BRDA:709,97,0,1
BRDA:709,97,1,0
BRDA:712,98,0,0
BRDA:712,98,1,0
BRDA:714,99,0,2
BRDA:714,99,1,1
BRDA:716,100,0,1
BRDA:716,100,1,1
BRDA:716,101,0,2
BRDA:716,101,1,1
BRDA:719,102,0,1
BRDA:719,102,1,0
BRDA:719,102,2,0
BRDA:722,103,0,1
BRDA:722,103,1,0
BRDA:726,104,0,3
BRDA:726,104,1,114
BRDA:727,105,0,2
BRDA:727,105,1,1
BRDA:729,106,0,1
BRDA:729,106,1,1
BRDA:729,107,0,2
BRDA:729,107,1,1
BRDA:732,108,0,1
BRDA:732,108,1,0
BRDA:732,108,2,0
BRDA:735,109,0,1
BRDA:735,109,1,0
BRDA:739,110,0,26
BRDA:739,110,1,88
BRDA:740,111,0,1
BRDA:740,111,1,25
BRDA:741,112,0,1
BRDA:741,112,1,0
BRDA:743,113,0,3
BRDA:743,113,1,22
BRDA:744,114,0,3
BRDA:744,114,1,0
BRDA:744,114,2,0
BRDA:744,114,3,0
BRDA:745,115,0,1
BRDA:745,115,1,2
BRDA:746,116,0,1
BRDA:746,116,1,0
BRDA:748,117,0,2
BRDA:748,117,1,0
BRDA:751,118,0,1
BRDA:751,118,1,1
BRDA:757,119,0,2
BRDA:757,119,1,20
BRDA:758,120,0,2
BRDA:758,120,1,0
BRDA:758,120,2,0
BRDA:758,120,3,0
BRDA:758,120,4,0
BRDA:763,121,0,0
BRDA:763,121,1,2
BRDA:764,122,0,0
BRDA:764,122,1,0
BRDA:766,123,0,2
BRDA:766,123,1,0
BRDA:769,124,0,2
BRDA:769,124,1,0
BRDA:775,125,0,3
BRDA:775,125,1,17
BRDA:776,126,0,3
BRDA:776,126,1,0
BRDA:776,126,2,0
BRDA:776,126,3,0
BRDA:777,127,0,1
BRDA:777,127,1,2
BRDA:778,128,0,1
BRDA:778,128,1,0
BRDA:780,129,0,2
BRDA:780,129,1,0
BRDA:783,130,0,1
BRDA:783,130,1,1
BRDA:789,131,0,6
BRDA:789,131,1,11
BRDA:790,132,0,2
BRDA:790,132,1,4
BRDA:790,133,0,6
BRDA:790,133,1,2
BRDA:790,133,2,0
BRDA:791,134,0,2
BRDA:791,134,1,0
BRDA:793,135,0,1
BRDA:793,135,1,3
BRDA:796,136,0,1
BRDA:796,136,1,2
BRDA:800,137,0,1
BRDA:800,137,1,1
BRDA:803,138,0,1
BRDA:803,138,1,0
BRDA:803,139,0,1
BRDA:803,139,1,1
BRDA:805,140,0,7
BRDA:805,140,1,4
BRDA:806,141,0,7
BRDA:806,141,1,0
BRDA:808,142,0,1
BRDA:808,142,1,3
BRDA:809,143,0,1
BRDA:809,143,1,0
BRDA:811,144,0,1
BRDA:811,144,1,2
BRDA:812,145,0,1
BRDA:812,145,1,0
BRDA:814,146,0,1
BRDA:814,146,1,1
BRDA:815,147,0,1
BRDA:815,147,1,0
BRDA:815,147,2,0
BRDA:815,147,3,0
BRDA:819,148,0,1
BRDA:819,148,1,0
BRDA:823,149,0,5
BRDA:823,149,1,83
BRDA:824,150,0,2
BRDA:824,150,1,3
BRDA:827,151,0,2
BRDA:827,151,1,0
BRDA:828,152,0,2
BRDA:828,152,1,0
BRDA:831,153,0,1
BRDA:831,153,1,2
BRDA:833,154,0,1
BRDA:833,154,1,0
BRDA:835,155,0,1
BRDA:835,155,1,1
BRDA:837,156,0,1
BRDA:837,156,1,0
BRDA:840,157,0,1
BRDA:840,157,1,0
BRDA:844,158,0,17
BRDA:844,158,1,66
BRDA:845,159,0,1
BRDA:845,159,1,16
BRDA:847,160,0,1
BRDA:847,160,1,0
BRDA:848,161,0,1
BRDA:848,161,1,0
BRDA:851,162,0,4
BRDA:851,162,1,12
BRDA:853,163,0,2
BRDA:853,163,1,2
BRDA:853,164,0,4
BRDA:853,164,1,2
BRDA:856,165,0,1
BRDA:856,165,1,1
BRDA:860,166,0,1
BRDA:860,166,1,0
BRDA:862,167,0,2
BRDA:862,167,1,10
BRDA:862,168,0,12
BRDA:862,168,1,10
BRDA:864,169,0,1
BRDA:864,169,1,1
BRDA:864,170,0,2
BRDA:864,170,1,1
BRDA:864,170,2,1
BRDA:864,170,3,1
BRDA:874,171,0,1
BRDA:874,171,1,0
BRDA:876,172,0,4
BRDA:876,172,1,6
BRDA:877,173,0,1
BRDA:877,173,1,1
BRDA:877,173,2,1
BRDA:877,173,3,1
BRDA:881,174,0,1
BRDA:881,174,1,0
BRDA:884,175,0,4
BRDA:884,175,1,2
BRDA:885,176,0,1
BRDA:885,176,1,3
BRDA:885,177,0,4
BRDA:885,177,1,3
BRDA:887,178,0,1
BRDA:887,178,1,2
BRDA:887,179,0,3
BRDA:887,179,1,2
BRDA:889,180,0,1
BRDA:889,180,1,1
BRDA:894,181,0,1
BRDA:894,181,1,1
BRDA:895,182,0,1
BRDA:895,182,1,0
BRDA:898,183,0,1
BRDA:898,183,1,0
BRDA:902,184,0,5
BRDA:902,184,1,61
BRDA:903,185,0,0
BRDA:903,185,1,5
BRDA:905,186,0,0
BRDA:905,186,1,0
BRDA:905,187,0,0
BRDA:905,187,1,0
BRDA:908,188,0,0
BRDA:908,188,1,0
BRDA:911,189,0,0
BRDA:911,189,1,0
BRDA:913,190,0,1
BRDA:913,190,1,4
BRDA:915,191,0,1
BRDA:915,191,1,0
BRDA:916,192,0,1
BRDA:916,192,1,0
BRDA:917,193,0,1
BRDA:917,193,1,0
BRDA:922,194,0,1
BRDA:922,194,1,3
BRDA:924,195,0,1
BRDA:924,195,1,0
BRDA:925,196,0,1
BRDA:925,196,1,0
BRDA:926,197,0,1
BRDA:926,197,1,0
BRDA:927,198,0,1
BRDA:927,198,1,0
BRDA:927,199,0,1
BRDA:927,199,1,1
BRDA:933,200,0,1
BRDA:933,200,1,2
BRDA:935,201,0,1
BRDA:935,201,1,0
BRDA:936,202,0,1
BRDA:936,202,1,0
BRDA:937,203,0,1
BRDA:937,203,1,0
BRDA:938,204,0,1
BRDA:938,204,1,0
BRDA:939,205,0,1
BRDA:939,205,1,0
BRDA:939,206,0,1
BRDA:939,206,1,1
BRDA:939,206,2,1
BRDA:945,207,0,1
BRDA:945,207,1,1
BRDA:947,208,0,1
BRDA:947,208,1,0
BRDA:948,209,0,1
BRDA:948,209,1,0
BRDA:949,210,0,1
BRDA:949,210,1,0
BRDA:950,211,0,1
BRDA:950,211,1,0
BRDA:951,212,0,1
BRDA:951,212,1,0
BRDA:951,213,0,1
BRDA:951,213,1,1
BRDA:951,213,2,1
BRDA:955,214,0,1
BRDA:955,214,1,0
BRDA:962,215,0,1
BRDA:962,215,1,0
BRDA:966,216,0,48
BRDA:966,216,1,13
BRDA:967,217,0,13
BRDA:967,217,1,35
BRDA:969,218,0,1
BRDA:969,218,1,12
BRDA:969,219,0,13
BRDA:969,219,1,1
BRDA:972,220,0,11
BRDA:972,220,1,1
BRDA:975,221,0,1
BRDA:975,221,1,0
BRDA:977,222,0,3
BRDA:977,222,1,32
BRDA:979,223,0,1
BRDA:979,223,1,2
BRDA:979,224,0,3
BRDA:979,224,1,1
BRDA:982,225,0,2
BRDA:982,225,1,1
BRDA:984,226,0,3
BRDA:984,226,1,29
BRDA:986,227,0,1
BRDA:986,227,1,2
BRDA:986,228,0,3
BRDA:986,228,1,1
BRDA:989,229,0,2
BRDA:989,229,1,1
BRDA:989,229,2,1
BRDA:991,230,0,3
BRDA:991,230,1,26
BRDA:993,231,0,2
BRDA:993,231,1,1
BRDA:993,232,0,3
BRDA:993,232,1,2
BRDA:998,233,0,3
BRDA:998,233,1,23
BRDA:1000,234,0,2
BRDA:1000,234,1,1
BRDA:1000,235,0,3
BRDA:1000,235,1,3
BRDA:1001,236,0,2
BRDA:1001,236,1,0
BRDA:1002,237,0,2
BRDA:1002,237,1,0
BRDA:1002,237,2,0
BRDA:1004,238,0,2
BRDA:1004,238,1,0
BRDA:1004,239,0,2
BRDA:1004,239,1,2
BRDA:1010,240,0,3
BRDA:1010,240,1,20
BRDA:1012,241,0,2
BRDA:1012,241,1,1
BRDA:1012,242,0,3
BRDA:1012,242,1,3
BRDA:1012,242,2,2
BRDA:1013,243,0,2
BRDA:1013,243,1,0
BRDA:1014,244,0,2
BRDA:1014,244,1,0
BRDA:1014,244,2,0
BRDA:1017,245,0,2
BRDA:1017,245,1,0
BRDA:1017,246,0,2
BRDA:1017,246,1,2
BRDA:1023,247,0,0
BRDA:1023,247,1,20
BRDA:1025,248,0,0
BRDA:1025,248,1,0
BRDA:1025,249,0,0
BRDA:1025,249,1,0
BRDA:1028,250,0,0
BRDA:1028,250,1,0
BRDA:1028,250,2,0
BRDA:1030,251,0,1
BRDA:1030,251,1,19
BRDA:1032,252,0,1
BRDA:1032,252,1,1
BRDA:1032,252,2,0
BRDA:1035,253,0,19
BRDA:1035,253,1,3
BRDA:1039,254,0,11
BRDA:1039,254,1,2
BRDA:1040,255,0,1
BRDA:1040,255,1,10
BRDA:1042,256,0,1
BRDA:1042,256,1,0
BRDA:1044,257,0,2
BRDA:1044,257,1,8
BRDA:1046,258,0,1
BRDA:1046,258,1,1
BRDA:1046,259,0,2
BRDA:1046,259,1,2
BRDA:1049,260,0,1
BRDA:1049,260,1,0
BRDA:1049,260,2,0
BRDA:1052,261,0,1
BRDA:1052,261,1,7
BRDA:1053,262,0,1
BRDA:1053,262,1,0
BRDA:1055,263,0,1
BRDA:1055,263,1,6
BRDA:1056,264,0,1
BRDA:1056,264,1,0
BRDA:1058,265,0,2
BRDA:1058,265,1,4
BRDA:1060,266,0,1
BRDA:1060,266,1,1
BRDA:1060,267,0,2
BRDA:1060,267,1,2
BRDA:1063,268,0,1
BRDA:1063,268,1,0
BRDA:1063,268,2,0
BRDA:1063,268,3,0
BRDA:1063,268,4,0
BRDA:1063,268,5,0
BRDA:1063,268,6,0
BRDA:1068,269,0,0
BRDA:1068,269,1,4
BRDA:1069,270,0,0
BRDA:1069,270,1,0
BRDA:1071,271,0,0
BRDA:1071,271,1,4
BRDA:1072,272,0,0
BRDA:1072,272,1,0
BRDA:1074,273,0,0
BRDA:1074,273,1,4
BRDA:1075,274,0,0
BRDA:1075,274,1,0
BRDA:1077,275,0,1
BRDA:1077,275,1,3
BRDA:1078,276,0,1
BRDA:1078,276,1,0
BRDA:1081,277,0,2
BRDA:1081,277,1,1
BRDA:1084,278,0,1
BRDA:1084,278,1,0
BRDA:1088,279,0,2
BRDA:1088,279,1,0
BRDA:1089,280,0,1
BRDA:1089,280,1,1
BRDA:1090,281,0,1
BRDA:1090,281,1,0
BRDA:1090,282,0,1
BRDA:1090,282,1,0
BRDA:1090,282,2,0
BRDA:1095,283,0,1
BRDA:1095,283,1,0
BRDA:1108,284,0,1
BRDA:1108,284,1,0
BRDA:1132,285,0,1
BRDA:1132,285,1,0
BRDA:1201,286,0,1
BRDA:1201,286,1,0
BRDA:1214,287,0,1
BRDA:1214,287,1,3
BRDA:1221,288,0,1
BRDA:1221,288,1,2
BRDA:1224,289,0,2
BRDA:1224,289,1,0
BRDA:1229,290,0,1
BRDA:1229,290,1,2
BRDA:1229,291,0,3
BRDA:1229,291,1,3
BRDA:1233,292,0,2
BRDA:1233,292,1,1
BRDA:1251,293,0,2
BRDA:1251,293,1,0
BRDA:1252,294,0,2
BRDA:1252,294,1,0
BRDA:1253,295,0,2
BRDA:1253,295,1,0
BRDA:1254,296,0,2
BRDA:1254,296,1,0
BRDA:1255,297,0,2
BRDA:1255,297,1,0
BRDA:1256,298,0,2
BRDA:1256,298,1,0
BRDA:1257,299,0,2
BRDA:1257,299,1,0
BRDA:1258,300,0,2
BRDA:1258,300,1,0
BRDA:1261,301,0,2
BRDA:1261,301,1,0
BRDA:1262,302,0,2
BRDA:1262,302,1,0
BRDA:1263,303,0,2
BRDA:1263,303,1,0
BRDA:1264,304,0,2
BRDA:1264,304,1,0
BRDA:1265,305,0,2
BRDA:1265,305,1,0
BRDA:1266,306,0,2
BRDA:1266,306,1,0
BRDA:1268,307,0,2
BRDA:1268,307,1,0
BRDA:1269,308,0,2
BRDA:1269,308,1,0
BRDA:1270,309,0,2
BRDA:1270,309,1,0
BRDA:1271,310,0,2
BRDA:1271,310,1,0
BRDA:1272,311,0,2
BRDA:1272,311,1,0
BRDA:1275,312,0,2
BRDA:1275,312,1,0
BRDA:1276,313,0,2
BRDA:1276,313,1,0
BRDA:1277,314,0,2
BRDA:1277,314,1,0
BRDA:1278,315,0,2
BRDA:1278,315,1,0
BRDA:1279,316,0,2
BRDA:1279,316,1,0
BRDA:1282,317,0,2
BRDA:1282,317,1,0
BRDA:1283,318,0,2
BRDA:1283,318,1,0
BRDA:1286,319,0,2
BRDA:1286,319,1,0
BRDA:1287,320,0,2
BRDA:1287,320,1,0
BRDA:1288,321,0,2
BRDA:1288,321,1,0
BRDA:1289,322,0,2
BRDA:1289,322,1,0
BRDA:1290,323,0,2
BRDA:1290,323,1,0
BRDA:1291,324,0,2
BRDA:1291,324,1,0
BRDA:1297,325,0,2
BRDA:1297,325,1,2
BRDA:1301,326,0,28
BRDA:1301,326,1,1
BRDA:1302,327,0,26
BRDA:1302,327,1,2
BRDA:1304,328,0,26
BRDA:1304,328,1,26
BRDA:1304,328,2,16
BRDA:1304,329,0,25
BRDA:1304,329,1,1
BRDA:1306,330,0,2
BRDA:1306,330,1,0
BRDA:1308,331,0,1
BRDA:1308,331,1,1
BRDA:1309,332,0,1
BRDA:1309,332,1,0
BRDA:1312,333,0,1
BRDA:1312,333,1,1
BRDA:1312,333,2,0
BRDA:1312,334,0,1
BRDA:1312,334,1,0
BRDA:1318,335,0,41
BRDA:1318,335,1,0
BRDA:1320,336,0,3
BRDA:1320,336,1,38
BRDA:1324,337,0,38
BRDA:1324,337,1,0
BRDA:1363,338,0,82
BRDA:1363,338,1,0
BRF:716
BRH:494
end_of_record
TN:
SF:trading-ui/scripts/tables.js
FN:32,sortTable
FN:58,resolveColumnValue
FN:190,getCustomSortValue
FN:237,compareTableRows
FN:265,(anonymous_4)
FN:347,(anonymous_5)
FN:357,(anonymous_6)
FN:421,(anonymous_7)
FN:432,(anonymous_8)
FN:437,(anonymous_9)
FN:441,(anonymous_10)
FN:442,(anonymous_11)
FN:458,(anonymous_12)
FN:461,(anonymous_13)
FN:484,_REMOVED_updateSortIconsLocal
FN:495,(anonymous_15)
FN:526,isDateValue
FN:539,(anonymous_17)
FN:616,(anonymous_18)
FN:655,(anonymous_19)
FN:693,(anonymous_20)
FN:707,(anonymous_21)
FN:720,(anonymous_22)
FN:746,(anonymous_23)
FN:827,(anonymous_24)
FN:876,(anonymous_25)
FN:899,(anonymous_26)
FN:936,(anonymous_27)
FN:989,(anonymous_28)
FN:1043,(anonymous_29)
FN:1084,(anonymous_30)
FN:1118,(anonymous_31)
FN:1149,(anonymous_32)
FN:1157,(anonymous_33)
FN:1165,(anonymous_34)
FN:1173,(anonymous_35)
FN:1181,(anonymous_36)
FN:1189,(anonymous_37)
FN:1197,(anonymous_38)
FN:1205,(anonymous_39)
FN:1213,(anonymous_40)
FN:1256,(anonymous_41)
FN:1287,(anonymous_42)
FN:1299,(anonymous_43)
FN:1360,(anonymous_44)
FN:1392,(anonymous_45)
FNF:46
FNH:42
FNDA:0,sortTable
FNDA:54,resolveColumnValue
FNDA:34,getCustomSortValue
FNDA:27,compareTableRows
FNDA:2,(anonymous_4)
FNDA:7,(anonymous_5)
FNDA:4,(anonymous_6)
FNDA:5,(anonymous_7)
FNDA:2,(anonymous_8)
FNDA:4,(anonymous_9)
FNDA:1,(anonymous_10)
FNDA:1,(anonymous_11)
FNDA:1,(anonymous_12)
FNDA:1,(anonymous_13)
FNDA:0,_REMOVED_updateSortIconsLocal
FNDA:0,(anonymous_15)
FNDA:20,isDateValue
FNDA:10,(anonymous_17)
FNDA:4,(anonymous_18)
FNDA:3,(anonymous_19)
FNDA:1,(anonymous_20)
FNDA:1,(anonymous_21)
FNDA:9,(anonymous_22)
FNDA:0,(anonymous_23)
FNDA:4,(anonymous_24)
FNDA:2,(anonymous_25)
FNDA:2,(anonymous_26)
FNDA:1,(anonymous_27)
FNDA:2,(anonymous_28)
FNDA:2,(anonymous_29)
FNDA:3,(anonymous_30)
FNDA:3,(anonymous_31)
FNDA:2,(anonymous_32)
FNDA:2,(anonymous_33)
FNDA:2,(anonymous_34)
FNDA:2,(anonymous_35)
FNDA:2,(anonymous_36)
FNDA:2,(anonymous_37)
FNDA:2,(anonymous_38)
FNDA:2,(anonymous_39)
FNDA:4,(anonymous_40)
FNDA:5,(anonymous_41)
FNDA:2,(anonymous_42)
FNDA:2,(anonymous_43)
FNDA:3,(anonymous_44)
FNDA:3,(anonymous_45)
DA:17,82
DA:18,82
DA:19,82
DA:34,0
DA:60,54
DA:61,8
DA:63,2
DA:66,2
DA:70,2
DA:72,2
DA:74,2
DA:76,2
DA:82,46
DA:83,34
DA:86,12
DA:87,2
DA:92,10
DA:93,6
DA:94,6
DA:95,6
DA:97,6
DA:98,6
DA:99,6
DA:100,6
DA:101,10
DA:102,10
DA:104,6
DA:106,0
DA:112,4
DA:115,4
DA:157,4
DA:158,4
DA:160,4
DA:161,0
DA:165,4
DA:166,0
DA:167,0
DA:168,0
DA:169,0
DA:170,0
DA:172,0
DA:175,4
DA:191,34
DA:196,34
DA:197,11
DA:198,3
DA:199,3
DA:200,3
DA:201,3
DA:204,8
DA:205,3
DA:206,3
DA:207,3
DA:208,2
DA:209,1
DA:212,5
DA:213,3
DA:214,3
DA:216,3
DA:217,2
DA:219,1
DA:224,25
DA:225,1
DA:226,1
DA:234,24
DA:238,27
DA:239,27
DA:242,27
DA:243,27
DA:245,27
DA:246,27
DA:248,27
DA:249,27
DA:250,3
DA:251,3
DA:252,3
DA:255,24
DA:256,24
DA:258,24
DA:262,24
DA:263,24
DA:265,24
DA:266,2
DA:267,0
DA:269,2
DA:270,2
DA:271,2
DA:272,1
DA:275,1
DA:276,1
DA:277,1
DA:278,1
DA:281,0
DA:284,24
DA:285,1
DA:286,1
DA:288,1
DA:289,1
DA:291,1
DA:292,1
DA:296,24
DA:297,6
DA:298,6
DA:299,6
DA:300,6
DA:302,6
DA:303,6
DA:305,18
DA:306,1
DA:307,1
DA:310,24
DA:311,1
DA:312,1
DA:313,1
DA:314,1
DA:315,1
DA:317,23
DA:318,4
DA:319,4
DA:322,24
DA:323,4
DA:324,4
DA:325,4
DA:326,4
DA:327,4
DA:329,20
DA:330,3
DA:331,3
DA:334,24
DA:335,14
DA:337,10
DA:338,6
DA:342,4
DA:345,82
DA:347,82
DA:348,7
DA:349,1
DA:350,1
DA:351,1
DA:354,6
DA:355,6
DA:357,6
DA:358,4
DA:359,4
DA:361,4
DA:362,4
DA:365,6
DA:366,6
DA:367,1
DA:368,1
DA:371,5
DA:372,5
DA:373,5
DA:375,5
DA:378,5
DA:379,5
DA:380,5
DA:382,5
DA:383,5
DA:385,5
DA:386,5
DA:391,4
DA:396,1
DA:397,1
DA:400,1
DA:401,1
DA:407,5
DA:414,5
DA:415,5
DA:421,5
DA:423,5
DA:424,1
DA:425,1
DA:428,4
DA:429,4
DA:430,4
DA:431,2
DA:432,2
DA:433,2
DA:437,4
DA:438,4
DA:439,2
DA:441,2
DA:442,1
DA:443,1
DA:449,4
DA:450,4
DA:452,1
DA:453,1
DA:454,1
DA:457,3
DA:458,2
DA:459,1
DA:460,1
DA:462,1
DA:463,1
DA:467,1
DA:468,1
DA:469,1
DA:471,1
DA:472,1
DA:485,0
DA:487,0
DA:488,0
DA:489,0
DA:490,0
DA:494,0
DA:495,0
DA:496,0
DA:497,0
DA:501,0
DA:502,0
DA:503,0
DA:504,0
DA:505,0
DA:506,0
DA:507,0
DA:508,0
DA:510,0
DA:511,0
DA:516,0
DA:527,20
DA:528,16
DA:529,16
DA:539,82
DA:540,10
DA:541,10
DA:550,10
DA:551,1
DA:552,1
DA:554,1
DA:557,9
DA:559,9
DA:560,9
DA:567,8
DA:568,8
DA:575,7
DA:576,7
DA:578,7
DA:584,7
DA:591,6
DA:592,6
DA:596,1
DA:597,1
DA:602,2
DA:603,1
DA:605,1
DA:616,82
DA:618,4
DA:619,1
DA:620,1
DA:623,1
DA:630,3
DA:631,3
DA:632,3
DA:636,1
DA:637,1
DA:640,2
DA:641,1
DA:643,1
DA:648,2
DA:655,82
DA:656,3
DA:657,3
DA:663,1
DA:666,2
DA:667,2
DA:671,2
DA:672,2
DA:673,2
DA:674,1
DA:683,1
DA:693,82
DA:694,1
DA:707,82
DA:708,1
DA:720,82
DA:722,9
DA:732,9
DA:734,2
DA:737,2
DA:738,1
DA:741,1
DA:743,1
DA:744,0
DA:746,0
DA:747,0
DA:749,0
DA:754,2
DA:755,2
DA:756,0
DA:759,2
DA:760,2
DA:763,2
DA:767,7
DA:768,5
DA:771,5
DA:772,1
DA:773,1
DA:775,1
DA:776,1
DA:777,1
DA:779,1
DA:784,4
DA:787,4
DA:788,4
DA:797,4
DA:798,3
DA:804,1
DA:808,4
DA:812,2
DA:813,1
DA:817,1
DA:827,82
DA:829,4
DA:830,3
DA:831,3
DA:832,2
DA:837,1
DA:839,1
DA:840,1
DA:847,1
DA:848,1
DA:854,1
DA:855,1
DA:857,1
DA:858,1
DA:863,1
DA:876,82
DA:878,2
DA:879,1
DA:880,1
DA:885,1
DA:886,1
DA:888,1
DA:889,1
DA:899,82
DA:900,2
DA:901,2
DA:902,2
DA:903,2
DA:904,1
DA:907,1
DA:908,1
DA:912,2
DA:913,2
DA:914,2
DA:918,2
DA:919,2
DA:920,2
DA:936,82
DA:947,82
DA:950,82
DA:979,82
DA:989,82
DA:990,2
DA:991,2
DA:994,2
DA:995,2
DA:999,2
DA:1000,2
DA:1001,1
DA:1004,1
DA:1005,1
DA:1008,1
DA:1009,1
DA:1013,1
DA:1014,1
DA:1017,1
DA:1019,1
DA:1022,1
DA:1023,1
DA:1027,1
DA:1028,1
DA:1031,1
DA:1043,82
DA:1044,2
DA:1045,2
DA:1048,2
DA:1049,1
DA:1053,2
DA:1056,1
DA:1057,1
DA:1060,1
DA:1062,1
DA:1065,1
DA:1066,1
DA:1069,1
DA:1084,82
DA:1085,3
DA:1086,3
DA:1087,1
DA:1088,1
DA:1092,2
DA:1095,2
DA:1100,1
DA:1101,1
DA:1104,1
DA:1105,1
DA:1118,82
DA:1119,3
DA:1120,3
DA:1121,1
DA:1122,1
DA:1126,2
DA:1129,2
DA:1134,1
DA:1135,1
DA:1138,1
DA:1141,1
DA:1142,1
DA:1149,82
DA:1150,2
DA:1151,1
DA:1154,1
DA:1157,82
DA:1158,2
DA:1159,1
DA:1162,1
DA:1165,82
DA:1166,2
DA:1167,1
DA:1170,1
DA:1173,82
DA:1174,2
DA:1175,1
DA:1178,1
DA:1181,82
DA:1182,2
DA:1183,1
DA:1186,1
DA:1189,82
DA:1190,2
DA:1191,1
DA:1194,1
DA:1197,82
DA:1198,2
DA:1199,1
DA:1202,1
DA:1205,82
DA:1206,2
DA:1207,1
DA:1210,1
DA:1213,82
DA:1214,4
DA:1215,1
DA:1216,1
DA:1219,3
DA:1220,3
DA:1221,2
DA:1222,2
DA:1223,2
DA:1226,2
DA:1227,1
DA:1230,2
DA:1231,1
DA:1234,2
DA:1235,2
DA:1238,2
DA:1241,1
DA:1256,82
DA:1265,5
DA:1266,1
DA:1269,4
DA:1270,1
DA:1273,3
DA:1274,3
DA:1275,3
DA:1277,3
DA:1278,1
DA:1284,3
DA:1288,2
DA:1289,2
DA:1296,1
DA:1300,2
DA:1301,1
DA:1307,2
DA:1308,1
DA:1309,1
DA:1311,1
DA:1317,3
DA:1318,3
DA:1319,3
DA:1320,3
DA:1332,3
DA:1336,0
DA:1349,0
DA:1360,82
DA:1361,3
DA:1362,3
DA:1363,1
DA:1364,1
DA:1368,2
DA:1373,1
DA:1374,1
DA:1377,1
DA:1380,1
DA:1381,1
DA:1392,82
DA:1393,3
DA:1394,3
DA:1395,1
DA:1396,1
DA:1400,2
DA:1402,1
DA:1403,1
DA:1406,1
DA:1409,1
DA:1410,1
LF:509
LH:471
BRDA:60,0,0,8
BRDA:60,0,1,46
BRDA:61,1,0,2
BRDA:61,1,1,2
BRDA:61,1,2,2
BRDA:61,1,3,2
BRDA:63,2,0,2
BRDA:63,2,1,0
BRDA:63,3,0,2
BRDA:63,3,1,2
BRDA:64,4,0,2
BRDA:64,4,1,0
BRDA:64,4,2,0
BRDA:65,5,0,0
BRDA:65,5,1,0
BRDA:66,6,0,2
BRDA:66,6,1,0
BRDA:66,7,0,2
BRDA:66,7,1,2
BRDA:67,8,0,2
BRDA:67,8,1,0
BRDA:68,9,0,0
BRDA:68,9,1,0
BRDA:68,9,2,0
BRDA:72,10,0,2
BRDA:72,10,1,0
BRDA:74,11,0,2
BRDA:74,11,1,1
BRDA:74,11,2,0
BRDA:82,12,0,34
BRDA:82,12,1,12
BRDA:82,13,0,46
BRDA:82,13,1,34
BRDA:86,14,0,2
BRDA:86,14,1,10
BRDA:86,15,0,12
BRDA:86,15,1,2
BRDA:92,16,0,6
BRDA:92,16,1,4
BRDA:92,17,0,10
BRDA:92,17,1,6
BRDA:95,18,0,6
BRDA:95,18,1,0
BRDA:97,19,0,6
BRDA:97,19,1,0
BRDA:102,20,0,2
BRDA:102,20,1,8
BRDA:104,21,0,6
BRDA:104,21,1,2
BRDA:106,22,0,0
BRDA:106,22,1,0
BRDA:157,23,0,4
BRDA:157,23,1,0
BRDA:160,24,0,0
BRDA:160,24,1,4
BRDA:165,25,0,0
BRDA:165,25,1,4
BRDA:170,26,0,0
BRDA:170,26,1,0
BRDA:172,27,0,0
BRDA:172,27,1,0
BRDA:175,28,0,4
BRDA:175,28,1,0
BRDA:191,29,0,28
BRDA:191,29,1,6
BRDA:191,30,0,34
BRDA:191,30,1,28
BRDA:196,31,0,11
BRDA:196,31,1,23
BRDA:197,32,0,3
BRDA:197,32,1,8
BRDA:199,33,0,3
BRDA:199,33,1,0
BRDA:200,34,0,3
BRDA:200,34,1,0
BRDA:204,35,0,3
BRDA:204,35,1,5
BRDA:205,36,0,3
BRDA:205,36,1,2
BRDA:205,36,2,2
BRDA:205,36,3,2
BRDA:206,37,0,3
BRDA:206,37,1,2
BRDA:206,37,2,2
BRDA:206,37,3,2
BRDA:207,38,0,1
BRDA:207,38,1,2
BRDA:207,39,0,3
BRDA:207,39,1,1
BRDA:208,40,0,1
BRDA:208,40,1,1
BRDA:208,41,0,2
BRDA:208,41,1,2
BRDA:212,42,0,3
BRDA:212,42,1,2
BRDA:213,43,0,0
BRDA:213,43,1,3
BRDA:213,44,0,3
BRDA:213,44,1,0
BRDA:214,45,0,0
BRDA:214,45,1,3
BRDA:214,46,0,3
BRDA:214,46,1,0
BRDA:216,47,0,1
BRDA:216,47,1,2
BRDA:216,48,0,3
BRDA:216,48,1,2
BRDA:217,49,0,1
BRDA:217,49,1,1
BRDA:217,50,0,2
BRDA:217,50,1,1
BRDA:224,51,0,1
BRDA:224,51,1,24
BRDA:225,52,0,1
BRDA:225,52,1,0
BRDA:226,53,0,1
BRDA:226,53,1,0
BRDA:226,54,0,1
BRDA:226,54,1,0
BRDA:237,55,0,0
BRDA:239,56,0,27
BRDA:239,56,1,0
BRDA:249,57,0,3
BRDA:249,57,1,24
BRDA:250,58,0,3
BRDA:250,58,1,0
BRDA:251,59,0,3
BRDA:251,59,1,0
BRDA:258,60,0,18
BRDA:258,60,1,6
BRDA:258,61,0,24
BRDA:258,61,1,18
BRDA:262,62,0,17
BRDA:262,62,1,7
BRDA:262,63,0,24
BRDA:262,63,1,17
BRDA:263,64,0,17
BRDA:263,64,1,7
BRDA:263,65,0,24
BRDA:263,65,1,17
BRDA:266,66,0,0
BRDA:266,66,1,2
BRDA:266,67,0,2
BRDA:266,67,1,0
BRDA:269,68,0,2
BRDA:269,68,1,0
BRDA:271,69,0,1
BRDA:271,69,1,1
BRDA:271,70,0,2
BRDA:271,70,1,2
BRDA:275,71,0,1
BRDA:275,71,1,0
BRDA:275,72,0,1
BRDA:275,72,1,1
BRDA:277,73,0,1
BRDA:277,73,1,0
BRDA:277,74,0,1
BRDA:277,74,1,1
BRDA:284,75,0,1
BRDA:284,75,1,23
BRDA:284,76,0,24
BRDA:284,76,1,23
BRDA:285,77,0,1
BRDA:285,77,1,0
BRDA:286,78,0,1
BRDA:286,78,1,0
BRDA:288,79,0,1
BRDA:288,79,1,0
BRDA:291,80,0,1
BRDA:291,80,1,0
BRDA:296,81,0,6
BRDA:296,81,1,18
BRDA:296,82,0,24
BRDA:296,82,1,21
BRDA:299,83,0,6
BRDA:299,83,1,0
BRDA:299,84,0,6
BRDA:299,84,1,6
BRDA:302,85,0,6
BRDA:302,85,1,0
BRDA:302,86,0,6
BRDA:302,86,1,6
BRDA:305,87,0,1
BRDA:305,87,1,17
BRDA:306,88,0,1
BRDA:306,88,1,0
BRDA:306,88,2,0
BRDA:307,89,0,1
BRDA:307,89,1,1
BRDA:307,89,2,0
BRDA:310,90,0,1
BRDA:310,90,1,23
BRDA:313,91,0,1
BRDA:313,91,1,0
BRDA:313,92,0,1
BRDA:313,92,1,1
BRDA:317,93,0,4
BRDA:317,93,1,19
BRDA:317,94,0,23
BRDA:317,94,1,17
BRDA:317,94,2,5
BRDA:322,95,0,4
BRDA:322,95,1,20
BRDA:323,96,0,0
BRDA:323,96,1,4
BRDA:324,97,0,0
BRDA:324,97,1,4
BRDA:325,98,0,4
BRDA:325,98,1,0
BRDA:325,99,0,4
BRDA:325,99,1,4
BRDA:329,100,0,3
BRDA:329,100,1,17
BRDA:329,101,0,20
BRDA:329,101,1,17
BRDA:329,101,2,3
BRDA:334,102,0,14
BRDA:334,102,1,10
BRDA:335,103,0,11
BRDA:335,103,1,3
BRDA:337,104,0,6
BRDA:337,104,1,4
BRDA:338,105,0,5
BRDA:338,105,1,1
BRDA:347,106,0,7
BRDA:348,107,0,1
BRDA:348,107,1,6
BRDA:354,108,0,6
BRDA:354,108,1,1
BRDA:358,109,0,4
BRDA:358,109,1,0
BRDA:361,110,0,4
BRDA:361,110,1,0
BRDA:366,111,0,1
BRDA:366,111,1,5
BRDA:366,112,0,6
BRDA:366,112,1,5
BRDA:368,113,0,0
BRDA:368,113,1,1
BRDA:371,114,0,5
BRDA:371,114,1,0
BRDA:371,115,0,5
BRDA:371,115,1,5
BRDA:372,116,0,5
BRDA:372,116,1,5
BRDA:372,116,2,5
BRDA:373,117,0,0
BRDA:373,117,1,5
BRDA:373,118,0,0
BRDA:373,118,1,0
BRDA:375,119,0,5
BRDA:375,119,1,0
BRDA:382,120,0,5
BRDA:382,120,1,0
BRDA:391,121,0,1
BRDA:391,121,1,3
BRDA:392,122,0,4
BRDA:392,122,1,1
BRDA:392,122,2,1
BRDA:397,123,0,1
BRDA:397,123,1,0
BRDA:400,124,0,1
BRDA:400,124,1,0
BRDA:407,125,0,1
BRDA:407,125,1,4
BRDA:407,126,0,5
BRDA:407,126,1,1
BRDA:409,127,0,0
BRDA:409,127,1,4
BRDA:409,128,0,4
BRDA:409,128,1,0
BRDA:414,129,0,5
BRDA:414,129,1,0
BRDA:416,130,0,5
BRDA:416,130,1,5
BRDA:417,131,0,5
BRDA:417,131,1,5
BRDA:423,132,0,1
BRDA:423,132,1,4
BRDA:430,133,0,2
BRDA:430,133,1,2
BRDA:438,134,0,2
BRDA:438,134,1,2
BRDA:457,135,0,2
BRDA:457,135,1,1
BRDA:457,136,0,3
BRDA:457,136,1,2
BRDA:488,137,0,0
BRDA:488,137,1,0
BRDA:502,138,0,0
BRDA:502,138,1,0
BRDA:503,139,0,0
BRDA:503,139,1,0
BRDA:506,140,0,0
BRDA:506,140,1,0
BRDA:527,141,0,4
BRDA:527,141,1,16
BRDA:539,142,0,3
BRDA:540,143,0,10
BRDA:540,143,1,0
BRDA:540,144,0,10
BRDA:540,144,1,10
BRDA:546,145,0,1
BRDA:546,145,1,9
BRDA:550,146,0,1
BRDA:550,146,1,9
BRDA:551,147,0,1
BRDA:551,147,1,0
BRDA:575,148,0,7
BRDA:575,148,1,0
BRDA:575,149,0,7
BRDA:575,149,1,7
BRDA:578,150,0,7
BRDA:578,150,1,6
BRDA:579,151,0,5
BRDA:579,151,1,1
BRDA:588,152,0,7
BRDA:588,152,1,6
BRDA:591,153,0,6
BRDA:591,153,1,0
BRDA:596,154,0,1
BRDA:596,154,1,0
BRDA:602,155,0,1
BRDA:602,155,1,1
BRDA:618,156,0,1
BRDA:618,156,1,3
BRDA:619,157,0,1
BRDA:619,157,1,0
BRDA:636,158,0,1
BRDA:636,158,1,0
BRDA:636,159,0,1
BRDA:636,159,1,1
BRDA:640,160,0,1
BRDA:640,160,1,1
BRDA:655,161,0,2
BRDA:657,162,0,1
BRDA:657,162,1,2
BRDA:658,163,0,3
BRDA:658,163,1,3
BRDA:658,163,2,3
BRDA:658,163,3,3
BRDA:666,164,0,2
BRDA:666,164,1,0
BRDA:666,165,0,2
BRDA:666,165,1,2
BRDA:667,166,0,2
BRDA:667,166,1,1
BRDA:667,167,0,1
BRDA:667,167,1,0
BRDA:671,168,0,2
BRDA:671,168,1,0
BRDA:671,169,0,2
BRDA:671,169,1,2
BRDA:671,169,2,2
BRDA:673,170,0,1
BRDA:673,170,1,1
BRDA:675,171,0,1
BRDA:675,171,1,0
BRDA:676,172,0,1
BRDA:676,172,1,0
BRDA:677,173,0,1
BRDA:677,173,1,1
BRDA:678,174,0,1
BRDA:678,174,1,1
BRDA:723,175,0,6
BRDA:723,175,1,3
BRDA:732,176,0,2
BRDA:732,176,1,7
BRDA:732,177,0,9
BRDA:732,177,1,2
BRDA:732,177,2,0
BRDA:732,177,3,2
BRDA:737,178,0,1
BRDA:737,178,1,1
BRDA:737,179,0,2
BRDA:737,179,1,1
BRDA:737,179,2,1
BRDA:743,180,0,0
BRDA:743,180,1,1
BRDA:743,181,0,1
BRDA:743,181,1,1
BRDA:749,182,0,0
BRDA:749,182,1,0
BRDA:755,183,0,0
BRDA:755,183,1,2
BRDA:767,184,0,5
BRDA:767,184,1,2
BRDA:767,185,0,7
BRDA:767,185,1,6
BRDA:767,185,2,6
BRDA:771,186,0,1
BRDA:771,186,1,4
BRDA:771,187,0,5
BRDA:771,187,1,5
BRDA:772,188,0,1
BRDA:772,188,1,0
BRDA:776,189,0,1
BRDA:776,189,1,0
BRDA:777,190,0,1
BRDA:777,190,1,1
BRDA:787,191,0,4
BRDA:787,191,1,0
BRDA:797,192,0,3
BRDA:797,192,1,1
BRDA:812,193,0,1
BRDA:812,193,1,1
BRDA:812,194,0,2
BRDA:812,194,1,1
BRDA:812,194,2,1
BRDA:829,195,0,3
BRDA:829,195,1,1
BRDA:829,196,0,4
BRDA:829,196,1,4
BRDA:831,197,0,2
BRDA:831,197,1,1
BRDA:831,198,0,3
BRDA:831,198,1,3
BRDA:832,199,0,1
BRDA:832,199,1,1
BRDA:833,200,0,2
BRDA:833,200,1,1
BRDA:833,200,2,1
BRDA:839,201,0,1
BRDA:839,201,1,0
BRDA:839,202,0,1
BRDA:839,202,1,1
BRDA:841,203,0,1
BRDA:841,203,1,0
BRDA:847,204,0,1
BRDA:847,204,1,0
BRDA:847,205,0,1
BRDA:847,205,1,1
BRDA:855,206,0,1
BRDA:855,206,1,0
BRDA:855,207,0,1
BRDA:855,207,1,1
BRDA:857,208,0,1
BRDA:857,208,1,0
BRDA:857,209,0,1
BRDA:857,209,1,1
BRDA:859,210,0,1
BRDA:859,210,1,0
BRDA:861,211,0,1
BRDA:861,211,1,1
BRDA:878,212,0,1
BRDA:878,212,1,1
BRDA:878,213,0,2
BRDA:878,213,1,2
BRDA:879,214,0,1
BRDA:879,214,1,0
BRDA:879,215,0,1
BRDA:879,215,1,1
BRDA:886,216,0,1
BRDA:886,216,1,0
BRDA:886,217,0,1
BRDA:886,217,1,1
BRDA:886,217,2,1
BRDA:886,217,3,1
BRDA:888,218,0,1
BRDA:888,218,1,0
BRDA:888,219,0,1
BRDA:888,219,1,1
BRDA:901,220,0,2
BRDA:901,220,1,0
BRDA:903,221,0,1
BRDA:903,221,1,1
BRDA:913,222,0,2
BRDA:913,222,1,0
BRDA:994,223,0,2
BRDA:994,223,1,0
BRDA:1000,224,0,1
BRDA:1000,224,1,1
BRDA:1008,225,0,1
BRDA:1008,225,1,0
BRDA:1013,226,0,1
BRDA:1013,226,1,0
BRDA:1022,227,0,1
BRDA:1022,227,1,0
BRDA:1027,228,0,1
BRDA:1027,228,1,0
BRDA:1048,229,0,1
BRDA:1048,229,1,1
BRDA:1048,230,0,2
BRDA:1048,230,1,1
BRDA:1056,231,0,1
BRDA:1056,231,1,0
BRDA:1065,232,0,1
BRDA:1065,232,1,0
BRDA:1084,233,0,0
BRDA:1084,234,0,0
BRDA:1086,235,0,1
BRDA:1086,235,1,2
BRDA:1088,236,0,1
BRDA:1088,236,1,0
BRDA:1101,237,0,1
BRDA:1101,237,1,0
BRDA:1105,238,0,1
BRDA:1105,238,1,0
BRDA:1118,239,0,0
BRDA:1120,240,0,1
BRDA:1120,240,1,2
BRDA:1134,241,0,1
BRDA:1134,241,1,0
BRDA:1149,242,0,2
BRDA:1150,243,0,1
BRDA:1150,243,1,1
BRDA:1151,244,0,1
BRDA:1151,244,1,0
BRDA:1157,245,0,2
BRDA:1158,246,0,1
BRDA:1158,246,1,1
BRDA:1159,247,0,1
BRDA:1159,247,1,0
BRDA:1165,248,0,2
BRDA:1166,249,0,1
BRDA:1166,249,1,1
BRDA:1167,250,0,1
BRDA:1167,250,1,0
BRDA:1173,251,0,2
BRDA:1174,252,0,1
BRDA:1174,252,1,1
BRDA:1181,253,0,2
BRDA:1182,254,0,1
BRDA:1182,254,1,1
BRDA:1189,255,0,2
BRDA:1190,256,0,1
BRDA:1190,256,1,1
BRDA:1198,257,0,1
BRDA:1198,257,1,1
BRDA:1206,258,0,1
BRDA:1206,258,1,1
BRDA:1213,259,0,1
BRDA:1214,260,0,1
BRDA:1214,260,1,3
BRDA:1220,261,0,2
BRDA:1220,261,1,1
BRDA:1221,262,0,2
BRDA:1221,262,1,0
BRDA:1221,263,0,2
BRDA:1221,263,1,2
BRDA:1226,264,0,1
BRDA:1226,264,1,1
BRDA:1230,265,0,1
BRDA:1230,265,1,1
BRDA:1234,266,0,2
BRDA:1234,266,1,0
BRDA:1234,267,0,2
BRDA:1234,267,1,2
BRDA:1256,268,0,0
BRDA:1259,269,0,2
BRDA:1263,270,0,5
BRDA:1265,271,0,1
BRDA:1265,271,1,4
BRDA:1269,272,0,1
BRDA:1269,272,1,3
BRDA:1273,273,0,3
BRDA:1273,273,1,0
BRDA:1274,274,0,3
BRDA:1274,274,1,3
BRDA:1274,274,2,2
BRDA:1275,275,0,3
BRDA:1275,275,1,2
BRDA:1277,276,0,1
BRDA:1277,276,1,2
BRDA:1277,277,0,3
BRDA:1277,277,1,3
BRDA:1300,278,0,1
BRDA:1300,278,1,1
BRDA:1300,279,0,2
BRDA:1300,279,1,1
BRDA:1307,280,0,1
BRDA:1307,280,1,1
BRDA:1317,281,0,3
BRDA:1317,281,1,0
BRDA:1362,282,0,1
BRDA:1362,282,1,2
BRDA:1373,283,0,1
BRDA:1373,283,1,0
BRDA:1394,284,0,1
BRDA:1394,284,1,2
BRDA:1402,285,0,1
BRDA:1402,285,1,0
BRF:582
BRH:450
end_of_record
TN:
SF:trading-ui/scripts/tag-events.js
FN:16,tagEventsFactory
FN:19,emit
FN:28,on
FN:31,(anonymous_3)
FN:35,(anonymous_4)
FN:38,(anonymous_5)
FN:41,(anonymous_6)
FN:44,(anonymous_7)
FN:47,(anonymous_8)
FN:50,(anonymous_9)
FN:53,(anonymous_10)
FN:56,(anonymous_11)
FNF:12
FNH:8
FNDA:2,tagEventsFactory
FNDA:2,emit
FNDA:2,on
FNDA:1,(anonymous_3)
FNDA:1,(anonymous_4)
FNDA:0,(anonymous_5)
FNDA:0,(anonymous_6)
FNDA:1,(anonymous_7)
FNDA:1,(anonymous_8)
FNDA:0,(anonymous_9)
FNDA:0,(anonymous_10)
FNDA:1,(anonymous_11)
DA:16,2
DA:17,2
DA:20,2
DA:21,2
DA:25,2
DA:29,2
DA:30,2
DA:31,2
DA:34,2
DA:36,1
DA:39,0
DA:42,0
DA:45,1
DA:48,1
DA:51,0
DA:54,0
DA:57,1
DA:61,2
LF:18
LH:14
BRDA:19,0,0,0
BRDA:35,1,0,0
BRF:2
BRH:0
end_of_record
TN:
SF:trading-ui/scripts/trades-adapter.js
FN:12,(anonymous_0)
FN:18,(anonymous_1)
FN:32,(anonymous_2)
FN:48,(anonymous_3)
FN:55,(anonymous_4)
FN:66,(anonymous_5)
FN:76,(anonymous_6)
FN:91,(anonymous_7)
FN:125,(anonymous_8)
FN:152,(anonymous_9)
FN:192,(anonymous_10)
FN:194,(anonymous_11)
FN:227,(anonymous_12)
FN:237,(anonymous_13)
FN:270,(anonymous_14)
FN:299,(anonymous_15)
FN:302,(anonymous_16)
FN:306,(anonymous_17)
FN:334,(anonymous_18)
FN:342,(anonymous_19)
FN:352,(anonymous_20)
FN:366,(anonymous_21)
FNF:22
FNH:21
FNDA:18,(anonymous_0)
FNDA:1,(anonymous_1)
FNDA:10,(anonymous_2)
FNDA:8,(anonymous_3)
FNDA:8,(anonymous_4)
FNDA:4,(anonymous_5)
FNDA:5,(anonymous_6)
FNDA:3,(anonymous_7)
FNDA:2,(anonymous_8)
FNDA:1,(anonymous_9)
FNDA:2,(anonymous_10)
FNDA:2,(anonymous_11)
FNDA:2,(anonymous_12)
FNDA:3,(anonymous_13)
FNDA:2,(anonymous_14)
FNDA:2,(anonymous_15)
FNDA:2,(anonymous_16)
FNDA:2,(anonymous_17)
FNDA:3,(anonymous_18)
FNDA:1,(anonymous_19)
FNDA:1,(anonymous_20)
FNDA:0,(anonymous_21)
DA:10,5
DA:12,5
DA:13,18
DA:14,18
DA:18,5
DA:19,1
DA:20,1
DA:22,1
DA:25,5
DA:33,10
DA:34,10
DA:35,10
DA:36,10
DA:37,10
DA:38,10
DA:49,8
DA:50,0
DA:52,8
DA:56,8
DA:57,2
DA:59,8
DA:60,0
DA:62,8
DA:63,8
DA:67,4
DA:68,4
DA:69,4
DA:77,5
DA:78,5
DA:79,5
DA:81,0
DA:92,3
DA:93,3
DA:96,3
DA:97,1
DA:98,1
DA:99,1
DA:104,2
DA:107,1
DA:112,1
DA:114,1
DA:115,1
DA:126,2
DA:127,2
DA:134,2
DA:135,1
DA:138,1
DA:139,1
DA:141,1
DA:142,1
DA:153,1
DA:154,1
DA:155,0
DA:158,1
DA:159,1
DA:160,1
DA:163,1
DA:166,1
DA:169,1
DA:172,1
DA:174,1
DA:181,0
DA:182,0
DA:193,2
DA:194,2
DA:195,2
DA:196,2
DA:199,2
DA:201,2
DA:228,2
DA:229,2
DA:230,2
DA:231,2
DA:232,2
DA:233,2
DA:234,2
DA:236,2
DA:237,3
DA:271,2
DA:272,2
DA:300,2
DA:301,2
DA:302,2
DA:303,2
DA:305,2
DA:306,2
DA:335,3
DA:343,1
DA:344,1
DA:353,1
DA:362,5
DA:365,5
DA:366,0
DA:367,0
DA:368,0
DA:371,5
DA:372,5
DA:375,5
LF:98
LH:89
BRDA:12,0,0,16
BRDA:13,1,0,18
BRDA:13,1,1,0
BRDA:13,2,0,18
BRDA:13,2,1,18
BRDA:13,2,2,18
BRDA:19,3,0,1
BRDA:19,3,1,0
BRDA:19,4,0,1
BRDA:19,4,1,1
BRDA:49,5,0,0
BRDA:49,5,1,8
BRDA:56,6,0,2
BRDA:56,6,1,6
BRDA:59,7,0,0
BRDA:59,7,1,8
BRDA:67,8,0,4
BRDA:67,8,1,0
BRDA:91,9,0,1
BRDA:96,10,0,1
BRDA:96,10,1,2
BRDA:98,11,0,1
BRDA:98,11,1,0
BRDA:125,12,0,0
BRDA:134,13,0,1
BRDA:134,13,1,1
BRDA:154,14,0,0
BRDA:154,14,1,1
BRDA:154,15,0,1
BRDA:154,15,1,1
BRDA:158,16,0,1
BRDA:158,16,1,0
BRDA:159,17,0,1
BRDA:159,17,1,0
BRDA:160,18,0,1
BRDA:160,18,1,0
BRDA:195,19,0,2
BRDA:195,19,1,2
BRDA:207,20,0,2
BRDA:207,20,1,0
BRDA:208,21,0,2
BRDA:208,21,1,0
BRDA:209,22,0,2
BRDA:209,22,1,0
BRDA:228,23,0,2
BRDA:228,23,1,0
BRDA:229,24,0,2
BRDA:229,24,1,0
BRDA:230,25,0,2
BRDA:230,25,1,0
BRDA:232,26,0,2
BRDA:232,26,1,0
BRDA:233,27,0,2
BRDA:233,27,1,0
BRDA:234,28,0,2
BRDA:234,28,1,0
BRDA:277,29,0,2
BRDA:277,29,1,0
BRDA:278,30,0,2
BRDA:278,30,1,1
BRDA:279,31,0,2
BRDA:279,31,1,2
BRDA:282,32,0,2
BRDA:282,32,1,0
BRDA:283,33,0,2
BRDA:283,33,1,0
BRDA:284,34,0,2
BRDA:284,34,1,0
BRDA:300,35,0,2
BRDA:300,35,1,0
BRDA:302,36,0,2
BRDA:302,36,1,1
BRDA:312,37,0,2
BRDA:312,37,1,0
BRDA:320,38,0,2
BRDA:320,38,1,0
BRDA:365,39,0,0
BRDA:365,39,1,5
BRF:78
BRH:50
end_of_record
TN:
SF:trading-ui/scripts/charts/adapters/performance-adapter.js
FN:12,(anonymous_0)
FN:18,(anonymous_1)
FN:32,(anonymous_2)
FN:44,(anonymous_3)
FN:62,(anonymous_4)
FN:116,(anonymous_5)
FN:141,(anonymous_6)
FN:151,(anonymous_7)
FNF:8
FNH:6
FNDA:15,(anonymous_0)
FNDA:2,(anonymous_1)
FNDA:4,(anonymous_2)
FNDA:1,(anonymous_3)
FNDA:4,(anonymous_4)
FNDA:1,(anonymous_5)
FNDA:0,(anonymous_6)
FNDA:0,(anonymous_7)
DA:10,4
DA:12,4
DA:13,15
DA:14,15
DA:18,4
DA:19,2
DA:20,2
DA:22,2
DA:25,4
DA:33,4
DA:34,4
DA:35,4
DA:36,4
DA:45,1
DA:46,0
DA:53,1
DA:63,4
DA:64,4
DA:67,4
DA:68,1
DA:69,1
DA:72,3
DA:73,3
DA:74,3
DA:75,3
DA:76,3
DA:81,3
DA:82,1
DA:85,2
DA:86,2
DA:88,2
DA:89,1
DA:92,1
DA:97,1
DA:102,1
DA:103,1
DA:105,2
DA:106,2
DA:117,1
DA:119,1
DA:142,0
DA:143,0
DA:152,0
DA:160,4
DA:162,4
LF:45
LH:41
BRDA:12,0,0,8
BRDA:13,1,0,15
BRDA:13,1,1,0
BRDA:13,2,0,15
BRDA:13,2,1,15
BRDA:13,2,2,15
BRDA:19,3,0,2
BRDA:19,3,1,0
BRDA:19,4,0,2
BRDA:19,4,1,2
BRDA:32,5,0,4
BRDA:33,6,0,4
BRDA:33,6,1,4
BRDA:35,7,0,4
BRDA:35,7,1,4
BRDA:45,8,0,0
BRDA:45,8,1,1
BRDA:62,9,0,2
BRDA:67,10,0,1
BRDA:67,10,1,3
BRDA:67,11,0,4
BRDA:67,11,1,1
BRDA:73,12,0,1
BRDA:73,12,1,2
BRDA:81,13,0,1
BRDA:81,13,1,2
BRDA:86,14,0,2
BRDA:86,14,1,1
BRDA:88,15,0,1
BRDA:88,15,1,1
BRDA:88,16,0,2
BRDA:88,16,1,2
BRDA:88,16,2,1
BRDA:120,17,0,1
BRDA:120,17,1,0
BRDA:123,18,0,1
BRDA:123,18,1,0
BRF:37
BRH:32
end_of_record
TN:
SF:trading-ui/scripts/charts/adapters/trades-adapter.js
FN:12,(anonymous_0)
FN:18,(anonymous_1)
FN:28,(anonymous_2)
FN:42,(anonymous_3)
FN:49,(anonymous_4)
FN:60,(anonymous_5)
FN:74,(anonymous_6)
FN:116,(anonymous_7)
FN:121,(anonymous_8)
FN:154,(anonymous_9)
FN:159,(anonymous_10)
FN:192,(anonymous_11)
FN:198,(anonymous_12)
FN:216,(anonymous_13)
FN:217,(anonymous_14)
FN:250,(anonymous_15)
FN:263,(anonymous_16)
FN:277,(anonymous_17)
FN:278,(anonymous_18)
FN:279,(anonymous_19)
FN:280,(anonymous_20)
FNF:21
FNH:21
FNDA:18,(anonymous_0)
FNDA:3,(anonymous_1)
FNDA:9,(anonymous_2)
FNDA:9,(anonymous_3)
FNDA:6,(anonymous_4)
FNDA:3,(anonymous_5)
FNDA:5,(anonymous_6)
FNDA:5,(anonymous_7)
FNDA:7,(anonymous_8)
FNDA:3,(anonymous_9)
FNDA:4,(anonymous_10)
FNDA:4,(anonymous_11)
FNDA:6,(anonymous_12)
FNDA:5,(anonymous_13)
FNDA:5,(anonymous_14)
FNDA:4,(anonymous_15)
FNDA:3,(anonymous_16)
FNDA:4,(anonymous_17)
FNDA:4,(anonymous_18)
FNDA:4,(anonymous_19)
FNDA:4,(anonymous_20)
DA:10,9
DA:12,9
DA:13,18
DA:14,18
DA:18,9
DA:19,3
DA:20,3
DA:22,3
DA:25,9
DA:29,9
DA:30,9
DA:31,9
DA:32,9
DA:43,9
DA:44,7
DA:46,2
DA:50,6
DA:51,3
DA:53,6
DA:54,4
DA:56,2
DA:57,2
DA:61,3
DA:62,0
DA:64,3
DA:65,3
DA:66,1
DA:67,2
DA:68,1
DA:70,3
DA:71,3
DA:75,5
DA:76,5
DA:79,5
DA:80,1
DA:81,1
DA:82,1
DA:83,1
DA:87,4
DA:88,4
DA:89,4
DA:90,3
DA:91,1
DA:93,2
DA:95,2
DA:96,1
DA:100,1
DA:105,1
DA:109,1
DA:111,3
DA:112,3
DA:117,5
DA:118,1
DA:121,4
DA:122,7
DA:123,7
DA:124,7
DA:127,4
DA:128,4
DA:130,4
DA:132,4
DA:155,3
DA:156,1
DA:159,2
DA:160,4
DA:161,4
DA:162,4
DA:165,2
DA:166,2
DA:168,2
DA:170,2
DA:193,4
DA:194,1
DA:198,3
DA:199,6
DA:200,0
DA:202,6
DA:203,6
DA:204,1
DA:206,5
DA:207,5
DA:208,5
DA:210,5
DA:211,5
DA:212,5
DA:215,3
DA:216,5
DA:217,5
DA:219,3
DA:220,3
DA:221,3
DA:222,3
DA:223,3
DA:225,3
DA:251,4
DA:253,1
DA:255,1
DA:257,1
DA:259,1
DA:264,3
DA:265,3
DA:266,1
DA:276,2
DA:277,4
DA:278,4
DA:279,4
DA:280,4
DA:281,2
DA:283,2
DA:294,9
LF:110
LH:108
BRDA:12,0,0,9
BRDA:13,1,0,18
BRDA:13,1,1,0
BRDA:13,2,0,18
BRDA:13,2,1,18
BRDA:13,2,2,18
BRDA:19,3,0,3
BRDA:19,3,1,0
BRDA:19,4,0,3
BRDA:19,4,1,3
BRDA:28,5,0,9
BRDA:29,6,0,9
BRDA:29,6,1,9
BRDA:43,7,0,7
BRDA:43,7,1,2
BRDA:50,8,0,3
BRDA:50,8,1,3
BRDA:53,9,0,4
BRDA:53,9,1,2
BRDA:61,10,0,0
BRDA:61,10,1,3
BRDA:61,11,0,3
BRDA:61,11,1,3
BRDA:65,12,0,1
BRDA:65,12,1,2
BRDA:67,13,0,1
BRDA:67,13,1,1
BRDA:74,14,0,3
BRDA:79,15,0,1
BRDA:79,15,1,4
BRDA:81,16,0,1
BRDA:81,16,1,0
BRDA:90,17,0,1
BRDA:90,17,1,2
BRDA:95,18,0,1
BRDA:95,18,1,1
BRDA:95,19,0,2
BRDA:95,19,1,1
BRDA:107,20,0,1
BRDA:107,20,1,0
BRDA:117,21,0,1
BRDA:117,21,1,4
BRDA:117,22,0,5
BRDA:117,22,1,4
BRDA:122,23,0,7
BRDA:122,23,1,0
BRDA:123,24,0,7
BRDA:123,24,1,6
BRDA:138,25,0,4
BRDA:138,25,1,0
BRDA:139,26,0,4
BRDA:139,26,1,0
BRDA:140,27,0,4
BRDA:140,27,1,0
BRDA:141,28,0,4
BRDA:141,28,1,0
BRDA:144,29,0,4
BRDA:144,29,1,0
BRDA:145,30,0,4
BRDA:145,30,1,0
BRDA:146,31,0,4
BRDA:146,31,1,0
BRDA:147,32,0,4
BRDA:147,32,1,0
BRDA:155,33,0,1
BRDA:155,33,1,2
BRDA:155,34,0,3
BRDA:155,34,1,2
BRDA:160,35,0,4
BRDA:160,35,1,1
BRDA:161,36,0,4
BRDA:161,36,1,3
BRDA:176,37,0,2
BRDA:176,37,1,0
BRDA:177,38,0,2
BRDA:177,38,1,0
BRDA:178,39,0,2
BRDA:178,39,1,0
BRDA:179,40,0,2
BRDA:179,40,1,0
BRDA:182,41,0,2
BRDA:182,41,1,0
BRDA:183,42,0,2
BRDA:183,42,1,0
BRDA:184,43,0,2
BRDA:184,43,1,0
BRDA:185,44,0,2
BRDA:185,44,1,0
BRDA:193,45,0,1
BRDA:193,45,1,3
BRDA:193,46,0,4
BRDA:193,46,1,3
BRDA:199,47,0,0
BRDA:199,47,1,6
BRDA:203,48,0,1
BRDA:203,48,1,5
BRDA:207,49,0,5
BRDA:207,49,1,0
BRDA:210,50,0,5
BRDA:210,50,1,0
BRDA:220,51,0,3
BRDA:220,51,1,0
BRDA:221,52,0,3
BRDA:221,52,1,0
BRDA:250,53,0,0
BRDA:251,54,0,1
BRDA:251,54,1,1
BRDA:251,54,2,1
BRDA:251,54,3,1
BRDA:265,55,0,1
BRDA:265,55,1,2
BRDA:280,56,0,4
BRDA:280,56,1,0
BRDA:281,57,0,2
BRDA:281,57,1,0
BRF:115
BRH:85
end_of_record
TN:
SF:trading-ui/scripts/services/table-sort-value-adapter.js
FN:33,(anonymous_0)
FN:59,(anonymous_1)
FN:87,(anonymous_2)
FN:109,(anonymous_3)
FN:134,(anonymous_4)
FN:141,(anonymous_5)
FN:150,(anonymous_6)
FN:161,(anonymous_7)
FN:166,(anonymous_8)
FN:176,(anonymous_9)
FN:180,(anonymous_10)
FN:188,(anonymous_11)
FNF:12
FNH:12
FNDA:36,(anonymous_0)
FNDA:36,(anonymous_1)
FNDA:7,(anonymous_2)
FNDA:11,(anonymous_3)
FNDA:4,(anonymous_4)
FNDA:3,(anonymous_5)
FNDA:4,(anonymous_6)
FNDA:8,(anonymous_7)
FNDA:3,(anonymous_8)
FNDA:4,(anonymous_9)
FNDA:10,(anonymous_10)
FNDA:55,(anonymous_11)
DA:34,36
DA:35,36
DA:37,36
DA:39,6
DA:41,11
DA:43,2
DA:45,3
DA:47,4
DA:49,7
DA:51,3
DA:60,36
DA:61,27
DA:64,9
DA:65,2
DA:67,7
DA:68,1
DA:70,6
DA:71,1
DA:73,5
DA:75,4
DA:76,1
DA:78,3
DA:79,1
DA:81,2
DA:84,1
DA:88,7
DA:89,2
DA:92,5
DA:93,1
DA:96,4
DA:97,2
DA:98,2
DA:102,2
DA:103,1
DA:106,1
DA:110,11
DA:112,11
DA:113,1
DA:116,10
DA:117,8
DA:118,8
DA:121,8
DA:122,8
DA:123,8
DA:124,8
DA:127,2
DA:128,1
DA:131,1
DA:135,4
DA:136,3
DA:138,1
DA:142,3
DA:143,1
DA:146,2
DA:147,2
DA:151,4
DA:152,3
DA:153,3
DA:154,3
DA:155,3
DA:156,2
DA:158,1
DA:162,8
DA:163,8
DA:167,3
DA:168,1
DA:170,2
DA:171,1
DA:173,1
DA:177,4
DA:181,10
DA:182,4
DA:183,4
DA:184,2
DA:185,1
DA:189,55
DA:194,103
DA:195,103
DA:196,103
LF:79
LH:79
BRDA:33,0,0,0
BRDA:33,1,0,9
BRDA:34,2,0,3
BRDA:34,2,1,33
BRDA:37,3,0,6
BRDA:37,3,1,11
BRDA:37,3,2,2
BRDA:37,3,3,3
BRDA:37,3,4,4
BRDA:37,3,5,7
BRDA:37,3,6,3
BRDA:60,4,0,27
BRDA:60,4,1,9
BRDA:60,5,0,36
BRDA:60,5,1,36
BRDA:64,6,0,2
BRDA:64,6,1,7
BRDA:67,7,0,1
BRDA:67,7,1,6
BRDA:70,8,0,1
BRDA:70,8,1,5
BRDA:73,9,0,4
BRDA:73,9,1,1
BRDA:75,10,0,1
BRDA:75,10,1,3
BRDA:78,11,0,1
BRDA:78,11,1,2
BRDA:78,12,0,3
BRDA:78,12,1,1
BRDA:88,13,0,2
BRDA:88,13,1,5
BRDA:88,14,0,7
BRDA:88,14,1,5
BRDA:92,15,0,1
BRDA:92,15,1,4
BRDA:92,16,0,5
BRDA:92,16,1,1
BRDA:96,17,0,2
BRDA:96,17,1,2
BRDA:98,18,0,1
BRDA:98,18,1,1
BRDA:102,19,0,1
BRDA:102,19,1,1
BRDA:102,20,0,2
BRDA:102,20,1,1
BRDA:110,21,0,0
BRDA:110,21,1,11
BRDA:112,22,0,1
BRDA:112,22,1,10
BRDA:112,23,0,11
BRDA:112,23,1,1
BRDA:116,24,0,8
BRDA:116,24,1,2
BRDA:118,25,0,0
BRDA:118,25,1,8
BRDA:122,26,0,8
BRDA:122,26,1,0
BRDA:124,27,0,0
BRDA:124,27,1,8
BRDA:127,28,0,1
BRDA:127,28,1,1
BRDA:135,29,0,3
BRDA:135,29,1,1
BRDA:135,30,0,4
BRDA:135,30,1,3
BRDA:142,31,0,1
BRDA:142,31,1,2
BRDA:147,32,0,1
BRDA:147,32,1,1
BRDA:151,33,0,1
BRDA:151,33,1,3
BRDA:152,34,0,0
BRDA:152,34,1,3
BRDA:153,35,0,3
BRDA:153,35,1,0
BRDA:155,36,0,1
BRDA:155,36,1,2
BRDA:156,37,0,1
BRDA:156,37,1,1
BRDA:162,38,0,0
BRDA:162,38,1,8
BRDA:167,39,0,1
BRDA:167,39,1,2
BRDA:170,40,0,1
BRDA:170,40,1,1
BRDA:173,41,0,1
BRDA:173,41,1,0
BRDA:177,42,0,4
BRDA:177,42,1,3
BRDA:181,43,0,6
BRDA:181,43,1,4
BRDA:181,44,0,10
BRDA:181,44,1,10
BRDA:182,45,0,0
BRDA:182,45,1,4
BRDA:183,46,0,2
BRDA:183,46,1,2
BRDA:184,47,0,1
BRDA:184,47,1,1
BRDA:189,48,0,55
BRDA:189,48,1,53
BRDA:194,49,0,103
BRDA:194,49,1,0
BRF:103
BRH:92
end_of_record
TN:
SF:trading-ui/scripts/services/tag-service.js
FN:20,tagServiceFactory
FN:25,(anonymous_1)
FN:26,(anonymous_2)
FN:27,(anonymous_3)
FN:29,(anonymous_4)
FN:40,requestJSON
FN:50,(anonymous_6)
FN:63,getCached
FN:75,setCached
FN:89,removeCached
FN:104,fetchCategories
FN:123,createCategory
FN:140,updateCategory
FN:156,deleteCategory
FN:170,fetchTags
FN:194,createTag
FN:205,updateTag
FN:216,deleteTag
FN:224,loadEntityTags
FN:238,normalizeTagIds
FN:243,(anonymous_20)
FN:256,formatTagErrorMessage
FN:264,replaceEntityTags
FN:284,removeTagFromEntity
FN:307,getSuggestions
FN:329,getTagUsage
FN:346,getAnalytics
FN:361,getTagCloudData
FN:380,searchTags
FN:409,getSmartSuggestions
FN:434,invalidateEntity
FN:446,clearCache
FNF:32
FNH:29
FNDA:24,tagServiceFactory
FNDA:9,(anonymous_1)
FNDA:5,(anonymous_2)
FNDA:9,(anonymous_3)
FNDA:7,(anonymous_4)
FNDA:17,requestJSON
FNDA:0,(anonymous_6)
FNDA:6,getCached
FNDA:8,setCached
FNDA:40,removeCached
FNDA:3,fetchCategories
FNDA:1,createCategory
FNDA:1,updateCategory
FNDA:1,deleteCategory
FNDA:1,fetchTags
FNDA:1,createTag
FNDA:1,updateTag
FNDA:1,deleteTag
FNDA:2,loadEntityTags
FNDA:1,normalizeTagIds
FNDA:2,(anonymous_20)
FNDA:0,formatTagErrorMessage
FNDA:1,replaceEntityTags
FNDA:1,removeTagFromEntity
FNDA:3,getSuggestions
FNDA:0,getTagUsage
FNDA:2,getAnalytics
FNDA:2,getTagCloudData
FNDA:1,searchTags
FNDA:1,getSmartSuggestions
FNDA:3,invalidateEntity
FNDA:1,clearCache
DA:20,24
DA:21,24
DA:22,24
DA:25,9
DA:26,5
DA:27,9
DA:29,7
DA:31,24
DA:32,24
DA:41,17
DA:50,17
DA:51,17
DA:52,1
DA:53,1
DA:55,16
DA:64,6
DA:65,6
DA:67,0
DA:76,8
DA:77,8
DA:78,8
DA:80,1
DA:90,40
DA:91,40
DA:92,40
DA:94,1
DA:105,3
DA:106,3
DA:107,2
DA:108,2
DA:109,1
DA:113,2
DA:114,1
DA:115,1
DA:124,1
DA:128,1
DA:129,1
DA:130,1
DA:131,1
DA:141,1
DA:145,1
DA:146,1
DA:147,1
DA:148,1
DA:157,1
DA:158,1
DA:159,1
DA:160,1
DA:161,1
DA:162,1
DA:171,1
DA:172,1
DA:174,1
DA:175,0
DA:176,0
DA:177,0
DA:181,1
DA:182,1
DA:183,1
DA:185,1
DA:186,1
DA:189,1
DA:190,1
DA:191,1
DA:195,1
DA:199,1
DA:200,1
DA:201,1
DA:202,1
DA:206,1
DA:210,1
DA:211,1
DA:212,1
DA:213,1
DA:217,1
DA:218,1
DA:219,1
DA:220,1
DA:221,1
DA:225,2
DA:226,2
DA:227,1
DA:228,1
DA:229,1
DA:233,1
DA:234,1
DA:235,1
DA:239,1
DA:240,0
DA:242,1
DA:244,2
DA:245,2
DA:247,0
DA:248,0
DA:249,0
DA:251,0
DA:257,0
DA:258,0
DA:259,0
DA:261,0
DA:265,1
DA:266,1
DA:274,1
DA:275,1
DA:281,1
DA:285,1
DA:286,1
DA:287,0
DA:289,1
DA:297,1
DA:298,1
DA:304,1
DA:308,3
DA:309,3
DA:310,1
DA:311,1
DA:312,1
DA:316,2
DA:317,2
DA:318,2
DA:320,2
DA:321,2
DA:324,2
DA:325,2
DA:326,2
DA:330,0
DA:331,0
DA:332,0
DA:335,0
DA:336,0
DA:337,0
DA:340,0
DA:341,0
DA:343,0
DA:347,2
DA:348,2
DA:349,1
DA:350,1
DA:351,1
DA:355,1
DA:356,1
DA:357,1
DA:358,1
DA:362,2
DA:363,2
DA:364,1
DA:365,1
DA:366,1
DA:370,1
DA:371,1
DA:372,1
DA:375,1
DA:376,1
DA:377,1
DA:381,1
DA:382,1
DA:383,1
DA:386,0
DA:387,0
DA:388,0
DA:389,0
DA:390,0
DA:393,0
DA:394,0
DA:395,0
DA:397,0
DA:398,0
DA:400,0
DA:401,0
DA:404,0
DA:405,0
DA:406,0
DA:410,1
DA:411,1
DA:412,0
DA:413,0
DA:414,0
DA:418,1
DA:419,1
DA:420,1
DA:422,1
DA:423,1
DA:425,1
DA:426,1
DA:429,1
DA:430,1
DA:431,1
DA:435,3
DA:436,3
DA:437,3
DA:438,3
DA:439,3
DA:440,3
DA:441,3
DA:442,3
DA:443,3
DA:447,1
DA:448,1
DA:449,1
DA:452,24
LF:200
LH:159
BRDA:25,0,0,0
BRDA:27,1,0,0
BRDA:29,2,0,0
BRDA:29,3,0,0
BRDA:40,4,0,9
BRDA:51,5,0,1
BRDA:51,5,1,16
BRDA:52,6,0,1
BRDA:52,6,1,0
BRDA:55,7,0,16
BRDA:55,7,1,0
BRDA:64,8,0,6
BRDA:64,8,1,0
BRDA:64,9,0,6
BRDA:64,9,1,6
BRDA:76,10,0,8
BRDA:76,10,1,0
BRDA:76,11,0,8
BRDA:76,11,1,8
BRDA:90,12,0,40
BRDA:90,12,1,0
BRDA:90,13,0,40
BRDA:90,13,1,40
BRDA:104,14,0,2
BRDA:106,15,0,2
BRDA:106,15,1,1
BRDA:108,16,0,1
BRDA:108,16,1,1
BRDA:170,17,0,0
BRDA:171,18,0,0
BRDA:171,19,0,0
BRDA:171,20,0,0
BRDA:172,21,0,1
BRDA:172,21,1,0
BRDA:174,22,0,0
BRDA:174,22,1,1
BRDA:176,23,0,0
BRDA:176,23,1,0
BRDA:182,24,0,1
BRDA:182,24,1,0
BRDA:182,25,0,1
BRDA:182,25,1,1
BRDA:185,26,0,1
BRDA:185,26,1,0
BRDA:199,27,0,1
BRDA:199,27,1,0
BRDA:210,28,0,1
BRDA:210,28,1,0
BRDA:216,29,0,0
BRDA:216,30,0,0
BRDA:224,31,0,1
BRDA:224,32,0,1
BRDA:226,33,0,1
BRDA:226,33,1,1
BRDA:228,34,0,1
BRDA:228,34,1,0
BRDA:239,35,0,0
BRDA:239,35,1,1
BRDA:244,36,0,2
BRDA:244,36,1,0
BRDA:245,37,0,2
BRDA:245,37,1,0
BRDA:247,38,0,0
BRDA:247,38,1,0
BRDA:247,39,0,0
BRDA:247,39,1,0
BRDA:249,40,0,0
BRDA:249,40,1,0
BRDA:258,41,0,0
BRDA:258,41,1,0
BRDA:258,42,0,0
BRDA:258,42,1,0
BRDA:286,43,0,0
BRDA:286,43,1,1
BRDA:307,44,0,0
BRDA:307,45,0,0
BRDA:307,46,0,0
BRDA:307,47,0,3
BRDA:308,48,0,3
BRDA:308,48,1,0
BRDA:309,49,0,1
BRDA:309,49,1,2
BRDA:311,50,0,1
BRDA:311,50,1,0
BRDA:317,51,0,2
BRDA:317,51,1,0
BRDA:320,52,0,2
BRDA:320,52,1,0
BRDA:329,53,0,0
BRDA:329,54,0,0
BRDA:331,55,0,0
BRDA:331,55,1,0
BRDA:336,56,0,0
BRDA:336,56,1,0
BRDA:336,57,0,0
BRDA:336,57,1,0
BRDA:341,58,0,0
BRDA:341,58,1,0
BRDA:346,59,0,1
BRDA:348,60,0,1
BRDA:348,60,1,1
BRDA:350,61,0,1
BRDA:350,61,1,0
BRDA:361,62,0,1
BRDA:361,63,0,1
BRDA:361,64,0,1
BRDA:363,65,0,1
BRDA:363,65,1,1
BRDA:365,66,0,1
BRDA:365,66,1,0
BRDA:371,67,0,1
BRDA:371,67,1,0
BRDA:380,68,0,0
BRDA:380,69,0,1
BRDA:380,70,0,1
BRDA:380,71,0,1
BRDA:381,72,0,1
BRDA:381,72,1,0
BRDA:382,73,0,1
BRDA:382,73,1,0
BRDA:386,74,0,0
BRDA:386,74,1,0
BRDA:386,75,0,0
BRDA:386,75,1,0
BRDA:389,76,0,0
BRDA:389,76,1,0
BRDA:389,77,0,0
BRDA:389,77,1,0
BRDA:394,78,0,0
BRDA:394,78,1,0
BRDA:397,79,0,0
BRDA:397,79,1,0
BRDA:400,80,0,0
BRDA:400,80,1,0
BRDA:409,81,0,0
BRDA:409,82,0,0
BRDA:409,83,0,0
BRDA:409,84,0,1
BRDA:409,85,0,0
BRDA:410,86,0,1
BRDA:410,86,1,0
BRDA:410,87,0,1
BRDA:410,87,1,0
BRDA:411,88,0,0
BRDA:411,88,1,1
BRDA:413,89,0,0
BRDA:413,89,1,0
BRDA:419,90,0,1
BRDA:419,90,1,0
BRDA:422,91,0,1
BRDA:422,91,1,0
BRDA:425,92,0,1
BRDA:425,92,1,0
BRDA:441,93,0,3
BRDA:441,93,1,0
BRDA:441,94,0,3
BRDA:441,94,1,0
BRF:157
BRH:68
end_of_record
